16:42:57 >>> Load task:TaskSysMonitor
16:42:57 >>> Load task:TaskRealTimeSearch
16:42:57 >>> Load task:TaskMosaicTimer
16:42:57 >>> Load task:TaskArchiveDataProc
16:42:57 >>> Load task:TaskBaseDataQCPro
16:42:57 >>> Load task:TaskVSToCartesain
16:42:57 >>> Load task:TaskMultiSiteMosaic
16:42:57 >>> Load task:MosaicDerivedProdProc
16:42:57 >>> InitInstance-no command line parameter
16:46:10 >>> Load task:TaskSysMonitor
16:46:10 >>> Load task:TaskRealTimeSearch
16:46:10 >>> Load task:TaskMosaicTimer
16:46:10 >>> Load task:TaskArchiveDataProc
16:46:10 >>> Load task:TaskBaseDataQCPro
16:46:10 >>> Load task:TaskVSToCartesain
16:46:10 >>> Load task:TaskMultiSiteMosaic
16:46:10 >>> Load task:MosaicDerivedProdProc
16:46:10 >>> InitInstance-no command line parameter
16:46:14 >>> Exit the program.
16:46:18 >>> Load task:TaskSysMonitor
16:46:18 >>> Load task:TaskRealTimeSearch
16:46:18 >>> Load task:TaskMosaicTimer
16:46:18 >>> Load task:TaskArchiveDataProc
16:46:18 >>> Load task:TaskBaseDataQCPro
16:46:18 >>> Load task:TaskVSToCartesain
16:46:18 >>> Load task:TaskMultiSiteMosaic
16:46:18 >>> Load task:MosaicDerivedProdProc
16:46:18 >>> InitInstance-no command line parameter
16:46:37 >>> Start no-realtime operation
16:46:37 >>> Run ID: 0, BaseData QC Receive msg
16:46:37 >>> To get radar data and QC for 天津. File: Q:\20180814-HeibeiExample\Z9220\Z_RADR_I_Z9220_20180814000600_O_DOR_SA_CAP.bin.bz2
16:46:39 >>> Run ID: 0, Vs to Cart Receive msg
16:46:39 >>> Volume to grid for radar site : 天津. Time of Data: 2018-08-14 00:06
16:46:39 >>> Run ID: 0, BaseData QC Receive msg
16:46:39 >>> To get radar data and QC for 承德. File: Q:\20180814-HeibeiExample\Z9314\Z_RADR_I_Z9314_20180814000600_O_DOR_CB_CAP.bin.bz2
16:46:50 >>> Volume to grid for radar site : 天津. Time of Data: 2018-08-14 00:06
16:47:23 >>> Run ID: 0, Mosaic Timer Receive msg
16:47:23 >>> Run ID: 0, Vs to Cart Receive msg
16:47:23 >>> Volume to grid for radar site : 承德. Time of Data: 2018-08-14 00:06
16:47:23 >>> Run ID: 0, BaseData QC Receive msg
16:47:23 >>> To get radar data and QC for 石家庄. File: Q:\20180814-HeibeiExample\Z9311\Z_RADR_I_Z9311_20180814000600_O_DOR_SA_CAP.bin.bz2
16:47:33 >>> Volume to grid for radar site : 承德. Time of Data: 2018-08-14 00:06
16:48:06 >>> Run ID: 0, Mosaic Timer Receive msg
16:48:06 >>> Run ID: 0, Vs to Cart Receive msg
16:48:06 >>> Volume to grid for radar site : 石家庄. Time of Data: 2018-08-14 00:06
16:48:06 >>> Run ID: 0, BaseData QC Receive msg
16:48:06 >>> To get radar data and QC for 秦皇岛. File: Q:\20180814-HeibeiExample\Z9335\Z_RADR_I_Z9335_20180814000600_O_DOR_SA_CAP.bin.bz2
16:48:16 >>> Volume to grid for radar site : 石家庄. Time of Data: 2018-08-14 00:06
16:48:49 >>> Run ID: 0, Mosaic Timer Receive msg
16:48:49 >>> Run ID: 0, Vs to Cart Receive msg
16:48:49 >>> Volume to grid for radar site : 秦皇岛. Time of Data: 2018-08-14 00:06
16:48:49 >>> Run ID: 0, BaseData QC Receive msg
16:48:49 >>> To get radar data and QC for 沧州. File: Q:\20180814-HeibeiExample\Z9317\Z_RADR_I_Z9317_20180814000600_O_DOR_SA_CAP.bin.bz2
16:48:59 >>> Volume to grid for radar site : 秦皇岛. Time of Data: 2018-08-14 00:06
16:49:32 >>> Run ID: 0, Mosaic Timer Receive msg
16:49:32 >>> Run ID: 0, Vs to Cart Receive msg
16:49:32 >>> Volume to grid for radar site : 沧州. Time of Data: 2018-08-14 00:06
16:49:32 >>> Run ID: 0, BaseData QC Receive msg
16:49:32 >>> To get radar data and QC for 北京S. File: Q:\20180814-HeibeiExample\Z9010\Z_RADR_I_Z9010_20180814000600_O_DOR_SA_CAP.bin.bz2
16:49:42 >>> Volume to grid for radar site : 沧州. Time of Data: 2018-08-14 00:06
16:50:15 >>> Run ID: 0, Mosaic Timer Receive msg
16:50:15 >>> Run ID: 0, Vs to Cart Receive msg
16:50:15 >>> Volume to grid for radar site : 北京S. Time of Data: 2018-08-14 00:06
16:50:25 >>> Volume to grid for radar site : 北京S. Time of Data: 2018-08-14 00:06
16:50:57 >>> Run ID: 0, Mosaic Timer Receive msg
16:50:57 >>> Run ID: 0, Start Mosaic !!!!
16:50:57 >>> Number of files for this mosaic time 6(min)=6
16:50:58 >>> Calling wind retrieval module!
16:50:58 >>> Run ID: 1, BaseData QC Receive msg
16:50:58 >>> To get radar data and QC for 秦皇岛. File: Q:\20180814-HeibeiExample\Z9335\Z_RADR_I_Z9335_20180814001200_O_DOR_SA_CAP.bin.bz2
16:50:59 >>> Run ID: 1, Vs to Cart Receive msg
16:50:59 >>> Volume to grid for radar site : 秦皇岛. Time of Data: 2018-08-14 00:12
16:50:59 >>> Run ID: 1, BaseData QC Receive msg
16:50:59 >>> To get radar data and QC for 石家庄. File: Q:\20180814-HeibeiExample\Z9311\Z_RADR_I_Z9311_20180814001200_O_DOR_SA_CAP.bin.bz2
16:51:10 >>> Volume to grid for radar site : 秦皇岛. Time of Data: 2018-08-14 00:12
16:51:26 >>> Call module: ./ProductModules/CR  Q:\20180814-HeibeiExample\prod\mref\1808140006.dat  Q:\20180814-HeibeiExample\prod\  NA  Q:\20180814-HeibeiExample\prod\TempData  NA
16:51:34 >>> Call module: ./ProductModules/ET  Q:\20180814-HeibeiExample\prod\mref\1808140006.dat  Q:\20180814-HeibeiExample\prod\  NA  Q:\20180814-HeibeiExample\prod\TempData  NA
16:51:38 >>> Call module: ./ProductModules/VIL  Q:\20180814-HeibeiExample\prod\mref\1808140006.dat  Q:\20180814-HeibeiExample\prod\  NA  Q:\20180814-HeibeiExample\prod\TempData  NA
16:51:45 >>> Run ID: 1, Mosaic Timer Receive msg
16:51:45 >>> Run ID: 1, Vs to Cart Receive msg
16:51:45 >>> Volume to grid for radar site : 石家庄. Time of Data: 2018-08-14 00:12
16:51:45 >>> Run ID: 1, BaseData QC Receive msg
16:51:45 >>> To get radar data and QC for 沧州. File: Q:\20180814-HeibeiExample\Z9317\Z_RADR_I_Z9317_20180814001200_O_DOR_SA_CAP.bin.bz2
16:51:55 >>> Volume to grid for radar site : 石家庄. Time of Data: 2018-08-14 00:12
16:52:28 >>> Run ID: 1, Mosaic Timer Receive msg
16:52:28 >>> Run ID: 1, Vs to Cart Receive msg
16:52:28 >>> Volume to grid for radar site : 沧州. Time of Data: 2018-08-14 00:12
16:52:28 >>> Run ID: 1, BaseData QC Receive msg
16:52:28 >>> To get radar data and QC for 天津. File: Q:\20180814-HeibeiExample\Z9220\Z_RADR_I_Z9220_20180814001200_O_DOR_SA_CAP.bin.bz2
16:52:38 >>> Volume to grid for radar site : 沧州. Time of Data: 2018-08-14 00:12
16:53:11 >>> Run ID: 1, Mosaic Timer Receive msg
16:53:11 >>> Run ID: 1, Vs to Cart Receive msg
16:53:11 >>> Volume to grid for radar site : 天津. Time of Data: 2018-08-14 00:12
16:53:11 >>> Run ID: 1, BaseData QC Receive msg
16:53:11 >>> To get radar data and QC for 承德. File: Q:\20180814-HeibeiExample\Z9314\Z_RADR_I_Z9314_20180814001200_O_DOR_CB_CAP.bin.bz2
16:53:22 >>> Volume to grid for radar site : 天津. Time of Data: 2018-08-14 00:12
16:53:54 >>> Run ID: 1, Mosaic Timer Receive msg
16:53:54 >>> Run ID: 1, Vs to Cart Receive msg
16:53:54 >>> Volume to grid for radar site : 承德. Time of Data: 2018-08-14 00:12
16:53:54 >>> Run ID: 1, BaseData QC Receive msg
16:53:55 >>> To get radar data and QC for 北京S. File: Q:\20180814-HeibeiExample\Z9010\Z_RADR_I_Z9010_20180814001200_O_DOR_SA_CAP.bin.bz2
16:54:04 >>> Volume to grid for radar site : 承德. Time of Data: 2018-08-14 00:12
16:54:37 >>> Run ID: 1, Mosaic Timer Receive msg
16:54:37 >>> Run ID: 1, Vs to Cart Receive msg
16:54:37 >>> Volume to grid for radar site : 北京S. Time of Data: 2018-08-14 00:12
16:54:47 >>> Volume to grid for radar site : 北京S. Time of Data: 2018-08-14 00:12
16:55:20 >>> Run ID: 1, Mosaic Timer Receive msg
16:55:20 >>> Run ID: 1, Start Mosaic !!!!
16:55:20 >>> Number of files for this mosaic time 12(min)=6
16:55:20 >>> Calling wind retrieval module!
16:55:20 >>> Run ID: 2, BaseData QC Receive msg
16:55:20 >>> To get radar data and QC for 天津. File: Q:\20180814-HeibeiExample\Z9220\Z_RADR_I_Z9220_20180814001800_O_DOR_SA_CAP.bin.bz2
16:55:21 >>> Run ID: 2, Vs to Cart Receive msg
16:55:21 >>> Volume to grid for radar site : 天津. Time of Data: 2018-08-14 00:18
16:55:21 >>> Run ID: 2, BaseData QC Receive msg
16:55:21 >>> To get radar data and QC for 石家庄. File: Q:\20180814-HeibeiExample\Z9311\Z_RADR_I_Z9311_20180814001800_O_DOR_SA_CAP.bin.bz2
16:55:24 >>> Call module: ./ProductModules/CR  Q:\20180814-HeibeiExample\prod\mref\1808140012.dat  Q:\20180814-HeibeiExample\prod\  NA  Q:\20180814-HeibeiExample\prod\TempData  NA
16:55:24 >>> Call module: ./ProductModules/ET  Q:\20180814-HeibeiExample\prod\mref\1808140012.dat  Q:\20180814-HeibeiExample\prod\  NA  Q:\20180814-HeibeiExample\prod\TempData  NA
16:55:25 >>> Call module: ./ProductModules/VIL  Q:\20180814-HeibeiExample\prod\mref\1808140012.dat  Q:\20180814-HeibeiExample\prod\  NA  Q:\20180814-HeibeiExample\prod\TempData  NA
16:55:32 >>> Volume to grid for radar site : 天津. Time of Data: 2018-08-14 00:18
16:56:06 >>> Run ID: 2, Mosaic Timer Receive msg
16:56:06 >>> Run ID: 2, Vs to Cart Receive msg
16:56:06 >>> Volume to grid for radar site : 石家庄. Time of Data: 2018-08-14 00:18
16:56:06 >>> Run ID: 2, BaseData QC Receive msg
16:56:06 >>> To get radar data and QC for 承德. File: Q:\20180814-HeibeiExample\Z9314\Z_RADR_I_Z9314_20180814001800_O_DOR_CB_CAP.bin.bz2
16:56:16 >>> Volume to grid for radar site : 石家庄. Time of Data: 2018-08-14 00:18
16:56:49 >>> Run ID: 2, Mosaic Timer Receive msg
16:56:49 >>> Run ID: 2, Vs to Cart Receive msg
16:56:49 >>> Volume to grid for radar site : 承德. Time of Data: 2018-08-14 00:18
16:56:49 >>> Run ID: 2, BaseData QC Receive msg
16:56:49 >>> To get radar data and QC for 秦皇岛. File: Q:\20180814-HeibeiExample\Z9335\Z_RADR_I_Z9335_20180814001800_O_DOR_SA_CAP.bin.bz2
16:56:59 >>> Volume to grid for radar site : 承德. Time of Data: 2018-08-14 00:18
16:57:32 >>> Run ID: 2, Mosaic Timer Receive msg
16:57:32 >>> Run ID: 2, Vs to Cart Receive msg
16:57:32 >>> Volume to grid for radar site : 秦皇岛. Time of Data: 2018-08-14 00:18
16:57:32 >>> Run ID: 2, BaseData QC Receive msg
16:57:32 >>> To get radar data and QC for 沧州. File: Q:\20180814-HeibeiExample\Z9317\Z_RADR_I_Z9317_20180814001800_O_DOR_SA_CAP.bin.bz2
16:57:42 >>> Volume to grid for radar site : 秦皇岛. Time of Data: 2018-08-14 00:18
16:58:15 >>> Run ID: 2, Mosaic Timer Receive msg
16:58:15 >>> Run ID: 2, Vs to Cart Receive msg
16:58:15 >>> Volume to grid for radar site : 沧州. Time of Data: 2018-08-14 00:18
16:58:15 >>> Run ID: 2, BaseData QC Receive msg
16:58:15 >>> To get radar data and QC for 北京S. File: Q:\20180814-HeibeiExample\Z9010\Z_RADR_I_Z9010_20180814001800_O_DOR_SA_CAP.bin.bz2
16:58:25 >>> Volume to grid for radar site : 沧州. Time of Data: 2018-08-14 00:18
16:58:58 >>> Run ID: 2, Mosaic Timer Receive msg
16:58:58 >>> Run ID: 2, Vs to Cart Receive msg
16:58:58 >>> Volume to grid for radar site : 北京S. Time of Data: 2018-08-14 00:18
16:59:08 >>> Volume to grid for radar site : 北京S. Time of Data: 2018-08-14 00:18
16:59:41 >>> Run ID: 2, Mosaic Timer Receive msg
16:59:41 >>> Run ID: 2, Start Mosaic !!!!
16:59:41 >>> Number of files for this mosaic time 18(min)=6
16:59:41 >>> Calling wind retrieval module!
16:59:41 >>> Run ID: 3, BaseData QC Receive msg
16:59:41 >>> To get radar data and QC for 秦皇岛. File: Q:\20180814-HeibeiExample\Z9335\Z_RADR_I_Z9335_20180814002400_O_DOR_SA_CAP.bin.bz2
16:59:42 >>> Run ID: 3, Vs to Cart Receive msg
16:59:42 >>> Volume to grid for radar site : 秦皇岛. Time of Data: 2018-08-14 00:24
16:59:43 >>> Run ID: 3, BaseData QC Receive msg
16:59:43 >>> To get radar data and QC for 石家庄. File: Q:\20180814-HeibeiExample\Z9311\Z_RADR_I_Z9311_20180814002400_O_DOR_SA_CAP.bin.bz2
16:59:45 >>> Call module: ./ProductModules/CR  Q:\20180814-HeibeiExample\prod\mref\1808140018.dat  Q:\20180814-HeibeiExample\prod\  NA  Q:\20180814-HeibeiExample\prod\TempData  NA
16:59:45 >>> Call module: ./ProductModules/ET  Q:\20180814-HeibeiExample\prod\mref\1808140018.dat  Q:\20180814-HeibeiExample\prod\  NA  Q:\20180814-HeibeiExample\prod\TempData  NA
16:59:45 >>> Call module: ./ProductModules/VIL  Q:\20180814-HeibeiExample\prod\mref\1808140018.dat  Q:\20180814-HeibeiExample\prod\  NA  Q:\20180814-HeibeiExample\prod\TempData  NA
16:59:53 >>> Volume to grid for radar site : 秦皇岛. Time of Data: 2018-08-14 00:24
17:00:28 >>> Run ID: 3, Mosaic Timer Receive msg
17:00:28 >>> Run ID: 3, Vs to Cart Receive msg
17:00:28 >>> Volume to grid for radar site : 石家庄. Time of Data: 2018-08-14 00:24
17:00:28 >>> Run ID: 3, BaseData QC Receive msg
17:00:28 >>> To get radar data and QC for 天津. File: Q:\20180814-HeibeiExample\Z9220\Z_RADR_I_Z9220_20180814002400_O_DOR_SA_CAP.bin.bz2
17:00:38 >>> Volume to grid for radar site : 石家庄. Time of Data: 2018-08-14 00:24
17:00:46 >>> Exit the program.
17:01:08 >>> Load task:TaskSysMonitor
17:01:08 >>> Load task:TaskRealTimeSearch
17:01:08 >>> Load task:TaskMosaicTimer
17:01:08 >>> Load task:TaskArchiveDataProc
17:01:08 >>> Load task:TaskBaseDataQCPro
17:01:08 >>> Load task:TaskVSToCartesain
17:01:08 >>> Load task:TaskMultiSiteMosaic
17:01:08 >>> Load task:MosaicDerivedProdProc
17:01:08 >>> InitInstance-no command line parameter
17:01:11 >>> Start no-realtime operation
17:01:11 >>> Run ID: 0, BaseData QC Receive msg
17:01:11 >>> To get radar data and QC for 天津. File: Q:\20180814-HeibeiExample\Z9220\Z_RADR_I_Z9220_20180814000600_O_DOR_SA_CAP.bin.bz2
17:01:13 >>> Run ID: 0, Vs to Cart Receive msg
17:01:13 >>> Volume to grid for radar site : 天津. Time of Data: 2018-08-14 00:06
17:01:13 >>> Run ID: 0, BaseData QC Receive msg
17:01:13 >>> To get radar data and QC for 承德. File: Q:\20180814-HeibeiExample\Z9314\Z_RADR_I_Z9314_20180814000600_O_DOR_CB_CAP.bin.bz2
17:01:23 >>> Volume to grid for radar site : 天津. Time of Data: 2018-08-14 00:06
17:01:56 >>> Run ID: 0, Mosaic Timer Receive msg
17:01:56 >>> Run ID: 0, Vs to Cart Receive msg
17:01:56 >>> Volume to grid for radar site : 承德. Time of Data: 2018-08-14 00:06
17:01:56 >>> Run ID: 0, BaseData QC Receive msg
17:01:56 >>> To get radar data and QC for 石家庄. File: Q:\20180814-HeibeiExample\Z9311\Z_RADR_I_Z9311_20180814000600_O_DOR_SA_CAP.bin.bz2
17:02:06 >>> Volume to grid for radar site : 承德. Time of Data: 2018-08-14 00:06
17:02:39 >>> Run ID: 0, Mosaic Timer Receive msg
17:02:39 >>> Run ID: 0, Vs to Cart Receive msg
17:02:39 >>> Volume to grid for radar site : 石家庄. Time of Data: 2018-08-14 00:06
17:02:39 >>> Run ID: 0, BaseData QC Receive msg
17:02:39 >>> To get radar data and QC for 秦皇岛. File: Q:\20180814-HeibeiExample\Z9335\Z_RADR_I_Z9335_20180814000600_O_DOR_SA_CAP.bin.bz2
17:02:49 >>> Volume to grid for radar site : 石家庄. Time of Data: 2018-08-14 00:06
17:03:22 >>> Run ID: 0, Mosaic Timer Receive msg
17:03:22 >>> Run ID: 0, Vs to Cart Receive msg
17:03:22 >>> Volume to grid for radar site : 秦皇岛. Time of Data: 2018-08-14 00:06
17:03:22 >>> Run ID: 0, BaseData QC Receive msg
17:03:22 >>> To get radar data and QC for 沧州. File: Q:\20180814-HeibeiExample\Z9317\Z_RADR_I_Z9317_20180814000600_O_DOR_SA_CAP.bin.bz2
17:03:32 >>> Volume to grid for radar site : 秦皇岛. Time of Data: 2018-08-14 00:06
17:04:06 >>> Run ID: 0, Mosaic Timer Receive msg
17:04:06 >>> Run ID: 0, Vs to Cart Receive msg
17:04:06 >>> Volume to grid for radar site : 沧州. Time of Data: 2018-08-14 00:06
17:04:06 >>> Run ID: 0, BaseData QC Receive msg
17:04:06 >>> To get radar data and QC for 北京S. File: Q:\20180814-HeibeiExample\Z9010\Z_RADR_I_Z9010_20180814000600_O_DOR_SA_CAP.bin.bz2
17:04:16 >>> Volume to grid for radar site : 沧州. Time of Data: 2018-08-14 00:06
17:04:49 >>> Run ID: 0, Mosaic Timer Receive msg
17:04:49 >>> Run ID: 0, Vs to Cart Receive msg
17:04:49 >>> Volume to grid for radar site : 北京S. Time of Data: 2018-08-14 00:06
17:04:59 >>> Volume to grid for radar site : 北京S. Time of Data: 2018-08-14 00:06
17:05:32 >>> Run ID: 0, Mosaic Timer Receive msg
17:05:32 >>> Run ID: 0, Start Mosaic !!!!
17:05:32 >>> Number of files for this mosaic time 6(min)=6
17:05:32 >>> Calling wind retrieval module!
17:05:32 >>> Run ID: 1, BaseData QC Receive msg
17:05:32 >>> To get radar data and QC for 秦皇岛. File: Q:\20180814-HeibeiExample\Z9335\Z_RADR_I_Z9335_20180814001200_O_DOR_SA_CAP.bin.bz2
17:05:33 >>> Run ID: 1, Vs to Cart Receive msg
17:05:33 >>> Volume to grid for radar site : 秦皇岛. Time of Data: 2018-08-14 00:12
17:05:33 >>> Run ID: 1, BaseData QC Receive msg
17:05:33 >>> To get radar data and QC for 石家庄. File: Q:\20180814-HeibeiExample\Z9311\Z_RADR_I_Z9311_20180814001200_O_DOR_SA_CAP.bin.bz2
17:05:36 >>> Call module: ./ProductModules/CR  Q:\20180814-HeibeiExample\prod\mref\1808140006.dat  Q:\20180814-HeibeiExample\prod\  NA  Q:\20180814-HeibeiExample\prod\TempData  NA
17:05:36 >>> Call module: ./ProductModules/ET  Q:\20180814-HeibeiExample\prod\mref\1808140006.dat  Q:\20180814-HeibeiExample\prod\  NA  Q:\20180814-HeibeiExample\prod\TempData  NA
17:05:37 >>> Call module: ./ProductModules/VIL  Q:\20180814-HeibeiExample\prod\mref\1808140006.dat  Q:\20180814-HeibeiExample\prod\  NA  Q:\20180814-HeibeiExample\prod\TempData  NA
17:05:44 >>> Volume to grid for radar site : 秦皇岛. Time of Data: 2018-08-14 00:12
17:06:19 >>> Run ID: 1, Mosaic Timer Receive msg
17:06:19 >>> Run ID: 1, Vs to Cart Receive msg
17:06:19 >>> Volume to grid for radar site : 石家庄. Time of Data: 2018-08-14 00:12
17:06:19 >>> Run ID: 1, BaseData QC Receive msg
17:06:19 >>> To get radar data and QC for 沧州. File: Q:\20180814-HeibeiExample\Z9317\Z_RADR_I_Z9317_20180814001200_O_DOR_SA_CAP.bin.bz2
17:06:29 >>> Volume to grid for radar site : 石家庄. Time of Data: 2018-08-14 00:12
17:07:02 >>> Run ID: 1, Mosaic Timer Receive msg
17:07:02 >>> Run ID: 1, Vs to Cart Receive msg
17:07:02 >>> Volume to grid for radar site : 沧州. Time of Data: 2018-08-14 00:12
17:07:02 >>> Run ID: 1, BaseData QC Receive msg
17:07:02 >>> To get radar data and QC for 天津. File: Q:\20180814-HeibeiExample\Z9220\Z_RADR_I_Z9220_20180814001200_O_DOR_SA_CAP.bin.bz2
17:07:12 >>> Volume to grid for radar site : 沧州. Time of Data: 2018-08-14 00:12
17:07:45 >>> Run ID: 1, Mosaic Timer Receive msg
17:07:45 >>> Run ID: 1, Vs to Cart Receive msg
17:07:45 >>> Volume to grid for radar site : 天津. Time of Data: 2018-08-14 00:12
17:07:45 >>> Run ID: 1, BaseData QC Receive msg
17:07:45 >>> To get radar data and QC for 承德. File: Q:\20180814-HeibeiExample\Z9314\Z_RADR_I_Z9314_20180814001200_O_DOR_CB_CAP.bin.bz2
17:07:55 >>> Volume to grid for radar site : 天津. Time of Data: 2018-08-14 00:12
17:08:29 >>> Run ID: 1, Mosaic Timer Receive msg
17:08:29 >>> Run ID: 1, Vs to Cart Receive msg
17:08:29 >>> Volume to grid for radar site : 承德. Time of Data: 2018-08-14 00:12
17:08:29 >>> Run ID: 1, BaseData QC Receive msg
17:08:29 >>> To get radar data and QC for 北京S. File: Q:\20180814-HeibeiExample\Z9010\Z_RADR_I_Z9010_20180814001200_O_DOR_SA_CAP.bin.bz2
17:08:39 >>> Volume to grid for radar site : 承德. Time of Data: 2018-08-14 00:12
17:09:12 >>> Run ID: 1, Mosaic Timer Receive msg
17:09:12 >>> Run ID: 1, Vs to Cart Receive msg
17:09:12 >>> Volume to grid for radar site : 北京S. Time of Data: 2018-08-14 00:12
17:09:22 >>> Volume to grid for radar site : 北京S. Time of Data: 2018-08-14 00:12
17:09:55 >>> Run ID: 1, Mosaic Timer Receive msg
17:09:55 >>> Run ID: 1, Start Mosaic !!!!
17:09:55 >>> Number of files for this mosaic time 12(min)=6
17:09:55 >>> Calling wind retrieval module!
17:09:55 >>> Run ID: 2, BaseData QC Receive msg
17:09:55 >>> To get radar data and QC for 天津. File: Q:\20180814-HeibeiExample\Z9220\Z_RADR_I_Z9220_20180814001800_O_DOR_SA_CAP.bin.bz2
17:09:56 >>> Run ID: 2, Vs to Cart Receive msg
17:09:56 >>> Volume to grid for radar site : 天津. Time of Data: 2018-08-14 00:18
17:09:56 >>> Run ID: 2, BaseData QC Receive msg
17:09:56 >>> To get radar data and QC for 石家庄. File: Q:\20180814-HeibeiExample\Z9311\Z_RADR_I_Z9311_20180814001800_O_DOR_SA_CAP.bin.bz2
17:09:58 >>> Call module: ./ProductModules/CR  Q:\20180814-HeibeiExample\prod\mref\1808140012.dat  Q:\20180814-HeibeiExample\prod\  NA  Q:\20180814-HeibeiExample\prod\TempData  NA
17:09:58 >>> Call module: ./ProductModules/ET  Q:\20180814-HeibeiExample\prod\mref\1808140012.dat  Q:\20180814-HeibeiExample\prod\  NA  Q:\20180814-HeibeiExample\prod\TempData  NA
17:09:58 >>> Call module: ./ProductModules/VIL  Q:\20180814-HeibeiExample\prod\mref\1808140012.dat  Q:\20180814-HeibeiExample\prod\  NA  Q:\20180814-HeibeiExample\prod\TempData  NA
17:10:07 >>> Volume to grid for radar site : 天津. Time of Data: 2018-08-14 00:18
17:10:42 >>> Run ID: 2, Mosaic Timer Receive msg
17:10:42 >>> Run ID: 2, Vs to Cart Receive msg
17:10:42 >>> Volume to grid for radar site : 石家庄. Time of Data: 2018-08-14 00:18
17:10:42 >>> Run ID: 2, BaseData QC Receive msg
17:10:42 >>> To get radar data and QC for 承德. File: Q:\20180814-HeibeiExample\Z9314\Z_RADR_I_Z9314_20180814001800_O_DOR_CB_CAP.bin.bz2
17:10:52 >>> Volume to grid for radar site : 石家庄. Time of Data: 2018-08-14 00:18
17:11:25 >>> Run ID: 2, Mosaic Timer Receive msg
17:11:25 >>> Run ID: 2, Vs to Cart Receive msg
17:11:25 >>> Volume to grid for radar site : 承德. Time of Data: 2018-08-14 00:18
17:11:25 >>> Run ID: 2, BaseData QC Receive msg
17:11:25 >>> To get radar data and QC for 秦皇岛. File: Q:\20180814-HeibeiExample\Z9335\Z_RADR_I_Z9335_20180814001800_O_DOR_SA_CAP.bin.bz2
17:11:35 >>> Volume to grid for radar site : 承德. Time of Data: 2018-08-14 00:18
17:12:08 >>> Run ID: 2, Mosaic Timer Receive msg
17:12:08 >>> Run ID: 2, Vs to Cart Receive msg
17:12:08 >>> Volume to grid for radar site : 秦皇岛. Time of Data: 2018-08-14 00:18
17:12:08 >>> Run ID: 2, BaseData QC Receive msg
17:12:08 >>> To get radar data and QC for 沧州. File: Q:\20180814-HeibeiExample\Z9317\Z_RADR_I_Z9317_20180814001800_O_DOR_SA_CAP.bin.bz2
17:12:18 >>> Volume to grid for radar site : 秦皇岛. Time of Data: 2018-08-14 00:18
17:12:52 >>> Run ID: 2, Mosaic Timer Receive msg
17:12:52 >>> Run ID: 2, Vs to Cart Receive msg
17:12:52 >>> Volume to grid for radar site : 沧州. Time of Data: 2018-08-14 00:18
17:12:52 >>> Run ID: 2, BaseData QC Receive msg
17:12:52 >>> To get radar data and QC for 北京S. File: Q:\20180814-HeibeiExample\Z9010\Z_RADR_I_Z9010_20180814001800_O_DOR_SA_CAP.bin.bz2
17:13:02 >>> Volume to grid for radar site : 沧州. Time of Data: 2018-08-14 00:18
17:13:35 >>> Run ID: 2, Mosaic Timer Receive msg
17:13:35 >>> Run ID: 2, Vs to Cart Receive msg
17:13:35 >>> Volume to grid for radar site : 北京S. Time of Data: 2018-08-14 00:18
17:13:45 >>> Volume to grid for radar site : 北京S. Time of Data: 2018-08-14 00:18
17:14:18 >>> Run ID: 2, Mosaic Timer Receive msg
17:14:18 >>> Run ID: 2, Start Mosaic !!!!
17:14:18 >>> Number of files for this mosaic time 18(min)=6
17:14:18 >>> Calling wind retrieval module!
17:14:18 >>> Run ID: 3, BaseData QC Receive msg
17:14:18 >>> To get radar data and QC for 秦皇岛. File: Q:\20180814-HeibeiExample\Z9335\Z_RADR_I_Z9335_20180814002400_O_DOR_SA_CAP.bin.bz2
17:14:19 >>> Run ID: 3, Vs to Cart Receive msg
17:14:19 >>> Volume to grid for radar site : 秦皇岛. Time of Data: 2018-08-14 00:24
17:14:19 >>> Run ID: 3, BaseData QC Receive msg
17:14:19 >>> To get radar data and QC for 石家庄. File: Q:\20180814-HeibeiExample\Z9311\Z_RADR_I_Z9311_20180814002400_O_DOR_SA_CAP.bin.bz2
17:14:21 >>> Call module: ./ProductModules/CR  Q:\20180814-HeibeiExample\prod\mref\1808140018.dat  Q:\20180814-HeibeiExample\prod\  NA  Q:\20180814-HeibeiExample\prod\TempData  NA
17:14:21 >>> Call module: ./ProductModules/ET  Q:\20180814-HeibeiExample\prod\mref\1808140018.dat  Q:\20180814-HeibeiExample\prod\  NA  Q:\20180814-HeibeiExample\prod\TempData  NA
17:14:22 >>> Call module: ./ProductModules/VIL  Q:\20180814-HeibeiExample\prod\mref\1808140018.dat  Q:\20180814-HeibeiExample\prod\  NA  Q:\20180814-HeibeiExample\prod\TempData  NA
17:14:30 >>> Volume to grid for radar site : 秦皇岛. Time of Data: 2018-08-14 00:24
17:15:05 >>> Run ID: 3, Mosaic Timer Receive msg
17:15:05 >>> Run ID: 3, Vs to Cart Receive msg
17:15:05 >>> Volume to grid for radar site : 石家庄. Time of Data: 2018-08-14 00:24
17:15:05 >>> Run ID: 3, BaseData QC Receive msg
17:15:05 >>> To get radar data and QC for 天津. File: Q:\20180814-HeibeiExample\Z9220\Z_RADR_I_Z9220_20180814002400_O_DOR_SA_CAP.bin.bz2
17:15:15 >>> Volume to grid for radar site : 石家庄. Time of Data: 2018-08-14 00:24
17:15:48 >>> Run ID: 3, Mosaic Timer Receive msg
17:15:48 >>> Run ID: 3, Vs to Cart Receive msg
17:15:48 >>> Volume to grid for radar site : 天津. Time of Data: 2018-08-14 00:24
17:15:48 >>> Run ID: 3, BaseData QC Receive msg
17:15:48 >>> To get radar data and QC for 沧州. File: Q:\20180814-HeibeiExample\Z9317\Z_RADR_I_Z9317_20180814002400_O_DOR_SA_CAP.bin.bz2
17:15:58 >>> Volume to grid for radar site : 天津. Time of Data: 2018-08-14 00:24
17:16:31 >>> Run ID: 3, Mosaic Timer Receive msg
17:16:31 >>> Run ID: 3, Vs to Cart Receive msg
17:16:31 >>> Volume to grid for radar site : 沧州. Time of Data: 2018-08-14 00:24
17:16:31 >>> Run ID: 3, BaseData QC Receive msg
17:16:31 >>> To get radar data and QC for 承德. File: Q:\20180814-HeibeiExample\Z9314\Z_RADR_I_Z9314_20180814002400_O_DOR_CB_CAP.bin.bz2
17:16:42 >>> Volume to grid for radar site : 沧州. Time of Data: 2018-08-14 00:24
17:17:15 >>> Run ID: 3, Mosaic Timer Receive msg
17:17:15 >>> Run ID: 3, Vs to Cart Receive msg
17:17:15 >>> Volume to grid for radar site : 承德. Time of Data: 2018-08-14 00:24
17:17:15 >>> Run ID: 3, BaseData QC Receive msg
17:17:15 >>> To get radar data and QC for 北京S. File: Q:\20180814-HeibeiExample\Z9010\Z_RADR_I_Z9010_20180814002400_O_DOR_SA_CAP.bin.bz2
17:17:25 >>> Volume to grid for radar site : 承德. Time of Data: 2018-08-14 00:24
17:17:58 >>> Run ID: 3, Mosaic Timer Receive msg
17:17:58 >>> Run ID: 3, Vs to Cart Receive msg
17:17:58 >>> Volume to grid for radar site : 北京S. Time of Data: 2018-08-14 00:24
17:18:08 >>> Volume to grid for radar site : 北京S. Time of Data: 2018-08-14 00:24
17:18:41 >>> Run ID: 3, Mosaic Timer Receive msg
17:18:41 >>> Run ID: 3, Start Mosaic !!!!
17:18:41 >>> Number of files for this mosaic time 24(min)=6
17:18:41 >>> Calling wind retrieval module!
17:18:41 >>> Run ID: 4, BaseData QC Receive msg
17:18:41 >>> To get radar data and QC for 承德. File: Q:\20180814-HeibeiExample\Z9314\Z_RADR_I_Z9314_20180814003000_O_DOR_CB_CAP.bin.bz2
17:18:42 >>> Run ID: 4, Vs to Cart Receive msg
17:18:42 >>> Volume to grid for radar site : 承德. Time of Data: 2018-08-14 00:30
17:18:42 >>> Run ID: 4, BaseData QC Receive msg
17:18:43 >>> To get radar data and QC for 石家庄. File: Q:\20180814-HeibeiExample\Z9311\Z_RADR_I_Z9311_20180814003000_O_DOR_SA_CAP.bin.bz2
17:18:45 >>> Call module: ./ProductModules/CR  Q:\20180814-HeibeiExample\prod\mref\1808140024.dat  Q:\20180814-HeibeiExample\prod\  NA  Q:\20180814-HeibeiExample\prod\TempData  NA
17:18:45 >>> Call module: ./ProductModules/ET  Q:\20180814-HeibeiExample\prod\mref\1808140024.dat  Q:\20180814-HeibeiExample\prod\  NA  Q:\20180814-HeibeiExample\prod\TempData  NA
17:18:45 >>> Call module: ./ProductModules/VIL  Q:\20180814-HeibeiExample\prod\mref\1808140024.dat  Q:\20180814-HeibeiExample\prod\  NA  Q:\20180814-HeibeiExample\prod\TempData  NA
17:18:53 >>> Volume to grid for radar site : 承德. Time of Data: 2018-08-14 00:30
17:19:28 >>> Run ID: 4, Mosaic Timer Receive msg
17:19:28 >>> Run ID: 4, Vs to Cart Receive msg
17:19:28 >>> Volume to grid for radar site : 石家庄. Time of Data: 2018-08-14 00:30
17:19:28 >>> Run ID: 4, BaseData QC Receive msg
17:19:28 >>> To get radar data and QC for 秦皇岛. File: Q:\20180814-HeibeiExample\Z9335\Z_RADR_I_Z9335_20180814003000_O_DOR_SA_CAP.bin.bz2
17:19:38 >>> Volume to grid for radar site : 石家庄. Time of Data: 2018-08-14 00:30
17:20:11 >>> Run ID: 4, Mosaic Timer Receive msg
17:20:11 >>> Run ID: 4, Vs to Cart Receive msg
17:20:11 >>> Volume to grid for radar site : 秦皇岛. Time of Data: 2018-08-14 00:30
17:20:11 >>> Run ID: 4, BaseData QC Receive msg
17:20:11 >>> To get radar data and QC for 沧州. File: Q:\20180814-HeibeiExample\Z9317\Z_RADR_I_Z9317_20180814003000_O_DOR_SA_CAP.bin.bz2
17:20:21 >>> Volume to grid for radar site : 秦皇岛. Time of Data: 2018-08-14 00:30
17:20:55 >>> Run ID: 4, Mosaic Timer Receive msg
17:20:55 >>> Run ID: 4, Vs to Cart Receive msg
17:20:55 >>> Volume to grid for radar site : 沧州. Time of Data: 2018-08-14 00:30
17:20:55 >>> Run ID: 4, BaseData QC Receive msg
17:20:55 >>> To get radar data and QC for 天津. File: Q:\20180814-HeibeiExample\Z9220\Z_RADR_I_Z9220_20180814003000_O_DOR_SA_CAP.bin.bz2
17:21:05 >>> Volume to grid for radar site : 沧州. Time of Data: 2018-08-14 00:30
17:21:38 >>> Run ID: 4, Mosaic Timer Receive msg
17:21:38 >>> Run ID: 4, Vs to Cart Receive msg
17:21:38 >>> Volume to grid for radar site : 天津. Time of Data: 2018-08-14 00:30
17:21:38 >>> Run ID: 4, BaseData QC Receive msg
17:21:38 >>> To get radar data and QC for 北京S. File: Q:\20180814-HeibeiExample\Z9010\Z_RADR_I_Z9010_20180814003000_O_DOR_SA_CAP.bin.bz2
17:21:48 >>> Volume to grid for radar site : 天津. Time of Data: 2018-08-14 00:30
17:22:22 >>> Run ID: 4, Mosaic Timer Receive msg
17:22:22 >>> Run ID: 4, Vs to Cart Receive msg
17:22:22 >>> Volume to grid for radar site : 北京S. Time of Data: 2018-08-14 00:30
17:22:34 >>> Volume to grid for radar site : 北京S. Time of Data: 2018-08-14 00:30
17:23:08 >>> Run ID: 4, Mosaic Timer Receive msg
17:23:08 >>> Run ID: 4, Start Mosaic !!!!
17:23:08 >>> Number of files for this mosaic time 30(min)=6
17:23:08 >>> Calling wind retrieval module!
17:23:08 >>> Run ID: 0, BaseData QC Receive msg
17:23:08 >>> To get radar data and QC for 承德. File: Q:\20180814-HeibeiExample\Z9314\Z_RADR_I_Z9314_20180814003600_O_DOR_CB_CAP.bin.bz2
17:23:10 >>> Run ID: 0, Vs to Cart Receive msg
17:23:10 >>> Volume to grid for radar site : 承德. Time of Data: 2018-08-14 00:36
17:23:10 >>> Run ID: 0, BaseData QC Receive msg
17:23:10 >>> To get radar data and QC for 天津. File: Q:\20180814-HeibeiExample\Z9220\Z_RADR_I_Z9220_20180814003600_O_DOR_SA_CAP.bin.bz2
17:23:12 >>> Call module: ./ProductModules/CR  Q:\20180814-HeibeiExample\prod\mref\1808140030.dat  Q:\20180814-HeibeiExample\prod\  NA  Q:\20180814-HeibeiExample\prod\TempData  NA
17:23:13 >>> Call module: ./ProductModules/ET  Q:\20180814-HeibeiExample\prod\mref\1808140030.dat  Q:\20180814-HeibeiExample\prod\  NA  Q:\20180814-HeibeiExample\prod\TempData  NA
17:23:13 >>> Call module: ./ProductModules/VIL  Q:\20180814-HeibeiExample\prod\mref\1808140030.dat  Q:\20180814-HeibeiExample\prod\  NA  Q:\20180814-HeibeiExample\prod\TempData  NA
17:23:21 >>> Volume to grid for radar site : 承德. Time of Data: 2018-08-14 00:36
17:23:59 >>> Run ID: 0, Mosaic Timer Receive msg
17:23:59 >>> Run ID: 0, Vs to Cart Receive msg
17:23:59 >>> Volume to grid for radar site : 天津. Time of Data: 2018-08-14 00:36
17:23:59 >>> Run ID: 0, BaseData QC Receive msg
17:23:59 >>> To get radar data and QC for 北京S. File: Q:\20180814-HeibeiExample\Z9010\Z_RADR_I_Z9010_20180814003600_O_DOR_SA_CAP.bin.bz2
17:24:10 >>> Volume to grid for radar site : 天津. Time of Data: 2018-08-14 00:36
17:24:45 >>> Run ID: 0, Mosaic Timer Receive msg
17:24:45 >>> Run ID: 0, Vs to Cart Receive msg
17:24:45 >>> Volume to grid for radar site : 北京S. Time of Data: 2018-08-14 00:36
17:24:45 >>> Run ID: 0, BaseData QC Receive msg
17:24:45 >>> To get radar data and QC for 秦皇岛. File: Q:\20180814-HeibeiExample\Z9335\Z_RADR_I_Z9335_20180814003600_O_DOR_SA_CAP.bin.bz2
17:24:55 >>> Volume to grid for radar site : 北京S. Time of Data: 2018-08-14 00:36
17:25:28 >>> Run ID: 0, Mosaic Timer Receive msg
17:25:29 >>> Run ID: 0, Vs to Cart Receive msg
17:25:29 >>> Volume to grid for radar site : 秦皇岛. Time of Data: 2018-08-14 00:36
17:25:29 >>> Run ID: 0, BaseData QC Receive msg
17:25:29 >>> To get radar data and QC for 石家庄. File: Q:\20180814-HeibeiExample\Z9311\Z_RADR_I_Z9311_20180814003600_O_DOR_SA_CAP.bin.bz2
17:25:39 >>> Volume to grid for radar site : 秦皇岛. Time of Data: 2018-08-14 00:36
17:26:12 >>> Run ID: 0, Mosaic Timer Receive msg
17:26:12 >>> Run ID: 0, Vs to Cart Receive msg
17:26:12 >>> Volume to grid for radar site : 石家庄. Time of Data: 2018-08-14 00:36
17:26:12 >>> Run ID: 0, BaseData QC Receive msg
17:26:12 >>> To get radar data and QC for 沧州. File: Q:\20180814-HeibeiExample\Z9317\Z_RADR_I_Z9317_20180814003600_O_DOR_SA_CAP.bin.bz2
17:26:22 >>> Volume to grid for radar site : 石家庄. Time of Data: 2018-08-14 00:36
17:26:56 >>> Run ID: 0, Mosaic Timer Receive msg
17:26:56 >>> Run ID: 0, Vs to Cart Receive msg
17:26:56 >>> Volume to grid for radar site : 沧州. Time of Data: 2018-08-14 00:36
17:27:05 >>> Volume to grid for radar site : 沧州. Time of Data: 2018-08-14 00:36
17:27:39 >>> Run ID: 0, Mosaic Timer Receive msg
17:27:39 >>> Run ID: 0, Start Mosaic !!!!
17:27:39 >>> Number of files for this mosaic time 36(min)=6
17:27:39 >>> Calling wind retrieval module!
17:27:39 >>> Run ID: 1, BaseData QC Receive msg
17:27:39 >>> To get radar data and QC for 石家庄. File: Q:\20180814-HeibeiExample\Z9311\Z_RADR_I_Z9311_20180814004200_O_DOR_SA_CAP.bin.bz2
17:27:40 >>> Run ID: 1, Vs to Cart Receive msg
17:27:40 >>> Volume to grid for radar site : 石家庄. Time of Data: 2018-08-14 00:42
17:27:40 >>> Run ID: 1, BaseData QC Receive msg
17:27:40 >>> To get radar data and QC for 承德. File: Q:\20180814-HeibeiExample\Z9314\Z_RADR_I_Z9314_20180814004200_O_DOR_CB_CAP.bin.bz2
17:27:43 >>> Call module: ./ProductModules/CR  Q:\20180814-HeibeiExample\prod\mref\1808140036.dat  Q:\20180814-HeibeiExample\prod\  NA  Q:\20180814-HeibeiExample\prod\TempData  NA
17:27:43 >>> Call module: ./ProductModules/ET  Q:\20180814-HeibeiExample\prod\mref\1808140036.dat  Q:\20180814-HeibeiExample\prod\  NA  Q:\20180814-HeibeiExample\prod\TempData  NA
17:27:43 >>> Call module: ./ProductModules/VIL  Q:\20180814-HeibeiExample\prod\mref\1808140036.dat  Q:\20180814-HeibeiExample\prod\  NA  Q:\20180814-HeibeiExample\prod\TempData  NA
17:27:51 >>> Volume to grid for radar site : 石家庄. Time of Data: 2018-08-14 00:42
17:28:26 >>> Run ID: 1, Mosaic Timer Receive msg
17:28:26 >>> Run ID: 1, Vs to Cart Receive msg
17:28:26 >>> Volume to grid for radar site : 承德. Time of Data: 2018-08-14 00:42
17:28:26 >>> Run ID: 1, BaseData QC Receive msg
17:28:26 >>> To get radar data and QC for 北京S. File: Q:\20180814-HeibeiExample\Z9010\Z_RADR_I_Z9010_20180814004200_O_DOR_SA_CAP.bin.bz2
17:28:36 >>> Volume to grid for radar site : 承德. Time of Data: 2018-08-14 00:42
17:29:09 >>> Run ID: 1, Mosaic Timer Receive msg
17:29:09 >>> Run ID: 1, Vs to Cart Receive msg
17:29:09 >>> Volume to grid for radar site : 北京S. Time of Data: 2018-08-14 00:42
17:29:09 >>> Run ID: 1, BaseData QC Receive msg
17:29:09 >>> To get radar data and QC for 沧州. File: Q:\20180814-HeibeiExample\Z9317\Z_RADR_I_Z9317_20180814004200_O_DOR_SA_CAP.bin.bz2
17:29:19 >>> Volume to grid for radar site : 北京S. Time of Data: 2018-08-14 00:42
17:29:53 >>> Run ID: 1, Mosaic Timer Receive msg
17:29:53 >>> Run ID: 1, Vs to Cart Receive msg
17:29:53 >>> Volume to grid for radar site : 沧州. Time of Data: 2018-08-14 00:42
17:29:53 >>> Run ID: 1, BaseData QC Receive msg
17:29:53 >>> To get radar data and QC for 秦皇岛. File: Q:\20180814-HeibeiExample\Z9335\Z_RADR_I_Z9335_20180814004200_O_DOR_SA_CAP.bin.bz2
17:30:03 >>> Volume to grid for radar site : 沧州. Time of Data: 2018-08-14 00:42
17:30:36 >>> Run ID: 1, Mosaic Timer Receive msg
17:30:36 >>> Run ID: 1, Vs to Cart Receive msg
17:30:36 >>> Volume to grid for radar site : 秦皇岛. Time of Data: 2018-08-14 00:42
17:30:36 >>> Run ID: 1, BaseData QC Receive msg
17:30:36 >>> To get radar data and QC for 天津. File: Q:\20180814-HeibeiExample\Z9220\Z_RADR_I_Z9220_20180814004200_O_DOR_SA_CAP.bin.bz2
17:30:46 >>> Volume to grid for radar site : 秦皇岛. Time of Data: 2018-08-14 00:42
17:31:19 >>> Run ID: 1, Mosaic Timer Receive msg
17:31:19 >>> Run ID: 1, Vs to Cart Receive msg
17:31:19 >>> Volume to grid for radar site : 天津. Time of Data: 2018-08-14 00:42
17:31:29 >>> Volume to grid for radar site : 天津. Time of Data: 2018-08-14 00:42
17:32:02 >>> Run ID: 1, Mosaic Timer Receive msg
17:32:02 >>> Run ID: 1, Start Mosaic !!!!
17:32:02 >>> Number of files for this mosaic time 42(min)=6
17:32:02 >>> Calling wind retrieval module!
17:32:02 >>> Run ID: 2, BaseData QC Receive msg
17:32:03 >>> To get radar data and QC for 天津. File: Q:\20180814-HeibeiExample\Z9220\Z_RADR_I_Z9220_20180814004800_O_DOR_SA_CAP.bin.bz2
17:32:04 >>> Run ID: 2, Vs to Cart Receive msg
17:32:04 >>> Volume to grid for radar site : 天津. Time of Data: 2018-08-14 00:48
17:32:04 >>> Run ID: 2, BaseData QC Receive msg
17:32:04 >>> To get radar data and QC for 承德. File: Q:\20180814-HeibeiExample\Z9314\Z_RADR_I_Z9314_20180814004800_O_DOR_CB_CAP.bin.bz2
17:32:08 >>> Call module: ./ProductModules/CR  Q:\20180814-HeibeiExample\prod\mref\1808140042.dat  Q:\20180814-HeibeiExample\prod\  NA  Q:\20180814-HeibeiExample\prod\TempData  NA
17:32:08 >>> Call module: ./ProductModules/ET  Q:\20180814-HeibeiExample\prod\mref\1808140042.dat  Q:\20180814-HeibeiExample\prod\  NA  Q:\20180814-HeibeiExample\prod\TempData  NA
17:32:08 >>> Call module: ./ProductModules/VIL  Q:\20180814-HeibeiExample\prod\mref\1808140042.dat  Q:\20180814-HeibeiExample\prod\  NA  Q:\20180814-HeibeiExample\prod\TempData  NA
17:32:15 >>> Volume to grid for radar site : 天津. Time of Data: 2018-08-14 00:48
17:32:50 >>> Run ID: 2, Mosaic Timer Receive msg
17:32:50 >>> Run ID: 2, Vs to Cart Receive msg
17:32:50 >>> Volume to grid for radar site : 承德. Time of Data: 2018-08-14 00:48
17:32:50 >>> Run ID: 2, BaseData QC Receive msg
17:32:50 >>> To get radar data and QC for 秦皇岛. File: Q:\20180814-HeibeiExample\Z9335\Z_RADR_I_Z9335_20180814004800_O_DOR_SA_CAP.bin.bz2
17:33:00 >>> Volume to grid for radar site : 承德. Time of Data: 2018-08-14 00:48
17:33:33 >>> Run ID: 2, Mosaic Timer Receive msg
17:33:33 >>> Run ID: 2, Vs to Cart Receive msg
17:33:33 >>> Volume to grid for radar site : 秦皇岛. Time of Data: 2018-08-14 00:48
17:33:33 >>> Run ID: 2, BaseData QC Receive msg
17:33:33 >>> To get radar data and QC for 石家庄. File: Q:\20180814-HeibeiExample\Z9311\Z_RADR_I_Z9311_20180814004800_O_DOR_SA_CAP.bin.bz2
17:33:43 >>> Volume to grid for radar site : 秦皇岛. Time of Data: 2018-08-14 00:48
17:34:17 >>> Run ID: 2, Mosaic Timer Receive msg
17:34:17 >>> Run ID: 2, Vs to Cart Receive msg
17:34:17 >>> Volume to grid for radar site : 石家庄. Time of Data: 2018-08-14 00:48
17:34:17 >>> Run ID: 2, BaseData QC Receive msg
17:34:17 >>> To get radar data and QC for 北京S. File: Q:\20180814-HeibeiExample\Z9010\Z_RADR_I_Z9010_20180814004800_O_DOR_SA_CAP.bin.bz2
17:34:27 >>> Volume to grid for radar site : 石家庄. Time of Data: 2018-08-14 00:48
17:35:00 >>> Run ID: 2, Mosaic Timer Receive msg
17:35:00 >>> Run ID: 2, Vs to Cart Receive msg
17:35:00 >>> Volume to grid for radar site : 北京S. Time of Data: 2018-08-14 00:48
17:35:00 >>> Run ID: 2, BaseData QC Receive msg
17:35:00 >>> To get radar data and QC for 沧州. File: Q:\20180814-HeibeiExample\Z9317\Z_RADR_I_Z9317_20180814004800_O_DOR_SA_CAP.bin.bz2
17:35:10 >>> Volume to grid for radar site : 北京S. Time of Data: 2018-08-14 00:48
17:35:43 >>> Run ID: 2, Mosaic Timer Receive msg
17:35:43 >>> Run ID: 2, Vs to Cart Receive msg
17:35:43 >>> Volume to grid for radar site : 沧州. Time of Data: 2018-08-14 00:48
17:35:53 >>> Volume to grid for radar site : 沧州. Time of Data: 2018-08-14 00:48
17:36:26 >>> Run ID: 2, Mosaic Timer Receive msg
17:36:26 >>> Run ID: 2, Start Mosaic !!!!
17:36:26 >>> Number of files for this mosaic time 48(min)=6
17:36:26 >>> Calling wind retrieval module!
17:36:26 >>> Run ID: 3, BaseData QC Receive msg
17:36:26 >>> To get radar data and QC for 北京S. File: Q:\20180814-HeibeiExample\Z9010\Z_RADR_I_Z9010_20180814005400_O_DOR_SA_CAP.bin.bz2
17:36:27 >>> Run ID: 3, Vs to Cart Receive msg
17:36:27 >>> Volume to grid for radar site : 北京S. Time of Data: 2018-08-14 00:54
17:36:27 >>> Run ID: 3, BaseData QC Receive msg
17:36:27 >>> To get radar data and QC for 天津. File: Q:\20180814-HeibeiExample\Z9220\Z_RADR_I_Z9220_20180814005400_O_DOR_SA_CAP.bin.bz2
17:36:30 >>> Call module: ./ProductModules/CR  Q:\20180814-HeibeiExample\prod\mref\1808140048.dat  Q:\20180814-HeibeiExample\prod\  NA  Q:\20180814-HeibeiExample\prod\TempData  NA
17:36:30 >>> Call module: ./ProductModules/ET  Q:\20180814-HeibeiExample\prod\mref\1808140048.dat  Q:\20180814-HeibeiExample\prod\  NA  Q:\20180814-HeibeiExample\prod\TempData  NA
17:36:30 >>> Call module: ./ProductModules/VIL  Q:\20180814-HeibeiExample\prod\mref\1808140048.dat  Q:\20180814-HeibeiExample\prod\  NA  Q:\20180814-HeibeiExample\prod\TempData  NA
17:36:38 >>> Volume to grid for radar site : 北京S. Time of Data: 2018-08-14 00:54
17:37:13 >>> Run ID: 3, Mosaic Timer Receive msg
17:37:13 >>> Run ID: 3, Vs to Cart Receive msg
17:37:13 >>> Volume to grid for radar site : 天津. Time of Data: 2018-08-14 00:54
17:37:13 >>> Run ID: 3, BaseData QC Receive msg
17:37:13 >>> To get radar data and QC for 承德. File: Q:\20180814-HeibeiExample\Z9314\Z_RADR_I_Z9314_20180814005400_O_DOR_CB_CAP.bin.bz2
17:37:23 >>> Volume to grid for radar site : 天津. Time of Data: 2018-08-14 00:54
17:37:56 >>> Run ID: 3, Mosaic Timer Receive msg
17:37:56 >>> Run ID: 3, Vs to Cart Receive msg
17:37:56 >>> Volume to grid for radar site : 承德. Time of Data: 2018-08-14 00:54
17:37:56 >>> Run ID: 3, BaseData QC Receive msg
17:37:56 >>> To get radar data and QC for 石家庄. File: Q:\20180814-HeibeiExample\Z9311\Z_RADR_I_Z9311_20180814005400_O_DOR_SA_CAP.bin.bz2
17:38:07 >>> Volume to grid for radar site : 承德. Time of Data: 2018-08-14 00:54
17:38:40 >>> Run ID: 3, Mosaic Timer Receive msg
17:38:40 >>> Run ID: 3, Vs to Cart Receive msg
17:38:40 >>> Volume to grid for radar site : 石家庄. Time of Data: 2018-08-14 00:54
17:38:40 >>> Run ID: 3, BaseData QC Receive msg
17:38:40 >>> To get radar data and QC for 秦皇岛. File: Q:\20180814-HeibeiExample\Z9335\Z_RADR_I_Z9335_20180814005400_O_DOR_SA_CAP.bin.bz2
17:38:50 >>> Volume to grid for radar site : 石家庄. Time of Data: 2018-08-14 00:54
17:39:24 >>> Run ID: 3, Mosaic Timer Receive msg
17:39:24 >>> Run ID: 3, Vs to Cart Receive msg
17:39:24 >>> Volume to grid for radar site : 秦皇岛. Time of Data: 2018-08-14 00:54
17:39:24 >>> Run ID: 3, BaseData QC Receive msg
17:39:24 >>> To get radar data and QC for 沧州. File: Q:\20180814-HeibeiExample\Z9317\Z_RADR_I_Z9317_20180814005400_O_DOR_SA_CAP.bin.bz2
17:39:35 >>> Volume to grid for radar site : 秦皇岛. Time of Data: 2018-08-14 00:54
17:40:08 >>> Run ID: 3, Mosaic Timer Receive msg
17:40:08 >>> Run ID: 3, Vs to Cart Receive msg
17:40:08 >>> Volume to grid for radar site : 沧州. Time of Data: 2018-08-14 00:54
17:40:18 >>> Volume to grid for radar site : 沧州. Time of Data: 2018-08-14 00:54
17:40:52 >>> Run ID: 3, Mosaic Timer Receive msg
17:40:52 >>> Run ID: 3, Start Mosaic !!!!
17:40:52 >>> Number of files for this mosaic time 54(min)=6
17:40:52 >>> Calling wind retrieval module!
17:40:52 >>> Run ID: 4, BaseData QC Receive msg
17:40:52 >>> To get radar data and QC for 沧州. File: Q:\20180814-HeibeiExample\Z9317\Z_RADR_I_Z9317_20180814010000_O_DOR_SA_CAP.bin.bz2
17:40:53 >>> Run ID: 4, Vs to Cart Receive msg
17:40:53 >>> Volume to grid for radar site : 沧州. Time of Data: 2018-08-14 01:00
17:40:53 >>> Run ID: 4, BaseData QC Receive msg
17:40:53 >>> To get radar data and QC for 承德. File: Q:\20180814-HeibeiExample\Z9314\Z_RADR_I_Z9314_20180814010000_O_DOR_CB_CAP.bin.bz2
17:40:56 >>> Call module: ./ProductModules/CR  Q:\20180814-HeibeiExample\prod\mref\1808140054.dat  Q:\20180814-HeibeiExample\prod\  NA  Q:\20180814-HeibeiExample\prod\TempData  NA
17:40:56 >>> Call module: ./ProductModules/ET  Q:\20180814-HeibeiExample\prod\mref\1808140054.dat  Q:\20180814-HeibeiExample\prod\  NA  Q:\20180814-HeibeiExample\prod\TempData  NA
17:40:56 >>> Call module: ./ProductModules/VIL  Q:\20180814-HeibeiExample\prod\mref\1808140054.dat  Q:\20180814-HeibeiExample\prod\  NA  Q:\20180814-HeibeiExample\prod\TempData  NA
17:41:05 >>> Volume to grid for radar site : 沧州. Time of Data: 2018-08-14 01:00
17:41:40 >>> Run ID: 4, Mosaic Timer Receive msg
17:41:40 >>> Run ID: 4, Vs to Cart Receive msg
17:41:40 >>> Volume to grid for radar site : 承德. Time of Data: 2018-08-14 01:00
17:41:40 >>> Run ID: 4, BaseData QC Receive msg
17:41:40 >>> To get radar data and QC for 北京S. File: Q:\20180814-HeibeiExample\Z9010\Z_RADR_I_Z9010_20180814010000_O_DOR_SA_CAP.bin.bz2
17:41:50 >>> Volume to grid for radar site : 承德. Time of Data: 2018-08-14 01:00
17:42:23 >>> Run ID: 4, Mosaic Timer Receive msg
17:42:23 >>> Run ID: 4, Vs to Cart Receive msg
17:42:23 >>> Volume to grid for radar site : 北京S. Time of Data: 2018-08-14 01:00
17:42:23 >>> Run ID: 4, BaseData QC Receive msg
17:42:23 >>> To get radar data and QC for 石家庄. File: Q:\20180814-HeibeiExample\Z9311\Z_RADR_I_Z9311_20180814010000_O_DOR_SA_CAP.bin.bz2
17:42:34 >>> Volume to grid for radar site : 北京S. Time of Data: 2018-08-14 01:00
17:43:07 >>> Run ID: 4, Mosaic Timer Receive msg
17:43:07 >>> Run ID: 4, Vs to Cart Receive msg
17:43:07 >>> Volume to grid for radar site : 石家庄. Time of Data: 2018-08-14 01:00
17:43:07 >>> Run ID: 4, BaseData QC Receive msg
17:43:07 >>> To get radar data and QC for 秦皇岛. File: Q:\20180814-HeibeiExample\Z9335\Z_RADR_I_Z9335_20180814010000_O_DOR_SA_CAP.bin.bz2
17:43:17 >>> Volume to grid for radar site : 石家庄. Time of Data: 2018-08-14 01:00
17:43:51 >>> Run ID: 4, Mosaic Timer Receive msg
17:43:51 >>> Run ID: 4, Vs to Cart Receive msg
17:43:51 >>> Volume to grid for radar site : 秦皇岛. Time of Data: 2018-08-14 01:00
17:43:51 >>> Run ID: 4, BaseData QC Receive msg
17:43:51 >>> To get radar data and QC for 天津. File: Q:\20180814-HeibeiExample\Z9220\Z_RADR_I_Z9220_20180814010000_O_DOR_SA_CAP.bin.bz2
17:44:01 >>> Volume to grid for radar site : 秦皇岛. Time of Data: 2018-08-14 01:00
17:44:35 >>> Run ID: 4, Mosaic Timer Receive msg
17:44:35 >>> Run ID: 4, Vs to Cart Receive msg
17:44:35 >>> Volume to grid for radar site : 天津. Time of Data: 2018-08-14 01:00
17:44:45 >>> Volume to grid for radar site : 天津. Time of Data: 2018-08-14 01:00
17:45:19 >>> Run ID: 4, Mosaic Timer Receive msg
17:45:19 >>> Run ID: 4, Start Mosaic !!!!
17:45:19 >>> Number of files for this mosaic time 60(min)=6
17:45:19 >>> Calling wind retrieval module!
17:45:19 >>> Run ID: 0, BaseData QC Receive msg
17:45:19 >>> To get radar data and QC for 北京S. File: Q:\20180814-HeibeiExample\Z9010\Z_RADR_I_Z9010_20180814010600_O_DOR_SA_CAP.bin.bz2
17:45:20 >>> Run ID: 0, Vs to Cart Receive msg
17:45:20 >>> Volume to grid for radar site : 北京S. Time of Data: 2018-08-14 01:06
17:45:20 >>> Run ID: 0, BaseData QC Receive msg
17:45:20 >>> To get radar data and QC for 承德. File: Q:\20180814-HeibeiExample\Z9314\Z_RADR_I_Z9314_20180814010600_O_DOR_CB_CAP.bin.bz2
17:45:23 >>> Call module: ./ProductModules/CR  Q:\20180814-HeibeiExample\prod\mref\1808140100.dat  Q:\20180814-HeibeiExample\prod\  NA  Q:\20180814-HeibeiExample\prod\TempData  NA
17:45:23 >>> Call module: ./ProductModules/ET  Q:\20180814-HeibeiExample\prod\mref\1808140100.dat  Q:\20180814-HeibeiExample\prod\  NA  Q:\20180814-HeibeiExample\prod\TempData  NA
17:45:23 >>> Call module: ./ProductModules/VIL  Q:\20180814-HeibeiExample\prod\mref\1808140100.dat  Q:\20180814-HeibeiExample\prod\  NA  Q:\20180814-HeibeiExample\prod\TempData  NA
17:45:32 >>> Volume to grid for radar site : 北京S. Time of Data: 2018-08-14 01:06
17:46:07 >>> Run ID: 0, Mosaic Timer Receive msg
17:46:07 >>> Run ID: 0, Vs to Cart Receive msg
17:46:07 >>> Volume to grid for radar site : 承德. Time of Data: 2018-08-14 01:06
17:46:07 >>> Run ID: 0, BaseData QC Receive msg
17:46:07 >>> To get radar data and QC for 沧州. File: Q:\20180814-HeibeiExample\Z9317\Z_RADR_I_Z9317_20180814010600_O_DOR_SA_CAP.bin.bz2
17:46:17 >>> Volume to grid for radar site : 承德. Time of Data: 2018-08-14 01:06
17:46:50 >>> Run ID: 0, Mosaic Timer Receive msg
17:46:50 >>> Run ID: 0, Vs to Cart Receive msg
17:46:50 >>> Volume to grid for radar site : 沧州. Time of Data: 2018-08-14 01:06
17:46:50 >>> Run ID: 0, BaseData QC Receive msg
17:46:50 >>> To get radar data and QC for 天津. File: Q:\20180814-HeibeiExample\Z9220\Z_RADR_I_Z9220_20180814010600_O_DOR_SA_CAP.bin.bz2
17:47:00 >>> Volume to grid for radar site : 沧州. Time of Data: 2018-08-14 01:06
17:47:34 >>> Run ID: 0, Mosaic Timer Receive msg
17:47:34 >>> Run ID: 0, Vs to Cart Receive msg
17:47:34 >>> Volume to grid for radar site : 天津. Time of Data: 2018-08-14 01:06
17:47:34 >>> Run ID: 0, BaseData QC Receive msg
17:47:34 >>> To get radar data and QC for 秦皇岛. File: Q:\20180814-HeibeiExample\Z9335\Z_RADR_I_Z9335_20180814010600_O_DOR_SA_CAP.bin.bz2
17:47:44 >>> Volume to grid for radar site : 天津. Time of Data: 2018-08-14 01:06
17:48:17 >>> Run ID: 0, Mosaic Timer Receive msg
17:48:17 >>> Run ID: 0, Vs to Cart Receive msg
17:48:17 >>> Volume to grid for radar site : 秦皇岛. Time of Data: 2018-08-14 01:06
17:48:17 >>> Run ID: 0, BaseData QC Receive msg
17:48:17 >>> To get radar data and QC for 石家庄. File: Q:\20180814-HeibeiExample\Z9311\Z_RADR_I_Z9311_20180814010600_O_DOR_SA_CAP.bin.bz2
17:48:27 >>> Volume to grid for radar site : 秦皇岛. Time of Data: 2018-08-14 01:06
17:49:01 >>> Run ID: 0, Mosaic Timer Receive msg
17:49:01 >>> Run ID: 0, Vs to Cart Receive msg
17:49:01 >>> Volume to grid for radar site : 石家庄. Time of Data: 2018-08-14 01:06
17:49:11 >>> Volume to grid for radar site : 石家庄. Time of Data: 2018-08-14 01:06
17:49:44 >>> Run ID: 0, Mosaic Timer Receive msg
17:49:44 >>> Run ID: 0, Start Mosaic !!!!
17:49:44 >>> Number of files for this mosaic time 66(min)=6
17:49:44 >>> Calling wind retrieval module!
17:49:44 >>> Run ID: 1, BaseData QC Receive msg
17:49:44 >>> To get radar data and QC for 秦皇岛. File: Q:\20180814-HeibeiExample\Z9335\Z_RADR_I_Z9335_20180814011200_O_DOR_SA_CAP.bin.bz2
17:49:45 >>> Run ID: 1, Vs to Cart Receive msg
17:49:45 >>> Volume to grid for radar site : 秦皇岛. Time of Data: 2018-08-14 01:12
17:49:45 >>> Run ID: 1, BaseData QC Receive msg
17:49:45 >>> To get radar data and QC for 石家庄. File: Q:\20180814-HeibeiExample\Z9311\Z_RADR_I_Z9311_20180814011200_O_DOR_SA_CAP.bin.bz2
17:49:48 >>> Call module: ./ProductModules/CR  Q:\20180814-HeibeiExample\prod\mref\1808140106.dat  Q:\20180814-HeibeiExample\prod\  NA  Q:\20180814-HeibeiExample\prod\TempData  NA
17:49:48 >>> Call module: ./ProductModules/ET  Q:\20180814-HeibeiExample\prod\mref\1808140106.dat  Q:\20180814-HeibeiExample\prod\  NA  Q:\20180814-HeibeiExample\prod\TempData  NA
17:49:48 >>> Call module: ./ProductModules/VIL  Q:\20180814-HeibeiExample\prod\mref\1808140106.dat  Q:\20180814-HeibeiExample\prod\  NA  Q:\20180814-HeibeiExample\prod\TempData  NA
17:49:57 >>> Volume to grid for radar site : 秦皇岛. Time of Data: 2018-08-14 01:12
17:50:32 >>> Run ID: 1, Mosaic Timer Receive msg
17:50:32 >>> Run ID: 1, Vs to Cart Receive msg
17:50:32 >>> Volume to grid for radar site : 石家庄. Time of Data: 2018-08-14 01:12
17:50:32 >>> Run ID: 1, BaseData QC Receive msg
17:50:32 >>> To get radar data and QC for 承德. File: Q:\20180814-HeibeiExample\Z9314\Z_RADR_I_Z9314_20180814011200_O_DOR_CB_CAP.bin.bz2
17:50:42 >>> Volume to grid for radar site : 石家庄. Time of Data: 2018-08-14 01:12
17:51:15 >>> Run ID: 1, Mosaic Timer Receive msg
17:51:15 >>> Run ID: 1, Vs to Cart Receive msg
17:51:15 >>> Volume to grid for radar site : 承德. Time of Data: 2018-08-14 01:12
17:51:15 >>> Run ID: 1, BaseData QC Receive msg
17:51:15 >>> To get radar data and QC for 北京S. File: Q:\20180814-HeibeiExample\Z9010\Z_RADR_I_Z9010_20180814011200_O_DOR_SA_CAP.bin.bz2
17:51:25 >>> Volume to grid for radar site : 承德. Time of Data: 2018-08-14 01:12
17:51:58 >>> Run ID: 1, Mosaic Timer Receive msg
17:51:59 >>> Run ID: 1, Vs to Cart Receive msg
17:51:59 >>> Volume to grid for radar site : 北京S. Time of Data: 2018-08-14 01:12
17:51:59 >>> Run ID: 1, BaseData QC Receive msg
17:51:59 >>> To get radar data and QC for 天津. File: Q:\20180814-HeibeiExample\Z9220\Z_RADR_I_Z9220_20180814011200_O_DOR_SA_CAP.bin.bz2
17:52:09 >>> Volume to grid for radar site : 北京S. Time of Data: 2018-08-14 01:12
17:52:35 >>> Exit the program.
17:53:40 >>> Load task:TaskSysMonitor
17:53:40 >>> Load task:TaskRealTimeSearch
17:53:40 >>> Load task:TaskMosaicTimer
17:53:40 >>> Load task:TaskArchiveDataProc
17:53:40 >>> Load task:TaskBaseDataQCPro
17:53:40 >>> Load task:TaskVSToCartesain
17:53:40 >>> Load task:TaskMultiSiteMosaic
17:53:40 >>> Load task:MosaicDerivedProdProc
17:54:50 >>> Start no-realtime operation
17:54:50 >>> Run ID: 0, BaseData QC Receive msg
17:54:51 >>> To get radar data and QC for 天津. File: Q:\20180814-HeibeiExample\Z9220\Z_RADR_I_Z9220_20180814000600_O_DOR_SA_CAP.bin.bz2
17:54:52 >>> Run ID: 0, Vs to Cart Receive msg
17:54:52 >>> Volume to grid for radar site : 天津. Time of Data: 2018-08-14 00:06
17:54:52 >>> To get radar data and QC for 承德. File: Q:\20180814-HeibeiExample\Z9314\Z_RADR_I_Z9314_20180814000600_O_DOR_CB_CAP.bin.bz2
17:54:55 >>> Volume to grid for radar site : 天津. Time of Data: 2018-08-14 00:06
17:55:05 >>> Run ID: 0, Mosaic Timer Receive msg
17:55:05 >>> Run ID: 0, Vs to Cart Receive msg
17:55:05 >>> Run ID: 0, BaseData QC Receive msg
17:55:05 >>> Volume to grid for radar site : 承德. Time of Data: 2018-08-14 00:06
17:55:05 >>> To get radar data and QC for 石家庄. File: Q:\20180814-HeibeiExample\Z9311\Z_RADR_I_Z9311_20180814000600_O_DOR_SA_CAP.bin.bz2
17:55:07 >>> Volume to grid for radar site : 承德. Time of Data: 2018-08-14 00:06
17:55:17 >>> Run ID: 0, Mosaic Timer Receive msg
17:55:17 >>> Run ID: 0, Vs to Cart Receive msg
17:55:17 >>> Run ID: 0, BaseData QC Receive msg
17:55:17 >>> Volume to grid for radar site : 石家庄. Time of Data: 2018-08-14 00:06
17:55:17 >>> To get radar data and QC for 秦皇岛. File: Q:\20180814-HeibeiExample\Z9335\Z_RADR_I_Z9335_20180814000600_O_DOR_SA_CAP.bin.bz2
17:55:20 >>> Volume to grid for radar site : 石家庄. Time of Data: 2018-08-14 00:06
17:55:30 >>> Run ID: 0, Mosaic Timer Receive msg
17:55:30 >>> Run ID: 0, Vs to Cart Receive msg
17:55:30 >>> Run ID: 0, BaseData QC Receive msg
17:55:30 >>> Volume to grid for radar site : 秦皇岛. Time of Data: 2018-08-14 00:06
17:55:30 >>> To get radar data and QC for 沧州. File: Q:\20180814-HeibeiExample\Z9317\Z_RADR_I_Z9317_20180814000600_O_DOR_SA_CAP.bin.bz2
17:55:33 >>> Volume to grid for radar site : 秦皇岛. Time of Data: 2018-08-14 00:06
17:55:43 >>> Run ID: 0, Mosaic Timer Receive msg
17:55:43 >>> Run ID: 0, Vs to Cart Receive msg
17:55:43 >>> Run ID: 0, BaseData QC Receive msg
17:55:43 >>> Volume to grid for radar site : 沧州. Time of Data: 2018-08-14 00:06
17:55:43 >>> To get radar data and QC for 北京S. File: Q:\20180814-HeibeiExample\Z9010\Z_RADR_I_Z9010_20180814000600_O_DOR_SA_CAP.bin.bz2
17:55:46 >>> Volume to grid for radar site : 沧州. Time of Data: 2018-08-14 00:06
17:55:56 >>> Run ID: 0, Mosaic Timer Receive msg
17:55:56 >>> Run ID: 0, Vs to Cart Receive msg
17:55:56 >>> Volume to grid for radar site : 北京S. Time of Data: 2018-08-14 00:06
17:55:59 >>> Volume to grid for radar site : 北京S. Time of Data: 2018-08-14 00:06
17:56:08 >>> Run ID: 0, Mosaic Timer Receive msg
17:56:08 >>> Run ID: 0, Start Mosaic !!!!
17:56:08 >>> Number of files for this mosaic time 6(min)=6
17:56:08 >>> Startup wind retrieval module by calling the applicaion!
17:56:08 >>> Run ID: 1, BaseData QC Receive msg
17:56:08 >>> To get radar data and QC for 秦皇岛. File: Q:\20180814-HeibeiExample\Z9335\Z_RADR_I_Z9335_20180814001200_O_DOR_SA_CAP.bin.bz2
17:56:10 >>> Run ID: 1, Vs to Cart Receive msg
17:56:10 >>> Run ID: 1, BaseData QC Receive msg
17:56:10 >>> Volume to grid for radar site : 秦皇岛. Time of Data: 2018-08-14 00:12
17:56:10 >>> To get radar data and QC for 石家庄. File: Q:\20180814-HeibeiExample\Z9311\Z_RADR_I_Z9311_20180814001200_O_DOR_SA_CAP.bin.bz2
17:56:13 >>> Volume to grid for radar site : 秦皇岛. Time of Data: 2018-08-14 00:12
17:56:23 >>> Run ID: 1, Mosaic Timer Receive msg
17:56:23 >>> Run ID: 1, Vs to Cart Receive msg
17:56:23 >>> Run ID: 1, BaseData QC Receive msg
17:56:23 >>> Volume to grid for radar site : 石家庄. Time of Data: 2018-08-14 00:12
17:56:23 >>> To get radar data and QC for 沧州. File: Q:\20180814-HeibeiExample\Z9317\Z_RADR_I_Z9317_20180814001200_O_DOR_SA_CAP.bin.bz2
17:56:25 >>> Volume to grid for radar site : 石家庄. Time of Data: 2018-08-14 00:12
17:56:35 >>> Run ID: 1, Mosaic Timer Receive msg
17:56:35 >>> Run ID: 1, Vs to Cart Receive msg
17:56:35 >>> Volume to grid for radar site : 沧州. Time of Data: 2018-08-14 00:12
17:56:35 >>> Run ID: 1, BaseData QC Receive msg
17:56:35 >>> To get radar data and QC for 天津. File: Q:\20180814-HeibeiExample\Z9220\Z_RADR_I_Z9220_20180814001200_O_DOR_SA_CAP.bin.bz2
17:56:38 >>> Volume to grid for radar site : 沧州. Time of Data: 2018-08-14 00:12
17:56:48 >>> Run ID: 1, Mosaic Timer Receive msg
17:56:48 >>> Run ID: 1, Vs to Cart Receive msg
17:56:48 >>> Volume to grid for radar site : 天津. Time of Data: 2018-08-14 00:12
17:56:48 >>> Run ID: 1, BaseData QC Receive msg
17:56:48 >>> To get radar data and QC for 承德. File: Q:\20180814-HeibeiExample\Z9314\Z_RADR_I_Z9314_20180814001200_O_DOR_CB_CAP.bin.bz2
17:56:51 >>> Volume to grid for radar site : 天津. Time of Data: 2018-08-14 00:12
17:57:01 >>> Run ID: 1, Mosaic Timer Receive msg
17:57:01 >>> Run ID: 1, Vs to Cart Receive msg
17:57:01 >>> Run ID: 1, BaseData QC Receive msg
17:57:01 >>> Volume to grid for radar site : 承德. Time of Data: 2018-08-14 00:12
17:57:01 >>> To get radar data and QC for 北京S. File: Q:\20180814-HeibeiExample\Z9010\Z_RADR_I_Z9010_20180814001200_O_DOR_SA_CAP.bin.bz2
17:57:04 >>> Volume to grid for radar site : 承德. Time of Data: 2018-08-14 00:12
17:57:13 >>> Run ID: 1, Mosaic Timer Receive msg
17:57:13 >>> Run ID: 1, Vs to Cart Receive msg
17:57:13 >>> Volume to grid for radar site : 北京S. Time of Data: 2018-08-14 00:12
17:57:16 >>> Volume to grid for radar site : 北京S. Time of Data: 2018-08-14 00:12
17:57:26 >>> Run ID: 1, Mosaic Timer Receive msg
17:57:26 >>> Run ID: 1, Start Mosaic !!!!
17:57:26 >>> Number of files for this mosaic time 12(min)=6
17:57:26 >>> Startup wind retrieval module by calling the applicaion!
17:57:26 >>> Run ID: 2, BaseData QC Receive msg
17:57:26 >>> To get radar data and QC for 天津. File: Q:\20180814-HeibeiExample\Z9220\Z_RADR_I_Z9220_20180814001800_O_DOR_SA_CAP.bin.bz2
17:57:27 >>> Run ID: 2, Vs to Cart Receive msg
17:57:27 >>> Run ID: 2, BaseData QC Receive msg
17:57:27 >>> Volume to grid for radar site : 天津. Time of Data: 2018-08-14 00:18
17:57:27 >>> To get radar data and QC for 石家庄. File: Q:\20180814-HeibeiExample\Z9311\Z_RADR_I_Z9311_20180814001800_O_DOR_SA_CAP.bin.bz2
17:57:30 >>> Volume to grid for radar site : 天津. Time of Data: 2018-08-14 00:18
17:57:40 >>> Run ID: 2, Mosaic Timer Receive msg
17:57:40 >>> Run ID: 2, Vs to Cart Receive msg
17:57:40 >>> Run ID: 2, BaseData QC Receive msg
17:57:40 >>> Volume to grid for radar site : 石家庄. Time of Data: 2018-08-14 00:18
17:57:40 >>> To get radar data and QC for 承德. File: Q:\20180814-HeibeiExample\Z9314\Z_RADR_I_Z9314_20180814001800_O_DOR_CB_CAP.bin.bz2
17:57:43 >>> Volume to grid for radar site : 石家庄. Time of Data: 2018-08-14 00:18
17:57:53 >>> Run ID: 2, Mosaic Timer Receive msg
17:57:53 >>> Run ID: 2, Vs to Cart Receive msg
17:57:53 >>> Run ID: 2, BaseData QC Receive msg
17:57:53 >>> Volume to grid for radar site : 承德. Time of Data: 2018-08-14 00:18
17:57:53 >>> To get radar data and QC for 秦皇岛. File: Q:\20180814-HeibeiExample\Z9335\Z_RADR_I_Z9335_20180814001800_O_DOR_SA_CAP.bin.bz2
17:57:55 >>> Volume to grid for radar site : 承德. Time of Data: 2018-08-14 00:18
17:58:05 >>> Run ID: 2, Mosaic Timer Receive msg
17:58:05 >>> Run ID: 2, Vs to Cart Receive msg
17:58:05 >>> Volume to grid for radar site : 秦皇岛. Time of Data: 2018-08-14 00:18
17:58:05 >>> Run ID: 2, BaseData QC Receive msg
17:58:05 >>> To get radar data and QC for 沧州. File: Q:\20180814-HeibeiExample\Z9317\Z_RADR_I_Z9317_20180814001800_O_DOR_SA_CAP.bin.bz2
17:58:08 >>> Volume to grid for radar site : 秦皇岛. Time of Data: 2018-08-14 00:18
17:58:18 >>> Run ID: 2, Mosaic Timer Receive msg
17:58:18 >>> Run ID: 2, Vs to Cart Receive msg
17:58:18 >>> Run ID: 2, BaseData QC Receive msg
17:58:18 >>> Volume to grid for radar site : 沧州. Time of Data: 2018-08-14 00:18
17:58:18 >>> To get radar data and QC for 北京S. File: Q:\20180814-HeibeiExample\Z9010\Z_RADR_I_Z9010_20180814001800_O_DOR_SA_CAP.bin.bz2
17:58:21 >>> Volume to grid for radar site : 沧州. Time of Data: 2018-08-14 00:18
17:58:31 >>> Run ID: 2, Mosaic Timer Receive msg
17:58:31 >>> Run ID: 2, Vs to Cart Receive msg
17:58:31 >>> Volume to grid for radar site : 北京S. Time of Data: 2018-08-14 00:18
17:58:34 >>> Volume to grid for radar site : 北京S. Time of Data: 2018-08-14 00:18
17:58:43 >>> Run ID: 2, Mosaic Timer Receive msg
17:58:43 >>> Number of files for this mosaic time 18(min)=6
17:58:43 >>> Startup wind retrieval module by calling the applicaion!
17:58:44 >>> Run ID: 3, BaseData QC Receive msg
17:58:44 >>> To get radar data and QC for 秦皇岛. File: Q:\20180814-HeibeiExample\Z9335\Z_RADR_I_Z9335_20180814002400_O_DOR_SA_CAP.bin.bz2
17:58:45 >>> Run ID: 3, Vs to Cart Receive msg
17:58:45 >>> Run ID: 3, BaseData QC Receive msg
17:58:45 >>> Volume to grid for radar site : 秦皇岛. Time of Data: 2018-08-14 00:24
17:58:45 >>> To get radar data and QC for 石家庄. File: Q:\20180814-HeibeiExample\Z9311\Z_RADR_I_Z9311_20180814002400_O_DOR_SA_CAP.bin.bz2
17:58:48 >>> Volume to grid for radar site : 秦皇岛. Time of Data: 2018-08-14 00:24
17:58:58 >>> Run ID: 3, Mosaic Timer Receive msg
17:58:58 >>> Run ID: 3, Vs to Cart Receive msg
17:58:58 >>> Run ID: 3, BaseData QC Receive msg
17:58:58 >>> Volume to grid for radar site : 石家庄. Time of Data: 2018-08-14 00:24
17:58:58 >>> To get radar data and QC for 天津. File: Q:\20180814-HeibeiExample\Z9220\Z_RADR_I_Z9220_20180814002400_O_DOR_SA_CAP.bin.bz2
17:59:00 >>> Volume to grid for radar site : 石家庄. Time of Data: 2018-08-14 00:24
17:59:10 >>> Run ID: 3, Mosaic Timer Receive msg
17:59:10 >>> Run ID: 3, Vs to Cart Receive msg
17:59:10 >>> Volume to grid for radar site : 天津. Time of Data: 2018-08-14 00:24
17:59:10 >>> Run ID: 3, BaseData QC Receive msg
17:59:10 >>> To get radar data and QC for 沧州. File: Q:\20180814-HeibeiExample\Z9317\Z_RADR_I_Z9317_20180814002400_O_DOR_SA_CAP.bin.bz2
17:59:13 >>> Volume to grid for radar site : 天津. Time of Data: 2018-08-14 00:24
17:59:23 >>> Run ID: 3, Mosaic Timer Receive msg
17:59:23 >>> Run ID: 3, Vs to Cart Receive msg
17:59:23 >>> Run ID: 3, BaseData QC Receive msg
17:59:23 >>> Volume to grid for radar site : 沧州. Time of Data: 2018-08-14 00:24
17:59:23 >>> To get radar data and QC for 承德. File: Q:\20180814-HeibeiExample\Z9314\Z_RADR_I_Z9314_20180814002400_O_DOR_CB_CAP.bin.bz2
17:59:26 >>> Volume to grid for radar site : 沧州. Time of Data: 2018-08-14 00:24
17:59:36 >>> Run ID: 3, Mosaic Timer Receive msg
17:59:36 >>> Run ID: 3, Vs to Cart Receive msg
17:59:36 >>> Run ID: 3, BaseData QC Receive msg
17:59:36 >>> Volume to grid for radar site : 承德. Time of Data: 2018-08-14 00:24
17:59:36 >>> To get radar data and QC for 北京S. File: Q:\20180814-HeibeiExample\Z9010\Z_RADR_I_Z9010_20180814002400_O_DOR_SA_CAP.bin.bz2
17:59:39 >>> Volume to grid for radar site : 承德. Time of Data: 2018-08-14 00:24
17:59:48 >>> Run ID: 3, Mosaic Timer Receive msg
17:59:48 >>> Run ID: 3, Vs to Cart Receive msg
17:59:49 >>> Volume to grid for radar site : 北京S. Time of Data: 2018-08-14 00:24
17:59:51 >>> Volume to grid for radar site : 北京S. Time of Data: 2018-08-14 00:24
18:00:01 >>> Run ID: 3, Mosaic Timer Receive msg
18:00:01 >>> Run ID: 3, Start Mosaic !!!!
18:00:01 >>> Number of files for this mosaic time 24(min)=6
18:00:01 >>> Startup wind retrieval module by calling the applicaion!
18:15:34 >>> Exit the program.
