20:01:04 >>> Load task:TaskSysMonitor
20:01:04 >>> Load task:TaskRealTimeSearch
20:01:04 >>> Load task:TaskMosaicTimer
20:01:04 >>> Load task:TaskArchiveDataProc
20:01:04 >>> Load task:TaskBaseDataQCPro
20:01:04 >>> Load task:TaskVSToCartesain
20:01:04 >>> Load task:TaskMultiSiteMosaic
20:01:04 >>> Load task:MosaicDerivedProdProc
20:01:19 >>> Start no-realtime operation
20:01:19 >>> Run ID: 0, BaseData QC Receive msg
20:01:19 >>> To get radar data and QC for 天津. File: Q:\20180814-HeibeiExample\Z9220\Z_RADR_I_Z9220_20180814000600_O_DOR_SA_CAP.bin.bz2
20:01:21 >>> Run ID: 0, Vs to Cart Receive msg
20:01:21 >>> Run ID: 0, BaseData QC Receive msg
20:01:21 >>> Volume to grid for radar site : 天津. Time of Data: 2018-08-14 00:06
20:01:21 >>> To get radar data and QC for 承德. File: Q:\20180814-HeibeiExample\Z9314\Z_RADR_I_Z9314_20180814000600_O_DOR_CB_CAP.bin.bz2
20:01:23 >>> Volume to grid for radar site : 天津. Time of Data: 2018-08-14 00:06
20:01:33 >>> Run ID: 0, Mosaic Timer Receive msg
20:01:33 >>> Run ID: 0, Vs to Cart Receive msg
20:01:33 >>> Run ID: 0, BaseData QC Receive msg
20:01:33 >>> Volume to grid for radar site : 承德. Time of Data: 2018-08-14 00:06
20:01:33 >>> To get radar data and QC for 石家庄. File: Q:\20180814-HeibeiExample\Z9311\Z_RADR_I_Z9311_20180814000600_O_DOR_SA_CAP.bin.bz2
20:01:36 >>> Volume to grid for radar site : 承德. Time of Data: 2018-08-14 00:06
20:01:46 >>> Run ID: 0, Mosaic Timer Receive msg
20:01:46 >>> Run ID: 0, Vs to Cart Receive msg
20:01:46 >>> Volume to grid for radar site : 石家庄. Time of Data: 2018-08-14 00:06
20:01:46 >>> To get radar data and QC for 秦皇岛. File: Q:\20180814-HeibeiExample\Z9335\Z_RADR_I_Z9335_20180814000600_O_DOR_SA_CAP.bin.bz2
20:01:49 >>> Volume to grid for radar site : 石家庄. Time of Data: 2018-08-14 00:06
20:02:10 >>> Run ID: 0, Mosaic Timer Receive msg
20:02:10 >>> Run ID: 0, Vs to Cart Receive msg
20:02:10 >>> Run ID: 0, BaseData QC Receive msg
20:02:10 >>> Volume to grid for radar site : 秦皇岛. Time of Data: 2018-08-14 00:06
20:02:10 >>> To get radar data and QC for 沧州. File: Q:\20180814-HeibeiExample\Z9317\Z_RADR_I_Z9317_20180814000600_O_DOR_SA_CAP.bin.bz2
20:02:13 >>> Volume to grid for radar site : 秦皇岛. Time of Data: 2018-08-14 00:06
20:02:23 >>> Run ID: 0, Mosaic Timer Receive msg
20:02:23 >>> Run ID: 0, Vs to Cart Receive msg
20:02:23 >>> Run ID: 0, BaseData QC Receive msg
20:02:23 >>> Volume to grid for radar site : 沧州. Time of Data: 2018-08-14 00:06
20:02:23 >>> To get radar data and QC for 北京S. File: Q:\20180814-HeibeiExample\Z9010\Z_RADR_I_Z9010_20180814000600_O_DOR_SA_CAP.bin.bz2
20:02:26 >>> Volume to grid for radar site : 沧州. Time of Data: 2018-08-14 00:06
20:02:35 >>> Run ID: 0, Mosaic Timer Receive msg
20:02:35 >>> Run ID: 0, Vs to Cart Receive msg
20:02:35 >>> Volume to grid for radar site : 北京S. Time of Data: 2018-08-14 00:06
20:02:38 >>> Volume to grid for radar site : 北京S. Time of Data: 2018-08-14 00:06
20:02:48 >>> Run ID: 0, Mosaic Timer Receive msg
20:02:48 >>> Run ID: 0, Start Mosaic !!!!
20:02:48 >>> Number of files for this mosaic time 6(min)=6
20:02:48 >>> Startup wind retrieval module by calling the applicaion!
20:02:48 >>> Run ID: 1, BaseData QC Receive msg
20:02:48 >>> To get radar data and QC for 秦皇岛. File: Q:\20180814-HeibeiExample\Z9335\Z_RADR_I_Z9335_20180814001200_O_DOR_SA_CAP.bin.bz2
20:02:49 >>> Run ID: 1, Vs to Cart Receive msg
20:02:49 >>> Volume to grid for radar site : 秦皇岛. Time of Data: 2018-08-14 00:12
20:02:50 >>> Run ID: 1, BaseData QC Receive msg
20:02:50 >>> To get radar data and QC for 石家庄. File: Q:\20180814-HeibeiExample\Z9311\Z_RADR_I_Z9311_20180814001200_O_DOR_SA_CAP.bin.bz2
20:02:52 >>> Volume to grid for radar site : 秦皇岛. Time of Data: 2018-08-14 00:12
20:03:08 >>> Run ID: 1, Mosaic Timer Receive msg
20:03:08 >>> Run ID: 1, Vs to Cart Receive msg
20:03:08 >>> Run ID: 1, BaseData QC Receive msg
20:03:08 >>> Volume to grid for radar site : 石家庄. Time of Data: 2018-08-14 00:12
20:03:08 >>> To get radar data and QC for 沧州. File: Q:\20180814-HeibeiExample\Z9317\Z_RADR_I_Z9317_20180814001200_O_DOR_SA_CAP.bin.bz2
20:03:11 >>> Volume to grid for radar site : 石家庄. Time of Data: 2018-08-14 00:12
20:03:21 >>> Run ID: 1, Mosaic Timer Receive msg
20:03:21 >>> Run ID: 1, Vs to Cart Receive msg
20:03:21 >>> Run ID: 1, BaseData QC Receive msg
20:03:21 >>> Volume to grid for radar site : 沧州. Time of Data: 2018-08-14 00:12
20:03:21 >>> To get radar data and QC for 天津. File: Q:\20180814-HeibeiExample\Z9220\Z_RADR_I_Z9220_20180814001200_O_DOR_SA_CAP.bin.bz2
20:03:24 >>> Volume to grid for radar site : 沧州. Time of Data: 2018-08-14 00:12
20:03:34 >>> Run ID: 1, Mosaic Timer Receive msg
20:03:34 >>> Run ID: 1, Vs to Cart Receive msg
20:03:34 >>> Run ID: 1, BaseData QC Receive msg
20:03:34 >>> Volume to grid for radar site : 天津. Time of Data: 2018-08-14 00:12
20:03:34 >>> To get radar data and QC for 承德. File: Q:\20180814-HeibeiExample\Z9314\Z_RADR_I_Z9314_20180814001200_O_DOR_CB_CAP.bin.bz2
20:03:37 >>> Volume to grid for radar site : 天津. Time of Data: 2018-08-14 00:12
20:03:46 >>> Run ID: 1, Mosaic Timer Receive msg
20:03:46 >>> Run ID: 1, Vs to Cart Receive msg
20:03:46 >>> Run ID: 1, BaseData QC Receive msg
20:03:46 >>> Volume to grid for radar site : 承德. Time of Data: 2018-08-14 00:12
20:03:46 >>> To get radar data and QC for 北京S. File: Q:\20180814-HeibeiExample\Z9010\Z_RADR_I_Z9010_20180814001200_O_DOR_SA_CAP.bin.bz2
20:03:49 >>> Volume to grid for radar site : 承德. Time of Data: 2018-08-14 00:12
20:04:03 >>> Run ID: 1, Mosaic Timer Receive msg
20:04:03 >>> Run ID: 1, Vs to Cart Receive msg
20:04:03 >>> Volume to grid for radar site : 北京S. Time of Data: 2018-08-14 00:12
20:04:06 >>> Volume to grid for radar site : 北京S. Time of Data: 2018-08-14 00:12
20:04:16 >>> Run ID: 1, Mosaic Timer Receive msg
20:04:16 >>> Run ID: 1, Start Mosaic !!!!
20:04:16 >>> Number of files for this mosaic time 12(min)=6
20:04:16 >>> Startup wind retrieval module by calling the applicaion!
20:04:16 >>> Run ID: 2, BaseData QC Receive msg
20:04:16 >>> To get radar data and QC for 天津. File: Q:\20180814-HeibeiExample\Z9220\Z_RADR_I_Z9220_20180814001800_O_DOR_SA_CAP.bin.bz2
20:04:17 >>> Run ID: 2, Vs to Cart Receive msg
20:04:17 >>> Volume to grid for radar site : 天津. Time of Data: 2018-08-14 00:18
20:04:17 >>> Run ID: 2, BaseData QC Receive msg
20:04:17 >>> To get radar data and QC for 石家庄. File: Q:\20180814-HeibeiExample\Z9311\Z_RADR_I_Z9311_20180814001800_O_DOR_SA_CAP.bin.bz2
20:04:20 >>> Volume to grid for radar site : 天津. Time of Data: 2018-08-14 00:18
20:04:36 >>> Run ID: 2, Mosaic Timer Receive msg
20:04:36 >>> Run ID: 2, Vs to Cart Receive msg
20:04:36 >>> Volume to grid for radar site : 石家庄. Time of Data: 2018-08-14 00:18
20:04:36 >>> Run ID: 2, BaseData QC Receive msg
20:04:36 >>> To get radar data and QC for 承德. File: Q:\20180814-HeibeiExample\Z9314\Z_RADR_I_Z9314_20180814001800_O_DOR_CB_CAP.bin.bz2
20:04:39 >>> Volume to grid for radar site : 石家庄. Time of Data: 2018-08-14 00:18
20:05:25 >>> Run ID: 2, Mosaic Timer Receive msg
20:05:25 >>> Run ID: 2, Vs to Cart Receive msg
20:05:25 >>> Run ID: 2, BaseData QC Receive msg
20:05:25 >>> Volume to grid for radar site : 承德. Time of Data: 2018-08-14 00:18
20:05:25 >>> To get radar data and QC for 秦皇岛. File: Q:\20180814-HeibeiExample\Z9335\Z_RADR_I_Z9335_20180814001800_O_DOR_SA_CAP.bin.bz2
20:05:28 >>> Volume to grid for radar site : 承德. Time of Data: 2018-08-14 00:18
20:05:38 >>> Run ID: 2, Mosaic Timer Receive msg
20:05:38 >>> Run ID: 2, Vs to Cart Receive msg
20:05:38 >>> Run ID: 2, BaseData QC Receive msg
20:05:38 >>> Volume to grid for radar site : 秦皇岛. Time of Data: 2018-08-14 00:18
20:05:38 >>> To get radar data and QC for 沧州. File: Q:\20180814-HeibeiExample\Z9317\Z_RADR_I_Z9317_20180814001800_O_DOR_SA_CAP.bin.bz2
20:05:41 >>> Volume to grid for radar site : 秦皇岛. Time of Data: 2018-08-14 00:18
20:05:51 >>> Run ID: 2, Mosaic Timer Receive msg
20:05:51 >>> Run ID: 2, Vs to Cart Receive msg
20:05:51 >>> Volume to grid for radar site : 沧州. Time of Data: 2018-08-14 00:18
20:05:51 >>> To get radar data and QC for 北京S. File: Q:\20180814-HeibeiExample\Z9010\Z_RADR_I_Z9010_20180814001800_O_DOR_SA_CAP.bin.bz2
20:05:54 >>> Volume to grid for radar site : 沧州. Time of Data: 2018-08-14 00:18
20:06:04 >>> Run ID: 2, Mosaic Timer Receive msg
20:06:04 >>> Run ID: 2, Vs to Cart Receive msg
20:06:04 >>> Volume to grid for radar site : 北京S. Time of Data: 2018-08-14 00:18
20:06:06 >>> Volume to grid for radar site : 北京S. Time of Data: 2018-08-14 00:18
20:06:16 >>> Run ID: 2, Mosaic Timer Receive msg
20:06:16 >>> Run ID: 2, Start Mosaic !!!!
20:06:16 >>> Number of files for this mosaic time 18(min)=6
20:06:16 >>> Startup wind retrieval module by calling the applicaion!
