17:54:43 >>>  调用反演模块
17:54:43 >>>  获取配置信息成功,继续下一步
17:54:43 >>>  获取各站径向速度格点数据
17:54:43 >>>  创建本地风场结果文件
17:54:43 >>>  输出数据头到本地风场结果文件
17:54:43 >>>  输出数据头到本地风场结果文件
17:54:43 >>>  输出数据头到本地风场结果文件
17:54:43 >>>  输出数据头到本地风场结果文件
17:54:43 >>>  输出数据头到本地风场结果文件
17:54:43 >>>  输出数据头到本地风场结果文件
17:54:43 >>>  输出数据头到本地风场结果文件
17:54:43 >>>  反演背景风场...
17:54:49 >>>  背景风场反演完成
17:54:50 >>>  开始反演精细风场...
17:55:00 >>>  输出风场反演结果成功
17:55:00 >>>  输出DIAMOND 131格式结果
17:55:01 >>>  本次反演过程完成
18:13:35 >>>  调用反演模块
18:13:35 >>>  获取配置信息成功,继续下一步
18:13:35 >>>  获取各站径向速度格点数据
18:13:35 >>>  创建本地风场结果文件
18:13:35 >>>  输出数据头到本地风场结果文件
18:13:35 >>>  输出数据头到本地风场结果文件
18:13:35 >>>  输出数据头到本地风场结果文件
18:13:35 >>>  输出数据头到本地风场结果文件
18:13:35 >>>  输出数据头到本地风场结果文件
18:13:35 >>>  输出数据头到本地风场结果文件
18:13:35 >>>  输出数据头到本地风场结果文件
18:13:35 >>>  反演背景风场...
18:13:42 >>>  背景风场反演完成
18:13:42 >>>  开始反演精细风场...
18:13:53 >>>  输出风场反演结果成功
18:13:53 >>>  输出DIAMOND 131格式结果
18:13:53 >>>  本次反演过程完成
18:18:02 >>>  调用反演模块
18:18:02 >>>  获取配置信息成功,继续下一步
18:18:02 >>>  获取各站径向速度格点数据
18:18:02 >>>  创建本地风场结果文件
18:18:02 >>>  输出数据头到本地风场结果文件
18:18:02 >>>  输出数据头到本地风场结果文件
18:18:02 >>>  输出数据头到本地风场结果文件
18:18:02 >>>  输出数据头到本地风场结果文件
18:18:02 >>>  输出数据头到本地风场结果文件
18:18:02 >>>  输出数据头到本地风场结果文件
18:18:02 >>>  输出数据头到本地风场结果文件
18:18:02 >>>  反演背景风场...
18:18:09 >>>  背景风场反演完成
18:18:09 >>>  开始反演精细风场...
18:18:20 >>>  输出风场反演结果成功
18:18:20 >>>  输出DIAMOND 131格式结果
18:18:20 >>>  本次反演过程完成
18:22:35 >>>  调用反演模块
18:22:35 >>>  获取配置信息成功,继续下一步
18:22:35 >>>  获取各站径向速度格点数据
18:22:35 >>>  创建本地风场结果文件
18:22:35 >>>  输出数据头到本地风场结果文件
18:22:35 >>>  输出数据头到本地风场结果文件
18:22:35 >>>  输出数据头到本地风场结果文件
18:22:35 >>>  输出数据头到本地风场结果文件
18:22:35 >>>  输出数据头到本地风场结果文件
18:22:35 >>>  输出数据头到本地风场结果文件
18:22:35 >>>  输出数据头到本地风场结果文件
18:22:35 >>>  反演背景风场...
18:22:42 >>>  背景风场反演完成
18:22:42 >>>  开始反演精细风场...
18:22:53 >>>  输出风场反演结果成功
18:22:53 >>>  输出DIAMOND 131格式结果
18:22:53 >>>  本次反演过程完成
18:27:05 >>>  调用反演模块
18:27:05 >>>  获取配置信息成功,继续下一步
18:27:05 >>>  获取各站径向速度格点数据
18:27:05 >>>  创建本地风场结果文件
18:27:05 >>>  输出数据头到本地风场结果文件
18:27:05 >>>  输出数据头到本地风场结果文件
18:27:05 >>>  输出数据头到本地风场结果文件
18:27:05 >>>  输出数据头到本地风场结果文件
18:27:05 >>>  输出数据头到本地风场结果文件
18:27:05 >>>  输出数据头到本地风场结果文件
18:27:05 >>>  输出数据头到本地风场结果文件
18:27:05 >>>  反演背景风场...
18:27:12 >>>  背景风场反演完成
18:27:12 >>>  开始反演精细风场...
18:27:23 >>>  输出风场反演结果成功
18:27:23 >>>  输出DIAMOND 131格式结果
18:27:23 >>>  本次反演过程完成
18:31:42 >>>  调用反演模块
18:31:42 >>>  获取配置信息成功,继续下一步
18:31:42 >>>  获取各站径向速度格点数据
18:31:42 >>>  创建本地风场结果文件
18:31:42 >>>  输出数据头到本地风场结果文件
18:31:42 >>>  输出数据头到本地风场结果文件
18:31:42 >>>  输出数据头到本地风场结果文件
18:31:42 >>>  输出数据头到本地风场结果文件
18:31:42 >>>  输出数据头到本地风场结果文件
18:31:43 >>>  输出数据头到本地风场结果文件
18:31:43 >>>  输出数据头到本地风场结果文件
18:31:43 >>>  反演背景风场...
18:31:49 >>>  背景风场反演完成
18:31:49 >>>  开始反演精细风场...
18:32:01 >>>  输出风场反演结果成功
18:32:01 >>>  输出DIAMOND 131格式结果
18:32:01 >>>  本次反演过程完成
18:36:18 >>>  调用反演模块
18:36:18 >>>  获取配置信息成功,继续下一步
18:36:18 >>>  获取各站径向速度格点数据
18:36:18 >>>  创建本地风场结果文件
18:36:18 >>>  输出数据头到本地风场结果文件
18:36:18 >>>  输出数据头到本地风场结果文件
18:36:18 >>>  输出数据头到本地风场结果文件
18:36:18 >>>  输出数据头到本地风场结果文件
18:36:18 >>>  输出数据头到本地风场结果文件
18:36:18 >>>  输出数据头到本地风场结果文件
18:36:18 >>>  输出数据头到本地风场结果文件
18:36:18 >>>  反演背景风场...
18:36:24 >>>  背景风场反演完成
18:36:25 >>>  开始反演精细风场...
18:36:35 >>>  输出风场反演结果成功
18:36:35 >>>  输出DIAMOND 131格式结果
18:36:36 >>>  本次反演过程完成
18:40:50 >>>  调用反演模块
18:40:50 >>>  获取配置信息成功,继续下一步
18:40:50 >>>  获取各站径向速度格点数据
18:40:50 >>>  创建本地风场结果文件
18:40:50 >>>  输出数据头到本地风场结果文件
18:40:50 >>>  输出数据头到本地风场结果文件
18:40:50 >>>  输出数据头到本地风场结果文件
18:40:50 >>>  输出数据头到本地风场结果文件
18:40:50 >>>  输出数据头到本地风场结果文件
18:40:50 >>>  输出数据头到本地风场结果文件
18:40:50 >>>  输出数据头到本地风场结果文件
18:40:50 >>>  反演背景风场...
18:40:57 >>>  背景风场反演完成
18:40:57 >>>  开始反演精细风场...
18:41:08 >>>  输出风场反演结果成功
18:41:08 >>>  输出DIAMOND 131格式结果
18:41:08 >>>  本次反演过程完成
18:45:22 >>>  调用反演模块
18:45:22 >>>  获取配置信息成功,继续下一步
18:45:22 >>>  获取各站径向速度格点数据
18:45:22 >>>  创建本地风场结果文件
18:45:22 >>>  输出数据头到本地风场结果文件
18:45:22 >>>  输出数据头到本地风场结果文件
18:45:22 >>>  输出数据头到本地风场结果文件
18:45:22 >>>  输出数据头到本地风场结果文件
18:45:22 >>>  输出数据头到本地风场结果文件
18:45:22 >>>  输出数据头到本地风场结果文件
18:45:22 >>>  输出数据头到本地风场结果文件
18:45:22 >>>  反演背景风场...
18:45:28 >>>  背景风场反演完成
18:45:29 >>>  开始反演精细风场...
18:45:40 >>>  输出风场反演结果成功
18:45:40 >>>  输出DIAMOND 131格式结果
18:45:40 >>>  本次反演过程完成
