21:03:07 >>>  调用反演模块
21:03:07 >>>  获取配置信息成功,继续下一步
21:03:07 >>>  获取各站径向速度格点数据
21:03:07 >>>  创建本地风场结果文件
21:03:07 >>>  输出数据头到本地风场结果文件
21:03:07 >>>  输出数据头到本地风场结果文件
21:03:07 >>>  输出数据头到本地风场结果文件
21:03:07 >>>  输出数据头到本地风场结果文件
21:03:07 >>>  输出数据头到本地风场结果文件
21:03:07 >>>  输出数据头到本地风场结果文件
21:03:08 >>>  输出数据头到本地风场结果文件
21:03:08 >>>  反演背景风场...
21:03:15 >>>  背景风场反演完成
21:03:16 >>>  开始反演精细风场...
21:03:28 >>>  输出风场反演结果成功
21:03:28 >>>  输出DIAMOND 131格式结果
21:03:29 >>>  本次反演过程完成
21:07:52 >>>  调用反演模块
21:07:52 >>>  获取配置信息成功,继续下一步
21:07:52 >>>  获取各站径向速度格点数据
21:07:52 >>>  创建本地风场结果文件
21:07:52 >>>  输出数据头到本地风场结果文件
21:07:52 >>>  输出数据头到本地风场结果文件
21:07:52 >>>  输出数据头到本地风场结果文件
21:07:52 >>>  输出数据头到本地风场结果文件
21:07:53 >>>  输出数据头到本地风场结果文件
21:07:53 >>>  输出数据头到本地风场结果文件
21:07:53 >>>  输出数据头到本地风场结果文件
21:07:53 >>>  反演背景风场...
21:08:01 >>>  背景风场反演完成
21:08:01 >>>  开始反演精细风场...
21:08:14 >>>  输出风场反演结果成功
21:08:14 >>>  输出DIAMOND 131格式结果
21:08:14 >>>  本次反演过程完成
21:12:55 >>>  调用反演模块
21:12:55 >>>  获取配置信息成功,继续下一步
21:12:55 >>>  获取各站径向速度格点数据
21:12:55 >>>  创建本地风场结果文件
21:12:55 >>>  输出数据头到本地风场结果文件
21:12:55 >>>  输出数据头到本地风场结果文件
21:12:55 >>>  输出数据头到本地风场结果文件
21:12:56 >>>  输出数据头到本地风场结果文件
21:12:56 >>>  输出数据头到本地风场结果文件
21:12:56 >>>  输出数据头到本地风场结果文件
21:12:56 >>>  输出数据头到本地风场结果文件
21:12:56 >>>  反演背景风场...
21:13:04 >>>  背景风场反演完成
21:13:04 >>>  开始反演精细风场...
21:13:17 >>>  输出风场反演结果成功
21:13:17 >>>  输出DIAMOND 131格式结果
21:13:17 >>>  本次反演过程完成
21:17:59 >>>  调用反演模块
21:17:59 >>>  获取配置信息成功,继续下一步
21:17:59 >>>  获取各站径向速度格点数据
21:18:01 >>>  创建本地风场结果文件
21:18:01 >>>  输出数据头到本地风场结果文件
21:18:03 >>>  输出数据头到本地风场结果文件
21:18:04 >>>  输出数据头到本地风场结果文件
21:18:04 >>>  输出数据头到本地风场结果文件
21:18:04 >>>  输出数据头到本地风场结果文件
21:18:04 >>>  输出数据头到本地风场结果文件
21:18:05 >>>  输出数据头到本地风场结果文件
21:18:05 >>>  反演背景风场...
21:18:12 >>>  背景风场反演完成
21:18:12 >>>  开始反演精细风场...
21:18:25 >>>  输出风场反演结果成功
21:18:25 >>>  输出DIAMOND 131格式结果
21:18:26 >>>  本次反演过程完成
21:23:13 >>>  调用反演模块
21:23:13 >>>  获取配置信息成功,继续下一步
21:23:13 >>>  获取各站径向速度格点数据
21:23:13 >>>  创建本地风场结果文件
21:23:13 >>>  输出数据头到本地风场结果文件
21:23:13 >>>  输出数据头到本地风场结果文件
21:23:13 >>>  输出数据头到本地风场结果文件
21:23:13 >>>  输出数据头到本地风场结果文件
21:23:14 >>>  输出数据头到本地风场结果文件
21:23:14 >>>  输出数据头到本地风场结果文件
21:23:14 >>>  输出数据头到本地风场结果文件
21:23:14 >>>  反演背景风场...
21:23:22 >>>  背景风场反演完成
21:23:22 >>>  开始反演精细风场...
21:23:35 >>>  输出风场反演结果成功
21:23:35 >>>  输出DIAMOND 131格式结果
21:23:35 >>>  本次反演过程完成
21:28:16 >>>  调用反演模块
21:28:16 >>>  获取配置信息成功,继续下一步
21:28:16 >>>  获取各站径向速度格点数据
21:28:17 >>>  创建本地风场结果文件
21:28:17 >>>  输出数据头到本地风场结果文件
21:28:17 >>>  输出数据头到本地风场结果文件
21:28:17 >>>  输出数据头到本地风场结果文件
21:28:17 >>>  输出数据头到本地风场结果文件
21:28:17 >>>  输出数据头到本地风场结果文件
21:28:17 >>>  输出数据头到本地风场结果文件
21:28:18 >>>  输出数据头到本地风场结果文件
21:28:18 >>>  反演背景风场...
21:28:25 >>>  背景风场反演完成
21:28:26 >>>  开始反演精细风场...
21:28:39 >>>  输出风场反演结果成功
21:28:39 >>>  输出DIAMOND 131格式结果
21:28:39 >>>  本次反演过程完成
21:33:21 >>>  调用反演模块
21:33:21 >>>  获取配置信息成功,继续下一步
21:33:21 >>>  获取各站径向速度格点数据
21:33:21 >>>  创建本地风场结果文件
21:33:21 >>>  输出数据头到本地风场结果文件
21:33:21 >>>  输出数据头到本地风场结果文件
21:33:21 >>>  输出数据头到本地风场结果文件
21:33:21 >>>  输出数据头到本地风场结果文件
21:33:21 >>>  输出数据头到本地风场结果文件
21:33:22 >>>  输出数据头到本地风场结果文件
21:33:22 >>>  输出数据头到本地风场结果文件
21:33:22 >>>  反演背景风场...
21:33:30 >>>  背景风场反演完成
21:33:30 >>>  开始反演精细风场...
21:33:43 >>>  输出风场反演结果成功
21:33:43 >>>  输出DIAMOND 131格式结果
21:33:43 >>>  本次反演过程完成
21:38:24 >>>  调用反演模块
21:38:24 >>>  获取配置信息成功,继续下一步
21:38:24 >>>  获取各站径向速度格点数据
21:38:24 >>>  创建本地风场结果文件
21:38:24 >>>  输出数据头到本地风场结果文件
21:38:24 >>>  输出数据头到本地风场结果文件
21:38:24 >>>  输出数据头到本地风场结果文件
21:38:25 >>>  输出数据头到本地风场结果文件
21:38:25 >>>  输出数据头到本地风场结果文件
21:38:25 >>>  输出数据头到本地风场结果文件
21:38:26 >>>  输出数据头到本地风场结果文件
21:38:26 >>>  反演背景风场...
21:38:34 >>>  背景风场反演完成
21:38:34 >>>  开始反演精细风场...
21:38:47 >>>  输出风场反演结果成功
21:38:47 >>>  输出DIAMOND 131格式结果
21:38:47 >>>  本次反演过程完成
21:43:27 >>>  调用反演模块
21:43:27 >>>  获取配置信息成功,继续下一步
21:43:27 >>>  获取各站径向速度格点数据
21:43:27 >>>  创建本地风场结果文件
21:43:27 >>>  输出数据头到本地风场结果文件
21:43:27 >>>  输出数据头到本地风场结果文件
21:43:28 >>>  输出数据头到本地风场结果文件
21:43:28 >>>  输出数据头到本地风场结果文件
21:43:28 >>>  输出数据头到本地风场结果文件
21:43:28 >>>  输出数据头到本地风场结果文件
21:43:28 >>>  输出数据头到本地风场结果文件
21:43:28 >>>  反演背景风场...
21:43:36 >>>  背景风场反演完成
21:43:37 >>>  开始反演精细风场...
21:43:49 >>>  输出风场反演结果成功
21:43:49 >>>  输出DIAMOND 131格式结果
21:43:50 >>>  本次反演过程完成
21:48:35 >>>  调用反演模块
21:48:35 >>>  获取配置信息成功,继续下一步
21:48:35 >>>  获取各站径向速度格点数据
21:48:35 >>>  创建本地风场结果文件
21:48:35 >>>  输出数据头到本地风场结果文件
21:48:36 >>>  输出数据头到本地风场结果文件
21:48:36 >>>  输出数据头到本地风场结果文件
21:48:36 >>>  输出数据头到本地风场结果文件
21:48:36 >>>  输出数据头到本地风场结果文件
21:48:36 >>>  输出数据头到本地风场结果文件
21:48:36 >>>  输出数据头到本地风场结果文件
21:48:37 >>>  反演背景风场...
21:48:44 >>>  背景风场反演完成
21:48:45 >>>  开始反演精细风场...
21:48:58 >>>  输出风场反演结果成功
21:48:58 >>>  输出DIAMOND 131格式结果
21:48:58 >>>  本次反演过程完成
21:53:50 >>>  调用反演模块
21:53:50 >>>  获取配置信息成功,继续下一步
21:53:50 >>>  获取各站径向速度格点数据
21:53:51 >>>  创建本地风场结果文件
21:53:51 >>>  输出数据头到本地风场结果文件
21:53:51 >>>  输出数据头到本地风场结果文件
21:53:51 >>>  输出数据头到本地风场结果文件
21:53:51 >>>  输出数据头到本地风场结果文件
21:53:51 >>>  输出数据头到本地风场结果文件
21:53:51 >>>  输出数据头到本地风场结果文件
21:53:52 >>>  输出数据头到本地风场结果文件
21:53:52 >>>  反演背景风场...
21:53:59 >>>  背景风场反演完成
21:54:00 >>>  开始反演精细风场...
21:54:13 >>>  输出风场反演结果成功
21:54:13 >>>  输出DIAMOND 131格式结果
21:54:13 >>>  本次反演过程完成
21:58:54 >>>  调用反演模块
21:58:54 >>>  获取配置信息成功,继续下一步
21:58:54 >>>  获取各站径向速度格点数据
21:58:54 >>>  创建本地风场结果文件
21:58:54 >>>  输出数据头到本地风场结果文件
21:58:54 >>>  输出数据头到本地风场结果文件
21:58:54 >>>  输出数据头到本地风场结果文件
21:58:54 >>>  输出数据头到本地风场结果文件
21:58:54 >>>  输出数据头到本地风场结果文件
21:58:55 >>>  输出数据头到本地风场结果文件
21:58:55 >>>  输出数据头到本地风场结果文件
21:58:55 >>>  反演背景风场...
21:59:03 >>>  背景风场反演完成
21:59:03 >>>  开始反演精细风场...
21:59:16 >>>  输出风场反演结果成功
21:59:16 >>>  输出DIAMOND 131格式结果
21:59:16 >>>  本次反演过程完成
22:03:57 >>>  调用反演模块
22:03:57 >>>  获取配置信息成功,继续下一步
22:03:57 >>>  获取各站径向速度格点数据
22:03:57 >>>  创建本地风场结果文件
22:03:57 >>>  输出数据头到本地风场结果文件
22:03:57 >>>  输出数据头到本地风场结果文件
22:03:57 >>>  输出数据头到本地风场结果文件
22:03:57 >>>  输出数据头到本地风场结果文件
22:03:57 >>>  输出数据头到本地风场结果文件
22:03:58 >>>  输出数据头到本地风场结果文件
22:03:58 >>>  输出数据头到本地风场结果文件
22:03:58 >>>  反演背景风场...
22:04:06 >>>  背景风场反演完成
22:04:06 >>>  开始反演精细风场...
22:04:19 >>>  输出风场反演结果成功
22:04:19 >>>  输出DIAMOND 131格式结果
22:04:20 >>>  本次反演过程完成
22:09:00 >>>  调用反演模块
22:09:00 >>>  获取配置信息成功,继续下一步
22:09:00 >>>  获取各站径向速度格点数据
22:09:01 >>>  创建本地风场结果文件
22:09:01 >>>  输出数据头到本地风场结果文件
22:09:01 >>>  输出数据头到本地风场结果文件
22:09:01 >>>  输出数据头到本地风场结果文件
22:09:01 >>>  输出数据头到本地风场结果文件
22:09:01 >>>  输出数据头到本地风场结果文件
22:09:01 >>>  输出数据头到本地风场结果文件
22:09:02 >>>  输出数据头到本地风场结果文件
22:09:02 >>>  反演背景风场...
22:09:09 >>>  背景风场反演完成
22:09:10 >>>  开始反演精细风场...
22:09:23 >>>  输出风场反演结果成功
22:09:23 >>>  输出DIAMOND 131格式结果
22:09:23 >>>  本次反演过程完成
22:14:04 >>>  调用反演模块
22:14:04 >>>  获取配置信息成功,继续下一步
22:14:04 >>>  获取各站径向速度格点数据
22:14:04 >>>  创建本地风场结果文件
22:14:04 >>>  输出数据头到本地风场结果文件
22:14:04 >>>  输出数据头到本地风场结果文件
22:14:05 >>>  输出数据头到本地风场结果文件
22:14:05 >>>  输出数据头到本地风场结果文件
22:14:05 >>>  输出数据头到本地风场结果文件
22:14:05 >>>  输出数据头到本地风场结果文件
22:14:05 >>>  输出数据头到本地风场结果文件
22:14:05 >>>  反演背景风场...
22:14:13 >>>  背景风场反演完成
22:14:13 >>>  开始反演精细风场...
22:14:26 >>>  输出风场反演结果成功
22:14:26 >>>  输出DIAMOND 131格式结果
22:14:26 >>>  本次反演过程完成
22:19:08 >>>  调用反演模块
22:19:08 >>>  获取配置信息成功,继续下一步
22:19:08 >>>  获取各站径向速度格点数据
22:19:08 >>>  创建本地风场结果文件
22:19:08 >>>  输出数据头到本地风场结果文件
22:19:08 >>>  输出数据头到本地风场结果文件
22:19:08 >>>  输出数据头到本地风场结果文件
22:19:09 >>>  输出数据头到本地风场结果文件
22:19:09 >>>  输出数据头到本地风场结果文件
22:19:09 >>>  输出数据头到本地风场结果文件
22:19:09 >>>  输出数据头到本地风场结果文件
22:19:09 >>>  反演背景风场...
22:19:17 >>>  背景风场反演完成
22:19:17 >>>  开始反演精细风场...
22:19:31 >>>  输出风场反演结果成功
22:19:31 >>>  输出DIAMOND 131格式结果
22:19:31 >>>  本次反演过程完成
22:24:12 >>>  调用反演模块
22:24:12 >>>  获取配置信息成功,继续下一步
22:24:12 >>>  获取各站径向速度格点数据
22:24:12 >>>  创建本地风场结果文件
22:24:12 >>>  输出数据头到本地风场结果文件
22:24:12 >>>  输出数据头到本地风场结果文件
22:24:13 >>>  输出数据头到本地风场结果文件
22:24:13 >>>  输出数据头到本地风场结果文件
22:24:13 >>>  输出数据头到本地风场结果文件
22:24:13 >>>  输出数据头到本地风场结果文件
22:24:13 >>>  输出数据头到本地风场结果文件
22:24:13 >>>  反演背景风场...
22:24:21 >>>  背景风场反演完成
22:24:21 >>>  开始反演精细风场...
22:24:35 >>>  输出风场反演结果成功
22:24:35 >>>  输出DIAMOND 131格式结果
22:24:35 >>>  本次反演过程完成
22:29:16 >>>  调用反演模块
22:29:16 >>>  获取配置信息成功,继续下一步
22:29:16 >>>  获取各站径向速度格点数据
22:29:16 >>>  创建本地风场结果文件
22:29:16 >>>  输出数据头到本地风场结果文件
22:29:16 >>>  输出数据头到本地风场结果文件
22:29:16 >>>  输出数据头到本地风场结果文件
22:29:17 >>>  输出数据头到本地风场结果文件
22:29:17 >>>  输出数据头到本地风场结果文件
22:29:17 >>>  输出数据头到本地风场结果文件
22:29:17 >>>  输出数据头到本地风场结果文件
22:29:17 >>>  反演背景风场...
22:29:25 >>>  背景风场反演完成
22:29:25 >>>  开始反演精细风场...
22:29:38 >>>  输出风场反演结果成功
22:29:38 >>>  输出DIAMOND 131格式结果
22:29:39 >>>  本次反演过程完成
22:34:19 >>>  调用反演模块
22:34:19 >>>  获取配置信息成功,继续下一步
22:34:19 >>>  获取各站径向速度格点数据
22:34:20 >>>  创建本地风场结果文件
22:34:20 >>>  输出数据头到本地风场结果文件
22:34:20 >>>  输出数据头到本地风场结果文件
22:34:20 >>>  输出数据头到本地风场结果文件
22:34:20 >>>  输出数据头到本地风场结果文件
22:34:20 >>>  输出数据头到本地风场结果文件
22:34:20 >>>  输出数据头到本地风场结果文件
22:34:21 >>>  输出数据头到本地风场结果文件
22:34:21 >>>  反演背景风场...
22:34:28 >>>  背景风场反演完成
22:34:29 >>>  开始反演精细风场...
22:34:41 >>>  输出风场反演结果成功
22:34:41 >>>  输出DIAMOND 131格式结果
22:34:42 >>>  本次反演过程完成
22:39:23 >>>  调用反演模块
22:39:23 >>>  获取配置信息成功,继续下一步
22:39:23 >>>  获取各站径向速度格点数据
22:39:24 >>>  创建本地风场结果文件
22:39:24 >>>  输出数据头到本地风场结果文件
22:39:24 >>>  输出数据头到本地风场结果文件
22:39:24 >>>  输出数据头到本地风场结果文件
22:39:24 >>>  输出数据头到本地风场结果文件
22:39:24 >>>  输出数据头到本地风场结果文件
22:39:24 >>>  输出数据头到本地风场结果文件
22:39:24 >>>  输出数据头到本地风场结果文件
22:39:25 >>>  反演背景风场...
22:39:33 >>>  背景风场反演完成
22:39:33 >>>  开始反演精细风场...
22:39:46 >>>  输出风场反演结果成功
22:39:46 >>>  输出DIAMOND 131格式结果
22:39:46 >>>  本次反演过程完成
22:44:26 >>>  调用反演模块
22:44:26 >>>  获取配置信息成功,继续下一步
22:44:26 >>>  获取各站径向速度格点数据
22:44:27 >>>  创建本地风场结果文件
22:44:27 >>>  输出数据头到本地风场结果文件
22:44:27 >>>  输出数据头到本地风场结果文件
22:44:27 >>>  输出数据头到本地风场结果文件
22:44:27 >>>  输出数据头到本地风场结果文件
22:44:27 >>>  输出数据头到本地风场结果文件
22:44:27 >>>  输出数据头到本地风场结果文件
22:44:28 >>>  输出数据头到本地风场结果文件
22:44:28 >>>  反演背景风场...
22:44:35 >>>  背景风场反演完成
22:44:36 >>>  开始反演精细风场...
22:44:49 >>>  输出风场反演结果成功
22:44:49 >>>  输出DIAMOND 131格式结果
22:44:49 >>>  本次反演过程完成
22:49:30 >>>  调用反演模块
22:49:30 >>>  获取配置信息成功,继续下一步
22:49:30 >>>  获取各站径向速度格点数据
22:49:30 >>>  创建本地风场结果文件
22:49:30 >>>  输出数据头到本地风场结果文件
22:49:30 >>>  输出数据头到本地风场结果文件
22:49:30 >>>  输出数据头到本地风场结果文件
22:49:30 >>>  输出数据头到本地风场结果文件
22:49:31 >>>  输出数据头到本地风场结果文件
22:49:31 >>>  输出数据头到本地风场结果文件
22:49:31 >>>  输出数据头到本地风场结果文件
22:49:31 >>>  反演背景风场...
22:49:39 >>>  背景风场反演完成
22:49:39 >>>  开始反演精细风场...
22:49:52 >>>  输出风场反演结果成功
22:49:52 >>>  输出DIAMOND 131格式结果
22:49:52 >>>  本次反演过程完成
22:54:33 >>>  调用反演模块
22:54:33 >>>  获取配置信息成功,继续下一步
22:54:33 >>>  获取各站径向速度格点数据
22:54:33 >>>  创建本地风场结果文件
22:54:33 >>>  输出数据头到本地风场结果文件
22:54:33 >>>  输出数据头到本地风场结果文件
22:54:34 >>>  输出数据头到本地风场结果文件
22:54:34 >>>  输出数据头到本地风场结果文件
22:54:34 >>>  输出数据头到本地风场结果文件
22:54:34 >>>  输出数据头到本地风场结果文件
22:54:34 >>>  输出数据头到本地风场结果文件
22:54:34 >>>  反演背景风场...
22:54:42 >>>  背景风场反演完成
22:54:42 >>>  开始反演精细风场...
22:54:55 >>>  输出风场反演结果成功
22:54:55 >>>  输出DIAMOND 131格式结果
22:54:56 >>>  本次反演过程完成
22:59:38 >>>  调用反演模块
22:59:38 >>>  获取配置信息成功,继续下一步
22:59:38 >>>  获取各站径向速度格点数据
22:59:38 >>>  创建本地风场结果文件
22:59:38 >>>  输出数据头到本地风场结果文件
22:59:38 >>>  输出数据头到本地风场结果文件
22:59:38 >>>  输出数据头到本地风场结果文件
22:59:38 >>>  输出数据头到本地风场结果文件
22:59:38 >>>  输出数据头到本地风场结果文件
22:59:39 >>>  输出数据头到本地风场结果文件
22:59:39 >>>  输出数据头到本地风场结果文件
22:59:39 >>>  反演背景风场...
22:59:47 >>>  背景风场反演完成
22:59:47 >>>  开始反演精细风场...
23:00:00 >>>  输出风场反演结果成功
23:00:00 >>>  输出DIAMOND 131格式结果
23:00:00 >>>  本次反演过程完成
23:04:43 >>>  调用反演模块
23:04:43 >>>  获取配置信息成功,继续下一步
23:04:43 >>>  获取各站径向速度格点数据
23:04:43 >>>  创建本地风场结果文件
23:04:43 >>>  输出数据头到本地风场结果文件
23:04:43 >>>  输出数据头到本地风场结果文件
23:04:43 >>>  输出数据头到本地风场结果文件
23:04:44 >>>  输出数据头到本地风场结果文件
23:04:44 >>>  输出数据头到本地风场结果文件
23:04:44 >>>  输出数据头到本地风场结果文件
23:04:44 >>>  输出数据头到本地风场结果文件
23:04:44 >>>  反演背景风场...
23:04:52 >>>  背景风场反演完成
23:04:52 >>>  开始反演精细风场...
23:05:06 >>>  输出风场反演结果成功
23:05:06 >>>  输出DIAMOND 131格式结果
23:05:06 >>>  本次反演过程完成
23:09:47 >>>  调用反演模块
23:09:47 >>>  获取配置信息成功,继续下一步
23:09:47 >>>  获取各站径向速度格点数据
23:09:47 >>>  创建本地风场结果文件
23:09:47 >>>  输出数据头到本地风场结果文件
23:09:47 >>>  输出数据头到本地风场结果文件
23:09:47 >>>  输出数据头到本地风场结果文件
23:09:48 >>>  输出数据头到本地风场结果文件
23:09:48 >>>  输出数据头到本地风场结果文件
23:09:48 >>>  输出数据头到本地风场结果文件
23:09:48 >>>  输出数据头到本地风场结果文件
23:09:48 >>>  反演背景风场...
23:09:56 >>>  背景风场反演完成
23:09:56 >>>  开始反演精细风场...
23:10:09 >>>  输出风场反演结果成功
23:10:09 >>>  输出DIAMOND 131格式结果
23:10:10 >>>  本次反演过程完成
23:14:52 >>>  调用反演模块
23:14:52 >>>  获取配置信息成功,继续下一步
23:14:52 >>>  获取各站径向速度格点数据
23:14:52 >>>  创建本地风场结果文件
23:14:52 >>>  输出数据头到本地风场结果文件
23:14:53 >>>  输出数据头到本地风场结果文件
23:14:53 >>>  输出数据头到本地风场结果文件
23:14:54 >>>  输出数据头到本地风场结果文件
23:14:54 >>>  输出数据头到本地风场结果文件
23:14:54 >>>  输出数据头到本地风场结果文件
23:14:54 >>>  输出数据头到本地风场结果文件
23:14:54 >>>  反演背景风场...
23:15:02 >>>  背景风场反演完成
23:15:02 >>>  开始反演精细风场...
23:15:15 >>>  输出风场反演结果成功
23:15:15 >>>  输出DIAMOND 131格式结果
23:15:15 >>>  本次反演过程完成
23:19:56 >>>  调用反演模块
23:19:56 >>>  获取配置信息成功,继续下一步
23:19:56 >>>  获取各站径向速度格点数据
23:19:57 >>>  创建本地风场结果文件
23:19:57 >>>  输出数据头到本地风场结果文件
23:19:57 >>>  输出数据头到本地风场结果文件
23:19:57 >>>  输出数据头到本地风场结果文件
23:19:57 >>>  输出数据头到本地风场结果文件
23:19:57 >>>  输出数据头到本地风场结果文件
23:19:57 >>>  输出数据头到本地风场结果文件
23:19:57 >>>  输出数据头到本地风场结果文件
23:19:58 >>>  反演背景风场...
23:20:05 >>>  背景风场反演完成
23:20:06 >>>  开始反演精细风场...
23:20:19 >>>  输出风场反演结果成功
23:20:19 >>>  输出DIAMOND 131格式结果
23:20:19 >>>  本次反演过程完成
23:25:02 >>>  调用反演模块
23:25:02 >>>  获取配置信息成功,继续下一步
23:25:02 >>>  获取各站径向速度格点数据
23:25:02 >>>  创建本地风场结果文件
23:25:02 >>>  输出数据头到本地风场结果文件
23:25:02 >>>  输出数据头到本地风场结果文件
23:25:02 >>>  输出数据头到本地风场结果文件
23:25:02 >>>  输出数据头到本地风场结果文件
23:25:02 >>>  输出数据头到本地风场结果文件
23:25:03 >>>  输出数据头到本地风场结果文件
23:25:03 >>>  输出数据头到本地风场结果文件
23:25:03 >>>  反演背景风场...
23:25:11 >>>  背景风场反演完成
23:25:11 >>>  开始反演精细风场...
23:25:24 >>>  输出风场反演结果成功
23:25:24 >>>  输出DIAMOND 131格式结果
23:25:24 >>>  本次反演过程完成
23:30:05 >>>  调用反演模块
23:30:05 >>>  获取配置信息成功,继续下一步
23:30:05 >>>  获取各站径向速度格点数据
23:30:05 >>>  创建本地风场结果文件
23:30:05 >>>  输出数据头到本地风场结果文件
23:30:06 >>>  输出数据头到本地风场结果文件
23:30:06 >>>  输出数据头到本地风场结果文件
23:30:06 >>>  输出数据头到本地风场结果文件
23:30:06 >>>  输出数据头到本地风场结果文件
23:30:06 >>>  输出数据头到本地风场结果文件
23:30:07 >>>  输出数据头到本地风场结果文件
23:30:07 >>>  反演背景风场...
23:30:14 >>>  背景风场反演完成
23:30:15 >>>  开始反演精细风场...
23:30:27 >>>  输出风场反演结果成功
23:30:27 >>>  输出DIAMOND 131格式结果
23:30:28 >>>  本次反演过程完成
23:35:09 >>>  调用反演模块
23:35:09 >>>  获取配置信息成功,继续下一步
23:35:09 >>>  获取各站径向速度格点数据
23:35:09 >>>  创建本地风场结果文件
23:35:09 >>>  输出数据头到本地风场结果文件
23:35:09 >>>  输出数据头到本地风场结果文件
23:35:09 >>>  输出数据头到本地风场结果文件
23:35:09 >>>  输出数据头到本地风场结果文件
23:35:09 >>>  输出数据头到本地风场结果文件
23:35:10 >>>  输出数据头到本地风场结果文件
23:35:10 >>>  输出数据头到本地风场结果文件
23:35:10 >>>  反演背景风场...
23:35:17 >>>  背景风场反演完成
23:35:18 >>>  开始反演精细风场...
23:35:31 >>>  输出风场反演结果成功
23:35:31 >>>  输出DIAMOND 131格式结果
23:35:31 >>>  本次反演过程完成
23:40:13 >>>  调用反演模块
23:40:13 >>>  获取配置信息成功,继续下一步
23:40:13 >>>  获取各站径向速度格点数据
23:40:13 >>>  创建本地风场结果文件
23:40:13 >>>  输出数据头到本地风场结果文件
23:40:13 >>>  输出数据头到本地风场结果文件
23:40:13 >>>  输出数据头到本地风场结果文件
23:40:13 >>>  输出数据头到本地风场结果文件
23:40:14 >>>  输出数据头到本地风场结果文件
23:40:14 >>>  输出数据头到本地风场结果文件
23:40:14 >>>  输出数据头到本地风场结果文件
23:40:14 >>>  反演背景风场...
23:40:22 >>>  背景风场反演完成
23:40:22 >>>  开始反演精细风场...
23:40:35 >>>  输出风场反演结果成功
23:40:35 >>>  输出DIAMOND 131格式结果
23:40:36 >>>  本次反演过程完成
23:45:17 >>>  调用反演模块
23:45:17 >>>  获取配置信息成功,继续下一步
23:45:17 >>>  获取各站径向速度格点数据
23:45:17 >>>  创建本地风场结果文件
23:45:17 >>>  输出数据头到本地风场结果文件
23:45:17 >>>  输出数据头到本地风场结果文件
23:45:17 >>>  输出数据头到本地风场结果文件
23:45:17 >>>  输出数据头到本地风场结果文件
23:45:17 >>>  输出数据头到本地风场结果文件
23:45:17 >>>  输出数据头到本地风场结果文件
23:45:18 >>>  输出数据头到本地风场结果文件
23:45:18 >>>  反演背景风场...
23:45:25 >>>  背景风场反演完成
23:45:26 >>>  开始反演精细风场...
23:45:39 >>>  输出风场反演结果成功
23:45:39 >>>  输出DIAMOND 131格式结果
23:45:39 >>>  本次反演过程完成
23:50:20 >>>  调用反演模块
23:50:20 >>>  获取配置信息成功,继续下一步
23:50:20 >>>  获取各站径向速度格点数据
23:50:20 >>>  创建本地风场结果文件
23:50:20 >>>  输出数据头到本地风场结果文件
23:50:20 >>>  输出数据头到本地风场结果文件
23:50:20 >>>  输出数据头到本地风场结果文件
23:50:21 >>>  输出数据头到本地风场结果文件
23:50:21 >>>  输出数据头到本地风场结果文件
23:50:21 >>>  输出数据头到本地风场结果文件
23:50:21 >>>  输出数据头到本地风场结果文件
23:50:21 >>>  反演背景风场...
23:50:29 >>>  背景风场反演完成
23:50:29 >>>  开始反演精细风场...
23:50:42 >>>  输出风场反演结果成功
23:50:42 >>>  输出DIAMOND 131格式结果
23:50:43 >>>  本次反演过程完成
23:55:24 >>>  调用反演模块
23:55:24 >>>  获取配置信息成功,继续下一步
23:55:24 >>>  获取各站径向速度格点数据
23:55:24 >>>  创建本地风场结果文件
23:55:24 >>>  输出数据头到本地风场结果文件
23:55:24 >>>  输出数据头到本地风场结果文件
23:55:25 >>>  输出数据头到本地风场结果文件
23:55:25 >>>  输出数据头到本地风场结果文件
23:55:25 >>>  输出数据头到本地风场结果文件
23:55:25 >>>  输出数据头到本地风场结果文件
23:55:25 >>>  输出数据头到本地风场结果文件
23:55:25 >>>  反演背景风场...
23:55:33 >>>  背景风场反演完成
23:55:33 >>>  开始反演精细风场...
23:55:46 >>>  输出风场反演结果成功
23:55:46 >>>  输出DIAMOND 131格式结果
23:55:47 >>>  本次反演过程完成
