00:00:27 >>>  调用反演模块
00:00:27 >>>  获取配置信息成功,继续下一步
00:00:27 >>>  获取各站径向速度格点数据
00:00:28 >>>  创建本地风场结果文件
00:00:28 >>>  输出数据头到本地风场结果文件
00:00:28 >>>  输出数据头到本地风场结果文件
00:00:28 >>>  输出数据头到本地风场结果文件
00:00:28 >>>  输出数据头到本地风场结果文件
00:00:28 >>>  输出数据头到本地风场结果文件
00:00:28 >>>  输出数据头到本地风场结果文件
00:00:29 >>>  输出数据头到本地风场结果文件
00:00:29 >>>  反演背景风场...
00:00:36 >>>  背景风场反演完成
00:00:37 >>>  开始反演精细风场...
00:00:50 >>>  输出风场反演结果成功
00:00:50 >>>  输出DIAMOND 131格式结果
00:00:50 >>>  本次反演过程完成
00:05:31 >>>  调用反演模块
00:05:31 >>>  获取配置信息成功,继续下一步
00:05:31 >>>  获取各站径向速度格点数据
00:05:31 >>>  创建本地风场结果文件
00:05:31 >>>  输出数据头到本地风场结果文件
00:05:32 >>>  输出数据头到本地风场结果文件
00:05:32 >>>  输出数据头到本地风场结果文件
00:05:32 >>>  输出数据头到本地风场结果文件
00:05:32 >>>  输出数据头到本地风场结果文件
00:05:33 >>>  输出数据头到本地风场结果文件
00:05:33 >>>  输出数据头到本地风场结果文件
00:05:33 >>>  反演背景风场...
00:05:40 >>>  背景风场反演完成
00:05:41 >>>  开始反演精细风场...
00:05:54 >>>  输出风场反演结果成功
00:05:54 >>>  输出DIAMOND 131格式结果
00:05:54 >>>  本次反演过程完成
00:10:35 >>>  调用反演模块
00:10:35 >>>  获取配置信息成功,继续下一步
00:10:35 >>>  获取各站径向速度格点数据
00:10:35 >>>  创建本地风场结果文件
00:10:35 >>>  输出数据头到本地风场结果文件
00:10:35 >>>  输出数据头到本地风场结果文件
00:10:35 >>>  输出数据头到本地风场结果文件
00:10:35 >>>  输出数据头到本地风场结果文件
00:10:36 >>>  输出数据头到本地风场结果文件
00:10:36 >>>  输出数据头到本地风场结果文件
00:10:36 >>>  输出数据头到本地风场结果文件
00:10:36 >>>  反演背景风场...
00:10:44 >>>  背景风场反演完成
00:10:44 >>>  开始反演精细风场...
00:10:57 >>>  输出风场反演结果成功
00:10:57 >>>  输出DIAMOND 131格式结果
00:10:58 >>>  本次反演过程完成
00:15:38 >>>  调用反演模块
00:15:38 >>>  获取配置信息成功,继续下一步
00:15:38 >>>  获取各站径向速度格点数据
00:15:38 >>>  创建本地风场结果文件
00:15:38 >>>  输出数据头到本地风场结果文件
00:15:38 >>>  输出数据头到本地风场结果文件
00:15:38 >>>  输出数据头到本地风场结果文件
00:15:38 >>>  输出数据头到本地风场结果文件
00:15:39 >>>  输出数据头到本地风场结果文件
00:15:39 >>>  输出数据头到本地风场结果文件
00:15:39 >>>  输出数据头到本地风场结果文件
00:15:39 >>>  反演背景风场...
00:15:47 >>>  背景风场反演完成
00:15:47 >>>  开始反演精细风场...
00:16:00 >>>  输出风场反演结果成功
00:16:00 >>>  输出DIAMOND 131格式结果
00:16:00 >>>  本次反演过程完成
00:20:42 >>>  调用反演模块
00:20:42 >>>  获取配置信息成功,继续下一步
00:20:42 >>>  获取各站径向速度格点数据
00:20:42 >>>  创建本地风场结果文件
00:20:42 >>>  输出数据头到本地风场结果文件
00:20:42 >>>  输出数据头到本地风场结果文件
00:20:43 >>>  输出数据头到本地风场结果文件
00:20:43 >>>  输出数据头到本地风场结果文件
00:20:43 >>>  输出数据头到本地风场结果文件
00:20:43 >>>  输出数据头到本地风场结果文件
00:20:43 >>>  输出数据头到本地风场结果文件
00:20:43 >>>  反演背景风场...
00:20:51 >>>  背景风场反演完成
00:20:51 >>>  开始反演精细风场...
00:21:05 >>>  输出风场反演结果成功
00:21:05 >>>  输出DIAMOND 131格式结果
00:21:05 >>>  本次反演过程完成
00:25:46 >>>  调用反演模块
00:25:46 >>>  获取配置信息成功,继续下一步
00:25:46 >>>  获取各站径向速度格点数据
00:25:46 >>>  创建本地风场结果文件
00:25:46 >>>  输出数据头到本地风场结果文件
00:25:46 >>>  输出数据头到本地风场结果文件
00:25:46 >>>  输出数据头到本地风场结果文件
00:25:46 >>>  输出数据头到本地风场结果文件
00:25:46 >>>  输出数据头到本地风场结果文件
00:25:47 >>>  输出数据头到本地风场结果文件
00:25:47 >>>  输出数据头到本地风场结果文件
00:25:47 >>>  反演背景风场...
00:25:55 >>>  背景风场反演完成
00:25:55 >>>  开始反演精细风场...
00:26:08 >>>  输出风场反演结果成功
00:26:08 >>>  输出DIAMOND 131格式结果
00:26:08 >>>  本次反演过程完成
00:30:50 >>>  调用反演模块
00:30:50 >>>  获取配置信息成功,继续下一步
00:30:50 >>>  获取各站径向速度格点数据
00:30:50 >>>  创建本地风场结果文件
00:30:50 >>>  输出数据头到本地风场结果文件
00:30:50 >>>  输出数据头到本地风场结果文件
00:30:50 >>>  输出数据头到本地风场结果文件
00:30:50 >>>  输出数据头到本地风场结果文件
00:30:51 >>>  输出数据头到本地风场结果文件
00:30:51 >>>  输出数据头到本地风场结果文件
00:30:51 >>>  输出数据头到本地风场结果文件
00:30:51 >>>  反演背景风场...
00:30:59 >>>  背景风场反演完成
00:30:59 >>>  开始反演精细风场...
00:31:12 >>>  输出风场反演结果成功
00:31:12 >>>  输出DIAMOND 131格式结果
00:31:12 >>>  本次反演过程完成
00:35:54 >>>  调用反演模块
00:35:54 >>>  获取配置信息成功,继续下一步
00:35:54 >>>  获取各站径向速度格点数据
00:35:54 >>>  创建本地风场结果文件
00:35:54 >>>  输出数据头到本地风场结果文件
00:35:54 >>>  输出数据头到本地风场结果文件
00:35:54 >>>  输出数据头到本地风场结果文件
00:35:54 >>>  输出数据头到本地风场结果文件
00:35:55 >>>  输出数据头到本地风场结果文件
00:35:55 >>>  输出数据头到本地风场结果文件
00:35:55 >>>  输出数据头到本地风场结果文件
00:35:55 >>>  反演背景风场...
00:36:03 >>>  背景风场反演完成
00:36:03 >>>  开始反演精细风场...
00:36:16 >>>  输出风场反演结果成功
00:36:16 >>>  输出DIAMOND 131格式结果
00:36:17 >>>  本次反演过程完成
00:40:58 >>>  调用反演模块
00:40:58 >>>  获取配置信息成功,继续下一步
00:40:58 >>>  获取各站径向速度格点数据
00:40:58 >>>  创建本地风场结果文件
00:40:58 >>>  输出数据头到本地风场结果文件
00:40:58 >>>  输出数据头到本地风场结果文件
00:40:58 >>>  输出数据头到本地风场结果文件
00:40:58 >>>  输出数据头到本地风场结果文件
00:40:58 >>>  输出数据头到本地风场结果文件
00:40:59 >>>  输出数据头到本地风场结果文件
00:40:59 >>>  输出数据头到本地风场结果文件
00:40:59 >>>  反演背景风场...
00:41:07 >>>  背景风场反演完成
00:41:07 >>>  开始反演精细风场...
00:41:20 >>>  输出风场反演结果成功
00:41:20 >>>  输出DIAMOND 131格式结果
00:41:20 >>>  本次反演过程完成
00:46:01 >>>  调用反演模块
00:46:01 >>>  获取配置信息成功,继续下一步
00:46:01 >>>  获取各站径向速度格点数据
00:46:01 >>>  创建本地风场结果文件
00:46:01 >>>  输出数据头到本地风场结果文件
00:46:01 >>>  输出数据头到本地风场结果文件
00:46:01 >>>  输出数据头到本地风场结果文件
00:46:01 >>>  输出数据头到本地风场结果文件
00:46:02 >>>  输出数据头到本地风场结果文件
00:46:02 >>>  输出数据头到本地风场结果文件
00:46:02 >>>  输出数据头到本地风场结果文件
00:46:02 >>>  反演背景风场...
00:46:10 >>>  背景风场反演完成
00:46:10 >>>  开始反演精细风场...
00:46:23 >>>  输出风场反演结果成功
00:46:23 >>>  输出DIAMOND 131格式结果
00:46:24 >>>  本次反演过程完成
00:51:05 >>>  调用反演模块
00:51:05 >>>  获取配置信息成功,继续下一步
00:51:05 >>>  获取各站径向速度格点数据
00:51:05 >>>  创建本地风场结果文件
00:51:05 >>>  输出数据头到本地风场结果文件
00:51:05 >>>  输出数据头到本地风场结果文件
00:51:05 >>>  输出数据头到本地风场结果文件
00:51:06 >>>  输出数据头到本地风场结果文件
00:51:06 >>>  输出数据头到本地风场结果文件
00:51:06 >>>  输出数据头到本地风场结果文件
00:51:06 >>>  输出数据头到本地风场结果文件
00:51:06 >>>  反演背景风场...
00:51:14 >>>  背景风场反演完成
00:51:14 >>>  开始反演精细风场...
00:51:27 >>>  输出风场反演结果成功
00:51:27 >>>  输出DIAMOND 131格式结果
00:51:28 >>>  本次反演过程完成
00:56:10 >>>  调用反演模块
00:56:10 >>>  获取配置信息成功,继续下一步
00:56:10 >>>  获取各站径向速度格点数据
00:56:10 >>>  创建本地风场结果文件
00:56:10 >>>  输出数据头到本地风场结果文件
00:56:11 >>>  输出数据头到本地风场结果文件
00:56:11 >>>  输出数据头到本地风场结果文件
00:56:11 >>>  输出数据头到本地风场结果文件
00:56:11 >>>  输出数据头到本地风场结果文件
00:56:11 >>>  输出数据头到本地风场结果文件
00:56:11 >>>  输出数据头到本地风场结果文件
00:56:12 >>>  反演背景风场...
00:56:19 >>>  背景风场反演完成
00:56:20 >>>  开始反演精细风场...
00:56:33 >>>  输出风场反演结果成功
00:56:33 >>>  输出DIAMOND 131格式结果
00:56:33 >>>  本次反演过程完成
01:01:14 >>>  调用反演模块
01:01:14 >>>  获取配置信息成功,继续下一步
01:01:14 >>>  获取各站径向速度格点数据
01:01:14 >>>  创建本地风场结果文件
01:01:14 >>>  输出数据头到本地风场结果文件
01:01:15 >>>  输出数据头到本地风场结果文件
01:01:15 >>>  输出数据头到本地风场结果文件
01:01:15 >>>  输出数据头到本地风场结果文件
01:01:15 >>>  输出数据头到本地风场结果文件
01:01:15 >>>  输出数据头到本地风场结果文件
01:01:15 >>>  输出数据头到本地风场结果文件
01:01:15 >>>  反演背景风场...
01:01:23 >>>  背景风场反演完成
01:01:24 >>>  开始反演精细风场...
01:01:37 >>>  输出风场反演结果成功
01:01:37 >>>  输出DIAMOND 131格式结果
01:01:37 >>>  本次反演过程完成
01:06:18 >>>  调用反演模块
01:06:18 >>>  获取配置信息成功,继续下一步
01:06:18 >>>  获取各站径向速度格点数据
01:06:18 >>>  创建本地风场结果文件
01:06:18 >>>  输出数据头到本地风场结果文件
01:06:18 >>>  输出数据头到本地风场结果文件
01:06:18 >>>  输出数据头到本地风场结果文件
01:06:18 >>>  输出数据头到本地风场结果文件
01:06:19 >>>  输出数据头到本地风场结果文件
01:06:19 >>>  输出数据头到本地风场结果文件
01:06:19 >>>  输出数据头到本地风场结果文件
01:06:19 >>>  反演背景风场...
01:06:27 >>>  背景风场反演完成
01:06:27 >>>  开始反演精细风场...
01:06:40 >>>  输出风场反演结果成功
01:06:40 >>>  输出DIAMOND 131格式结果
01:06:40 >>>  本次反演过程完成
01:11:22 >>>  调用反演模块
01:11:22 >>>  获取配置信息成功,继续下一步
01:11:22 >>>  获取各站径向速度格点数据
01:11:22 >>>  创建本地风场结果文件
01:11:22 >>>  输出数据头到本地风场结果文件
01:11:22 >>>  输出数据头到本地风场结果文件
01:11:22 >>>  输出数据头到本地风场结果文件
01:11:22 >>>  输出数据头到本地风场结果文件
01:11:22 >>>  输出数据头到本地风场结果文件
01:11:23 >>>  输出数据头到本地风场结果文件
01:11:23 >>>  输出数据头到本地风场结果文件
01:11:23 >>>  反演背景风场...
01:11:31 >>>  背景风场反演完成
01:11:31 >>>  开始反演精细风场...
01:11:44 >>>  输出风场反演结果成功
01:11:44 >>>  输出DIAMOND 131格式结果
01:11:44 >>>  本次反演过程完成
01:16:25 >>>  调用反演模块
01:16:25 >>>  获取配置信息成功,继续下一步
01:16:25 >>>  获取各站径向速度格点数据
01:16:25 >>>  创建本地风场结果文件
01:16:25 >>>  输出数据头到本地风场结果文件
01:16:26 >>>  输出数据头到本地风场结果文件
01:16:26 >>>  输出数据头到本地风场结果文件
01:16:26 >>>  输出数据头到本地风场结果文件
01:16:26 >>>  输出数据头到本地风场结果文件
01:16:26 >>>  输出数据头到本地风场结果文件
01:16:26 >>>  输出数据头到本地风场结果文件
01:16:26 >>>  反演背景风场...
01:16:34 >>>  背景风场反演完成
01:16:35 >>>  开始反演精细风场...
01:16:48 >>>  输出风场反演结果成功
01:16:48 >>>  输出DIAMOND 131格式结果
01:16:48 >>>  本次反演过程完成
01:21:29 >>>  调用反演模块
01:21:29 >>>  获取配置信息成功,继续下一步
01:21:29 >>>  获取各站径向速度格点数据
01:21:29 >>>  创建本地风场结果文件
01:21:29 >>>  输出数据头到本地风场结果文件
01:21:29 >>>  输出数据头到本地风场结果文件
01:21:29 >>>  输出数据头到本地风场结果文件
01:21:29 >>>  输出数据头到本地风场结果文件
01:21:29 >>>  输出数据头到本地风场结果文件
01:21:30 >>>  输出数据头到本地风场结果文件
01:21:30 >>>  输出数据头到本地风场结果文件
01:21:30 >>>  反演背景风场...
01:21:38 >>>  背景风场反演完成
01:21:38 >>>  开始反演精细风场...
01:21:51 >>>  输出风场反演结果成功
01:21:51 >>>  输出DIAMOND 131格式结果
01:21:51 >>>  本次反演过程完成
01:26:32 >>>  调用反演模块
01:26:32 >>>  获取配置信息成功,继续下一步
01:26:32 >>>  获取各站径向速度格点数据
01:26:32 >>>  创建本地风场结果文件
01:26:32 >>>  输出数据头到本地风场结果文件
01:26:32 >>>  输出数据头到本地风场结果文件
01:26:33 >>>  输出数据头到本地风场结果文件
01:26:33 >>>  输出数据头到本地风场结果文件
01:26:33 >>>  输出数据头到本地风场结果文件
01:26:33 >>>  输出数据头到本地风场结果文件
01:26:33 >>>  输出数据头到本地风场结果文件
01:26:33 >>>  反演背景风场...
01:26:41 >>>  背景风场反演完成
01:26:41 >>>  开始反演精细风场...
01:26:54 >>>  输出风场反演结果成功
01:26:54 >>>  输出DIAMOND 131格式结果
01:26:55 >>>  本次反演过程完成
01:31:36 >>>  调用反演模块
01:31:36 >>>  获取配置信息成功,继续下一步
01:31:36 >>>  获取各站径向速度格点数据
01:31:36 >>>  创建本地风场结果文件
01:31:36 >>>  输出数据头到本地风场结果文件
01:31:36 >>>  输出数据头到本地风场结果文件
01:31:36 >>>  输出数据头到本地风场结果文件
01:31:36 >>>  输出数据头到本地风场结果文件
01:31:37 >>>  输出数据头到本地风场结果文件
01:31:37 >>>  输出数据头到本地风场结果文件
01:31:37 >>>  输出数据头到本地风场结果文件
01:31:37 >>>  反演背景风场...
01:31:45 >>>  背景风场反演完成
01:31:45 >>>  开始反演精细风场...
01:31:58 >>>  输出风场反演结果成功
01:31:58 >>>  输出DIAMOND 131格式结果
01:31:59 >>>  本次反演过程完成
01:36:40 >>>  调用反演模块
01:36:40 >>>  获取配置信息成功,继续下一步
01:36:40 >>>  获取各站径向速度格点数据
01:36:40 >>>  创建本地风场结果文件
01:36:40 >>>  输出数据头到本地风场结果文件
01:36:40 >>>  输出数据头到本地风场结果文件
01:36:40 >>>  输出数据头到本地风场结果文件
01:36:40 >>>  输出数据头到本地风场结果文件
01:36:40 >>>  输出数据头到本地风场结果文件
01:36:41 >>>  输出数据头到本地风场结果文件
01:36:41 >>>  输出数据头到本地风场结果文件
01:36:41 >>>  反演背景风场...
01:36:49 >>>  背景风场反演完成
01:36:49 >>>  开始反演精细风场...
01:37:02 >>>  输出风场反演结果成功
01:37:02 >>>  输出DIAMOND 131格式结果
01:37:02 >>>  本次反演过程完成
01:41:44 >>>  调用反演模块
01:41:44 >>>  获取配置信息成功,继续下一步
01:41:44 >>>  获取各站径向速度格点数据
01:41:44 >>>  创建本地风场结果文件
01:41:44 >>>  输出数据头到本地风场结果文件
01:41:44 >>>  输出数据头到本地风场结果文件
01:41:45 >>>  输出数据头到本地风场结果文件
01:41:45 >>>  输出数据头到本地风场结果文件
01:41:45 >>>  输出数据头到本地风场结果文件
01:41:45 >>>  输出数据头到本地风场结果文件
01:41:45 >>>  输出数据头到本地风场结果文件
01:41:45 >>>  反演背景风场...
01:41:53 >>>  背景风场反演完成
01:41:53 >>>  开始反演精细风场...
01:42:06 >>>  输出风场反演结果成功
01:42:06 >>>  输出DIAMOND 131格式结果
01:42:07 >>>  本次反演过程完成
01:46:48 >>>  调用反演模块
01:46:48 >>>  获取配置信息成功,继续下一步
01:46:48 >>>  获取各站径向速度格点数据
01:46:48 >>>  创建本地风场结果文件
01:46:48 >>>  输出数据头到本地风场结果文件
01:46:48 >>>  输出数据头到本地风场结果文件
01:46:48 >>>  输出数据头到本地风场结果文件
01:46:49 >>>  输出数据头到本地风场结果文件
01:46:49 >>>  输出数据头到本地风场结果文件
01:46:49 >>>  输出数据头到本地风场结果文件
01:46:49 >>>  输出数据头到本地风场结果文件
01:46:49 >>>  反演背景风场...
01:46:57 >>>  背景风场反演完成
01:46:57 >>>  开始反演精细风场...
01:47:10 >>>  输出风场反演结果成功
01:47:10 >>>  输出DIAMOND 131格式结果
01:47:11 >>>  本次反演过程完成
01:51:11 >>>  调用反演模块
01:51:11 >>>  获取配置信息成功,继续下一步
01:51:11 >>>  获取各站径向速度格点数据
01:51:11 >>>  创建本地风场结果文件
01:51:11 >>>  输出数据头到本地风场结果文件
01:51:11 >>>  输出数据头到本地风场结果文件
01:51:11 >>>  输出数据头到本地风场结果文件
01:51:11 >>>  输出数据头到本地风场结果文件
01:51:11 >>>  输出数据头到本地风场结果文件
01:51:12 >>>  输出数据头到本地风场结果文件
01:51:12 >>>  反演背景风场...
01:51:19 >>>  背景风场反演完成
01:51:19 >>>  开始反演精细风场...
01:51:32 >>>  输出风场反演结果成功
01:51:32 >>>  输出DIAMOND 131格式结果
01:51:32 >>>  本次反演过程完成
01:56:14 >>>  调用反演模块
01:56:14 >>>  获取配置信息成功,继续下一步
01:56:14 >>>  获取各站径向速度格点数据
01:56:14 >>>  创建本地风场结果文件
01:56:14 >>>  输出数据头到本地风场结果文件
01:56:15 >>>  输出数据头到本地风场结果文件
01:56:15 >>>  输出数据头到本地风场结果文件
01:56:15 >>>  输出数据头到本地风场结果文件
01:56:15 >>>  输出数据头到本地风场结果文件
01:56:15 >>>  输出数据头到本地风场结果文件
01:56:15 >>>  输出数据头到本地风场结果文件
01:56:15 >>>  反演背景风场...
01:56:23 >>>  背景风场反演完成
01:56:23 >>>  开始反演精细风场...
01:56:36 >>>  输出风场反演结果成功
01:56:36 >>>  输出DIAMOND 131格式结果
01:56:37 >>>  本次反演过程完成
02:01:19 >>>  调用反演模块
02:01:19 >>>  获取配置信息成功,继续下一步
02:01:19 >>>  获取各站径向速度格点数据
02:01:20 >>>  创建本地风场结果文件
02:01:20 >>>  输出数据头到本地风场结果文件
02:01:20 >>>  输出数据头到本地风场结果文件
02:01:20 >>>  输出数据头到本地风场结果文件
02:01:20 >>>  输出数据头到本地风场结果文件
02:01:20 >>>  输出数据头到本地风场结果文件
02:01:20 >>>  输出数据头到本地风场结果文件
02:01:21 >>>  输出数据头到本地风场结果文件
02:01:21 >>>  反演背景风场...
02:01:28 >>>  背景风场反演完成
02:01:29 >>>  开始反演精细风场...
02:01:42 >>>  输出风场反演结果成功
02:01:42 >>>  输出DIAMOND 131格式结果
02:01:42 >>>  本次反演过程完成
02:06:23 >>>  调用反演模块
02:06:23 >>>  获取配置信息成功,继续下一步
02:06:23 >>>  获取各站径向速度格点数据
02:06:23 >>>  创建本地风场结果文件
02:06:23 >>>  输出数据头到本地风场结果文件
02:06:23 >>>  输出数据头到本地风场结果文件
02:06:23 >>>  输出数据头到本地风场结果文件
02:06:24 >>>  输出数据头到本地风场结果文件
02:06:24 >>>  输出数据头到本地风场结果文件
02:06:24 >>>  输出数据头到本地风场结果文件
02:06:24 >>>  输出数据头到本地风场结果文件
02:06:24 >>>  反演背景风场...
02:06:32 >>>  背景风场反演完成
02:06:32 >>>  开始反演精细风场...
02:06:45 >>>  输出风场反演结果成功
02:06:45 >>>  输出DIAMOND 131格式结果
02:06:46 >>>  本次反演过程完成
02:11:28 >>>  调用反演模块
02:11:28 >>>  获取配置信息成功,继续下一步
02:11:28 >>>  获取各站径向速度格点数据
02:11:28 >>>  创建本地风场结果文件
02:11:28 >>>  输出数据头到本地风场结果文件
02:11:28 >>>  输出数据头到本地风场结果文件
02:11:28 >>>  输出数据头到本地风场结果文件
02:11:28 >>>  输出数据头到本地风场结果文件
02:11:28 >>>  输出数据头到本地风场结果文件
02:11:29 >>>  输出数据头到本地风场结果文件
02:11:29 >>>  输出数据头到本地风场结果文件
02:11:29 >>>  反演背景风场...
02:11:37 >>>  背景风场反演完成
02:11:37 >>>  开始反演精细风场...
02:11:50 >>>  输出风场反演结果成功
02:11:50 >>>  输出DIAMOND 131格式结果
02:11:50 >>>  本次反演过程完成
02:16:31 >>>  调用反演模块
02:16:31 >>>  获取配置信息成功,继续下一步
02:16:31 >>>  获取各站径向速度格点数据
02:16:31 >>>  创建本地风场结果文件
02:16:31 >>>  输出数据头到本地风场结果文件
02:16:31 >>>  输出数据头到本地风场结果文件
02:16:31 >>>  输出数据头到本地风场结果文件
02:16:32 >>>  输出数据头到本地风场结果文件
02:16:32 >>>  输出数据头到本地风场结果文件
02:16:32 >>>  输出数据头到本地风场结果文件
02:16:32 >>>  输出数据头到本地风场结果文件
02:16:32 >>>  反演背景风场...
02:16:40 >>>  背景风场反演完成
02:16:40 >>>  开始反演精细风场...
02:16:53 >>>  输出风场反演结果成功
02:16:53 >>>  输出DIAMOND 131格式结果
02:16:53 >>>  本次反演过程完成
02:21:35 >>>  调用反演模块
02:21:35 >>>  获取配置信息成功,继续下一步
02:21:35 >>>  获取各站径向速度格点数据
02:21:35 >>>  创建本地风场结果文件
02:21:35 >>>  输出数据头到本地风场结果文件
02:21:35 >>>  输出数据头到本地风场结果文件
02:21:35 >>>  输出数据头到本地风场结果文件
02:21:35 >>>  输出数据头到本地风场结果文件
02:21:36 >>>  输出数据头到本地风场结果文件
02:21:36 >>>  输出数据头到本地风场结果文件
02:21:36 >>>  输出数据头到本地风场结果文件
02:21:36 >>>  反演背景风场...
02:21:44 >>>  背景风场反演完成
02:21:44 >>>  开始反演精细风场...
02:21:57 >>>  输出风场反演结果成功
02:21:57 >>>  输出DIAMOND 131格式结果
02:21:57 >>>  本次反演过程完成
02:26:39 >>>  调用反演模块
02:26:39 >>>  获取配置信息成功,继续下一步
02:26:39 >>>  获取各站径向速度格点数据
02:26:39 >>>  创建本地风场结果文件
02:26:39 >>>  输出数据头到本地风场结果文件
02:26:39 >>>  输出数据头到本地风场结果文件
02:26:39 >>>  输出数据头到本地风场结果文件
02:26:40 >>>  输出数据头到本地风场结果文件
02:26:40 >>>  输出数据头到本地风场结果文件
02:26:40 >>>  输出数据头到本地风场结果文件
02:26:40 >>>  输出数据头到本地风场结果文件
02:26:40 >>>  反演背景风场...
02:26:48 >>>  背景风场反演完成
02:26:48 >>>  开始反演精细风场...
02:27:02 >>>  输出风场反演结果成功
02:27:02 >>>  输出DIAMOND 131格式结果
02:27:02 >>>  本次反演过程完成
02:31:44 >>>  调用反演模块
02:31:44 >>>  获取配置信息成功,继续下一步
02:31:44 >>>  获取各站径向速度格点数据
02:31:44 >>>  创建本地风场结果文件
02:31:44 >>>  输出数据头到本地风场结果文件
02:31:44 >>>  输出数据头到本地风场结果文件
02:31:44 >>>  输出数据头到本地风场结果文件
02:31:44 >>>  输出数据头到本地风场结果文件
02:31:44 >>>  输出数据头到本地风场结果文件
02:31:45 >>>  输出数据头到本地风场结果文件
02:31:45 >>>  输出数据头到本地风场结果文件
02:31:45 >>>  反演背景风场...
02:31:53 >>>  背景风场反演完成
02:31:53 >>>  开始反演精细风场...
02:32:06 >>>  输出风场反演结果成功
02:32:06 >>>  输出DIAMOND 131格式结果
02:32:06 >>>  本次反演过程完成
02:36:48 >>>  调用反演模块
02:36:48 >>>  获取配置信息成功,继续下一步
02:36:48 >>>  获取各站径向速度格点数据
02:36:48 >>>  创建本地风场结果文件
02:36:48 >>>  输出数据头到本地风场结果文件
02:36:48 >>>  输出数据头到本地风场结果文件
02:36:48 >>>  输出数据头到本地风场结果文件
02:36:48 >>>  输出数据头到本地风场结果文件
02:36:48 >>>  输出数据头到本地风场结果文件
02:36:48 >>>  输出数据头到本地风场结果文件
02:36:49 >>>  输出数据头到本地风场结果文件
02:36:49 >>>  反演背景风场...
02:36:56 >>>  背景风场反演完成
02:36:57 >>>  开始反演精细风场...
02:37:10 >>>  输出风场反演结果成功
02:37:10 >>>  输出DIAMOND 131格式结果
02:37:10 >>>  本次反演过程完成
02:41:52 >>>  调用反演模块
02:41:52 >>>  获取配置信息成功,继续下一步
02:41:52 >>>  获取各站径向速度格点数据
02:41:53 >>>  创建本地风场结果文件
02:41:53 >>>  输出数据头到本地风场结果文件
02:41:53 >>>  输出数据头到本地风场结果文件
02:41:53 >>>  输出数据头到本地风场结果文件
02:41:53 >>>  输出数据头到本地风场结果文件
02:41:53 >>>  输出数据头到本地风场结果文件
02:41:53 >>>  输出数据头到本地风场结果文件
02:41:54 >>>  输出数据头到本地风场结果文件
02:41:54 >>>  反演背景风场...
02:42:01 >>>  背景风场反演完成
02:42:02 >>>  开始反演精细风场...
02:42:14 >>>  输出风场反演结果成功
02:42:14 >>>  输出DIAMOND 131格式结果
02:42:15 >>>  本次反演过程完成
02:46:56 >>>  调用反演模块
02:46:56 >>>  获取配置信息成功,继续下一步
02:46:56 >>>  获取各站径向速度格点数据
02:46:57 >>>  创建本地风场结果文件
02:46:57 >>>  输出数据头到本地风场结果文件
02:46:57 >>>  输出数据头到本地风场结果文件
02:46:57 >>>  输出数据头到本地风场结果文件
02:46:57 >>>  输出数据头到本地风场结果文件
02:46:57 >>>  输出数据头到本地风场结果文件
02:46:58 >>>  输出数据头到本地风场结果文件
02:46:58 >>>  输出数据头到本地风场结果文件
02:46:58 >>>  反演背景风场...
02:47:06 >>>  背景风场反演完成
02:47:06 >>>  开始反演精细风场...
02:47:19 >>>  输出风场反演结果成功
02:47:19 >>>  输出DIAMOND 131格式结果
02:47:19 >>>  本次反演过程完成
02:52:01 >>>  调用反演模块
02:52:01 >>>  获取配置信息成功,继续下一步
02:52:01 >>>  获取各站径向速度格点数据
02:52:01 >>>  创建本地风场结果文件
02:52:01 >>>  输出数据头到本地风场结果文件
02:52:02 >>>  输出数据头到本地风场结果文件
02:52:02 >>>  输出数据头到本地风场结果文件
02:52:02 >>>  输出数据头到本地风场结果文件
02:52:02 >>>  输出数据头到本地风场结果文件
02:52:02 >>>  输出数据头到本地风场结果文件
02:52:02 >>>  输出数据头到本地风场结果文件
02:52:02 >>>  反演背景风场...
02:52:10 >>>  背景风场反演完成
02:52:11 >>>  开始反演精细风场...
02:52:24 >>>  输出风场反演结果成功
02:52:24 >>>  输出DIAMOND 131格式结果
02:52:24 >>>  本次反演过程完成
02:57:05 >>>  调用反演模块
02:57:05 >>>  获取配置信息成功,继续下一步
02:57:05 >>>  获取各站径向速度格点数据
02:57:05 >>>  创建本地风场结果文件
02:57:05 >>>  输出数据头到本地风场结果文件
02:57:05 >>>  输出数据头到本地风场结果文件
02:57:06 >>>  输出数据头到本地风场结果文件
02:57:06 >>>  输出数据头到本地风场结果文件
02:57:06 >>>  输出数据头到本地风场结果文件
02:57:06 >>>  输出数据头到本地风场结果文件
02:57:06 >>>  输出数据头到本地风场结果文件
02:57:06 >>>  反演背景风场...
02:57:14 >>>  背景风场反演完成
02:57:14 >>>  开始反演精细风场...
02:57:27 >>>  输出风场反演结果成功
02:57:27 >>>  输出DIAMOND 131格式结果
02:57:27 >>>  本次反演过程完成
03:02:09 >>>  调用反演模块
03:02:09 >>>  获取配置信息成功,继续下一步
03:02:09 >>>  获取各站径向速度格点数据
03:02:09 >>>  创建本地风场结果文件
03:02:09 >>>  输出数据头到本地风场结果文件
03:02:09 >>>  输出数据头到本地风场结果文件
03:02:09 >>>  输出数据头到本地风场结果文件
03:02:09 >>>  输出数据头到本地风场结果文件
03:02:10 >>>  输出数据头到本地风场结果文件
03:02:10 >>>  输出数据头到本地风场结果文件
03:02:10 >>>  输出数据头到本地风场结果文件
03:02:10 >>>  反演背景风场...
03:02:18 >>>  背景风场反演完成
03:02:18 >>>  开始反演精细风场...
03:02:31 >>>  输出风场反演结果成功
03:02:31 >>>  输出DIAMOND 131格式结果
03:02:31 >>>  本次反演过程完成
03:07:13 >>>  调用反演模块
03:07:13 >>>  获取配置信息成功,继续下一步
03:07:13 >>>  获取各站径向速度格点数据
03:07:13 >>>  创建本地风场结果文件
03:07:13 >>>  输出数据头到本地风场结果文件
03:07:13 >>>  输出数据头到本地风场结果文件
03:07:14 >>>  输出数据头到本地风场结果文件
03:07:14 >>>  输出数据头到本地风场结果文件
03:07:14 >>>  输出数据头到本地风场结果文件
03:07:14 >>>  输出数据头到本地风场结果文件
03:07:14 >>>  输出数据头到本地风场结果文件
03:07:14 >>>  反演背景风场...
03:07:22 >>>  背景风场反演完成
03:07:22 >>>  开始反演精细风场...
03:07:36 >>>  输出风场反演结果成功
03:07:36 >>>  输出DIAMOND 131格式结果
03:07:36 >>>  本次反演过程完成
03:12:18 >>>  调用反演模块
03:12:18 >>>  获取配置信息成功,继续下一步
03:12:18 >>>  获取各站径向速度格点数据
03:12:18 >>>  创建本地风场结果文件
03:12:18 >>>  输出数据头到本地风场结果文件
03:12:18 >>>  输出数据头到本地风场结果文件
03:12:18 >>>  输出数据头到本地风场结果文件
03:12:18 >>>  输出数据头到本地风场结果文件
03:12:18 >>>  输出数据头到本地风场结果文件
03:12:19 >>>  输出数据头到本地风场结果文件
03:12:19 >>>  输出数据头到本地风场结果文件
03:12:19 >>>  反演背景风场...
03:12:27 >>>  背景风场反演完成
03:12:27 >>>  开始反演精细风场...
03:12:40 >>>  输出风场反演结果成功
03:12:40 >>>  输出DIAMOND 131格式结果
03:12:40 >>>  本次反演过程完成
03:17:22 >>>  调用反演模块
03:17:22 >>>  获取配置信息成功,继续下一步
03:17:22 >>>  获取各站径向速度格点数据
03:17:22 >>>  创建本地风场结果文件
03:17:22 >>>  输出数据头到本地风场结果文件
03:17:22 >>>  输出数据头到本地风场结果文件
03:17:23 >>>  输出数据头到本地风场结果文件
03:17:23 >>>  输出数据头到本地风场结果文件
03:17:23 >>>  输出数据头到本地风场结果文件
03:17:23 >>>  输出数据头到本地风场结果文件
03:17:23 >>>  输出数据头到本地风场结果文件
03:17:23 >>>  反演背景风场...
03:17:31 >>>  背景风场反演完成
03:17:31 >>>  开始反演精细风场...
03:17:45 >>>  输出风场反演结果成功
03:17:45 >>>  输出DIAMOND 131格式结果
03:17:45 >>>  本次反演过程完成
03:22:27 >>>  调用反演模块
03:22:27 >>>  获取配置信息成功,继续下一步
03:22:27 >>>  获取各站径向速度格点数据
03:22:27 >>>  创建本地风场结果文件
03:22:27 >>>  输出数据头到本地风场结果文件
03:22:27 >>>  输出数据头到本地风场结果文件
03:22:28 >>>  输出数据头到本地风场结果文件
03:22:28 >>>  输出数据头到本地风场结果文件
03:22:28 >>>  输出数据头到本地风场结果文件
03:22:28 >>>  输出数据头到本地风场结果文件
03:22:28 >>>  输出数据头到本地风场结果文件
03:22:28 >>>  反演背景风场...
03:22:36 >>>  背景风场反演完成
03:22:36 >>>  开始反演精细风场...
03:22:50 >>>  输出风场反演结果成功
03:22:50 >>>  输出DIAMOND 131格式结果
03:22:50 >>>  本次反演过程完成
03:27:31 >>>  调用反演模块
03:27:31 >>>  获取配置信息成功,继续下一步
03:27:31 >>>  获取各站径向速度格点数据
03:27:31 >>>  创建本地风场结果文件
03:27:31 >>>  输出数据头到本地风场结果文件
03:27:31 >>>  输出数据头到本地风场结果文件
03:27:31 >>>  输出数据头到本地风场结果文件
03:27:31 >>>  输出数据头到本地风场结果文件
03:27:32 >>>  输出数据头到本地风场结果文件
03:27:32 >>>  输出数据头到本地风场结果文件
03:27:32 >>>  输出数据头到本地风场结果文件
03:27:32 >>>  反演背景风场...
03:27:40 >>>  背景风场反演完成
03:27:40 >>>  开始反演精细风场...
03:27:53 >>>  输出风场反演结果成功
03:27:53 >>>  输出DIAMOND 131格式结果
03:27:54 >>>  本次反演过程完成
03:32:35 >>>  调用反演模块
03:32:35 >>>  获取配置信息成功,继续下一步
03:32:35 >>>  获取各站径向速度格点数据
03:32:35 >>>  创建本地风场结果文件
03:32:35 >>>  输出数据头到本地风场结果文件
03:32:35 >>>  输出数据头到本地风场结果文件
03:32:35 >>>  输出数据头到本地风场结果文件
03:32:36 >>>  输出数据头到本地风场结果文件
03:32:36 >>>  输出数据头到本地风场结果文件
03:32:36 >>>  输出数据头到本地风场结果文件
03:32:36 >>>  输出数据头到本地风场结果文件
03:32:36 >>>  反演背景风场...
03:32:44 >>>  背景风场反演完成
03:32:44 >>>  开始反演精细风场...
03:32:57 >>>  输出风场反演结果成功
03:32:57 >>>  输出DIAMOND 131格式结果
03:32:58 >>>  本次反演过程完成
03:37:38 >>>  调用反演模块
03:37:38 >>>  获取配置信息成功,继续下一步
03:37:38 >>>  获取各站径向速度格点数据
03:37:39 >>>  创建本地风场结果文件
03:37:39 >>>  输出数据头到本地风场结果文件
03:37:39 >>>  输出数据头到本地风场结果文件
03:37:39 >>>  输出数据头到本地风场结果文件
03:37:39 >>>  输出数据头到本地风场结果文件
03:37:39 >>>  输出数据头到本地风场结果文件
03:37:40 >>>  输出数据头到本地风场结果文件
03:37:40 >>>  输出数据头到本地风场结果文件
03:37:40 >>>  反演背景风场...
03:37:48 >>>  背景风场反演完成
03:37:48 >>>  开始反演精细风场...
03:38:01 >>>  输出风场反演结果成功
03:38:01 >>>  输出DIAMOND 131格式结果
03:38:01 >>>  本次反演过程完成
03:42:43 >>>  调用反演模块
03:42:43 >>>  获取配置信息成功,继续下一步
03:42:43 >>>  获取各站径向速度格点数据
03:42:43 >>>  创建本地风场结果文件
03:42:43 >>>  输出数据头到本地风场结果文件
03:42:43 >>>  输出数据头到本地风场结果文件
03:42:43 >>>  输出数据头到本地风场结果文件
03:42:43 >>>  输出数据头到本地风场结果文件
03:42:44 >>>  输出数据头到本地风场结果文件
03:42:44 >>>  输出数据头到本地风场结果文件
03:42:44 >>>  输出数据头到本地风场结果文件
03:42:44 >>>  反演背景风场...
03:42:52 >>>  背景风场反演完成
03:42:52 >>>  开始反演精细风场...
03:43:05 >>>  输出风场反演结果成功
03:43:05 >>>  输出DIAMOND 131格式结果
03:43:05 >>>  本次反演过程完成
03:47:46 >>>  调用反演模块
03:47:46 >>>  获取配置信息成功,继续下一步
03:47:46 >>>  获取各站径向速度格点数据
03:47:46 >>>  创建本地风场结果文件
03:47:46 >>>  输出数据头到本地风场结果文件
03:47:47 >>>  输出数据头到本地风场结果文件
03:47:47 >>>  输出数据头到本地风场结果文件
03:47:47 >>>  输出数据头到本地风场结果文件
03:47:47 >>>  输出数据头到本地风场结果文件
03:47:47 >>>  输出数据头到本地风场结果文件
03:47:47 >>>  输出数据头到本地风场结果文件
03:47:47 >>>  反演背景风场...
03:47:55 >>>  背景风场反演完成
03:47:56 >>>  开始反演精细风场...
03:48:09 >>>  输出风场反演结果成功
03:48:09 >>>  输出DIAMOND 131格式结果
03:48:09 >>>  本次反演过程完成
03:52:50 >>>  调用反演模块
03:52:50 >>>  获取配置信息成功,继续下一步
03:52:50 >>>  获取各站径向速度格点数据
03:52:50 >>>  创建本地风场结果文件
03:52:50 >>>  输出数据头到本地风场结果文件
03:52:50 >>>  输出数据头到本地风场结果文件
03:52:51 >>>  输出数据头到本地风场结果文件
03:52:51 >>>  输出数据头到本地风场结果文件
03:52:51 >>>  输出数据头到本地风场结果文件
03:52:51 >>>  输出数据头到本地风场结果文件
03:52:51 >>>  输出数据头到本地风场结果文件
03:52:52 >>>  反演背景风场...
03:52:59 >>>  背景风场反演完成
03:53:00 >>>  开始反演精细风场...
03:53:13 >>>  输出风场反演结果成功
03:53:13 >>>  输出DIAMOND 131格式结果
03:53:13 >>>  本次反演过程完成
03:57:54 >>>  调用反演模块
03:57:54 >>>  获取配置信息成功,继续下一步
03:57:54 >>>  获取各站径向速度格点数据
03:57:54 >>>  创建本地风场结果文件
03:57:54 >>>  输出数据头到本地风场结果文件
03:57:55 >>>  输出数据头到本地风场结果文件
03:57:55 >>>  输出数据头到本地风场结果文件
03:57:55 >>>  输出数据头到本地风场结果文件
03:57:55 >>>  输出数据头到本地风场结果文件
03:57:55 >>>  输出数据头到本地风场结果文件
03:57:55 >>>  输出数据头到本地风场结果文件
03:57:55 >>>  反演背景风场...
03:58:03 >>>  背景风场反演完成
03:58:03 >>>  开始反演精细风场...
03:58:16 >>>  输出风场反演结果成功
03:58:16 >>>  输出DIAMOND 131格式结果
03:58:17 >>>  本次反演过程完成
04:02:58 >>>  调用反演模块
04:02:58 >>>  获取配置信息成功,继续下一步
04:02:58 >>>  获取各站径向速度格点数据
04:02:58 >>>  创建本地风场结果文件
04:02:58 >>>  输出数据头到本地风场结果文件
04:02:58 >>>  输出数据头到本地风场结果文件
04:02:58 >>>  输出数据头到本地风场结果文件
04:02:59 >>>  输出数据头到本地风场结果文件
04:02:59 >>>  输出数据头到本地风场结果文件
04:02:59 >>>  输出数据头到本地风场结果文件
04:02:59 >>>  输出数据头到本地风场结果文件
04:02:59 >>>  反演背景风场...
04:03:07 >>>  背景风场反演完成
04:03:07 >>>  开始反演精细风场...
04:03:20 >>>  输出风场反演结果成功
04:03:20 >>>  输出DIAMOND 131格式结果
04:03:21 >>>  本次反演过程完成
04:08:03 >>>  调用反演模块
04:08:03 >>>  获取配置信息成功,继续下一步
04:08:03 >>>  获取各站径向速度格点数据
04:08:03 >>>  创建本地风场结果文件
04:08:03 >>>  输出数据头到本地风场结果文件
04:08:03 >>>  输出数据头到本地风场结果文件
04:08:03 >>>  输出数据头到本地风场结果文件
04:08:04 >>>  输出数据头到本地风场结果文件
04:08:04 >>>  输出数据头到本地风场结果文件
04:08:04 >>>  输出数据头到本地风场结果文件
04:08:04 >>>  输出数据头到本地风场结果文件
04:08:04 >>>  反演背景风场...
04:08:12 >>>  背景风场反演完成
04:08:12 >>>  开始反演精细风场...
04:08:25 >>>  输出风场反演结果成功
04:08:25 >>>  输出DIAMOND 131格式结果
04:08:25 >>>  本次反演过程完成
04:13:08 >>>  调用反演模块
04:13:09 >>>  获取配置信息成功,继续下一步
04:13:09 >>>  获取各站径向速度格点数据
04:13:10 >>>  创建本地风场结果文件
04:13:10 >>>  输出数据头到本地风场结果文件
04:13:10 >>>  输出数据头到本地风场结果文件
04:13:10 >>>  输出数据头到本地风场结果文件
04:13:11 >>>  输出数据头到本地风场结果文件
04:13:11 >>>  输出数据头到本地风场结果文件
04:13:11 >>>  输出数据头到本地风场结果文件
04:13:11 >>>  输出数据头到本地风场结果文件
04:13:11 >>>  反演背景风场...
04:13:19 >>>  背景风场反演完成
04:13:19 >>>  开始反演精细风场...
04:13:32 >>>  输出风场反演结果成功
04:13:32 >>>  输出DIAMOND 131格式结果
04:13:32 >>>  本次反演过程完成
04:18:15 >>>  调用反演模块
04:18:15 >>>  获取配置信息成功,继续下一步
04:18:15 >>>  获取各站径向速度格点数据
04:18:15 >>>  创建本地风场结果文件
04:18:15 >>>  输出数据头到本地风场结果文件
04:18:15 >>>  输出数据头到本地风场结果文件
04:18:15 >>>  输出数据头到本地风场结果文件
04:18:15 >>>  输出数据头到本地风场结果文件
04:18:16 >>>  输出数据头到本地风场结果文件
04:18:16 >>>  输出数据头到本地风场结果文件
04:18:16 >>>  输出数据头到本地风场结果文件
04:18:16 >>>  反演背景风场...
04:18:24 >>>  背景风场反演完成
04:18:24 >>>  开始反演精细风场...
04:18:37 >>>  输出风场反演结果成功
04:18:37 >>>  输出DIAMOND 131格式结果
04:18:37 >>>  本次反演过程完成
04:23:19 >>>  调用反演模块
04:23:19 >>>  获取配置信息成功,继续下一步
04:23:19 >>>  获取各站径向速度格点数据
04:23:19 >>>  创建本地风场结果文件
04:23:19 >>>  输出数据头到本地风场结果文件
04:23:19 >>>  输出数据头到本地风场结果文件
04:23:19 >>>  输出数据头到本地风场结果文件
04:23:20 >>>  输出数据头到本地风场结果文件
04:23:20 >>>  输出数据头到本地风场结果文件
04:23:20 >>>  输出数据头到本地风场结果文件
04:23:20 >>>  输出数据头到本地风场结果文件
04:23:20 >>>  反演背景风场...
04:23:28 >>>  背景风场反演完成
04:23:29 >>>  开始反演精细风场...
04:23:41 >>>  输出风场反演结果成功
04:23:41 >>>  输出DIAMOND 131格式结果
04:23:42 >>>  本次反演过程完成
04:28:22 >>>  调用反演模块
04:28:22 >>>  获取配置信息成功,继续下一步
04:28:22 >>>  获取各站径向速度格点数据
04:28:22 >>>  创建本地风场结果文件
04:28:22 >>>  输出数据头到本地风场结果文件
04:28:22 >>>  输出数据头到本地风场结果文件
04:28:22 >>>  输出数据头到本地风场结果文件
04:28:22 >>>  输出数据头到本地风场结果文件
04:28:23 >>>  输出数据头到本地风场结果文件
04:28:23 >>>  输出数据头到本地风场结果文件
04:28:23 >>>  输出数据头到本地风场结果文件
04:28:23 >>>  反演背景风场...
04:28:31 >>>  背景风场反演完成
04:28:31 >>>  开始反演精细风场...
04:28:44 >>>  输出风场反演结果成功
04:28:44 >>>  输出DIAMOND 131格式结果
04:28:44 >>>  本次反演过程完成
04:33:25 >>>  调用反演模块
04:33:25 >>>  获取配置信息成功,继续下一步
04:33:25 >>>  获取各站径向速度格点数据
04:33:26 >>>  创建本地风场结果文件
04:33:26 >>>  输出数据头到本地风场结果文件
04:33:26 >>>  输出数据头到本地风场结果文件
04:33:26 >>>  输出数据头到本地风场结果文件
04:33:26 >>>  输出数据头到本地风场结果文件
04:33:26 >>>  输出数据头到本地风场结果文件
04:33:26 >>>  输出数据头到本地风场结果文件
04:33:27 >>>  输出数据头到本地风场结果文件
04:33:27 >>>  反演背景风场...
04:33:34 >>>  背景风场反演完成
04:33:35 >>>  开始反演精细风场...
04:33:48 >>>  输出风场反演结果成功
04:33:48 >>>  输出DIAMOND 131格式结果
04:33:48 >>>  本次反演过程完成
04:38:30 >>>  调用反演模块
04:38:30 >>>  获取配置信息成功,继续下一步
04:38:30 >>>  获取各站径向速度格点数据
04:38:30 >>>  创建本地风场结果文件
04:38:30 >>>  输出数据头到本地风场结果文件
04:38:30 >>>  输出数据头到本地风场结果文件
04:38:30 >>>  输出数据头到本地风场结果文件
04:38:30 >>>  输出数据头到本地风场结果文件
04:38:30 >>>  输出数据头到本地风场结果文件
04:38:31 >>>  输出数据头到本地风场结果文件
04:38:31 >>>  输出数据头到本地风场结果文件
04:38:31 >>>  反演背景风场...
04:38:39 >>>  背景风场反演完成
04:38:39 >>>  开始反演精细风场...
04:38:52 >>>  输出风场反演结果成功
04:38:52 >>>  输出DIAMOND 131格式结果
04:38:53 >>>  本次反演过程完成
04:43:33 >>>  调用反演模块
04:43:33 >>>  获取配置信息成功,继续下一步
04:43:33 >>>  获取各站径向速度格点数据
04:43:33 >>>  创建本地风场结果文件
04:43:33 >>>  输出数据头到本地风场结果文件
04:43:34 >>>  输出数据头到本地风场结果文件
04:43:34 >>>  输出数据头到本地风场结果文件
04:43:34 >>>  输出数据头到本地风场结果文件
04:43:34 >>>  输出数据头到本地风场结果文件
04:43:34 >>>  输出数据头到本地风场结果文件
04:43:35 >>>  输出数据头到本地风场结果文件
04:43:35 >>>  反演背景风场...
04:43:42 >>>  背景风场反演完成
04:43:43 >>>  开始反演精细风场...
04:43:56 >>>  输出风场反演结果成功
04:43:56 >>>  输出DIAMOND 131格式结果
04:43:56 >>>  本次反演过程完成
04:48:37 >>>  调用反演模块
04:48:37 >>>  获取配置信息成功,继续下一步
04:48:37 >>>  获取各站径向速度格点数据
04:48:37 >>>  创建本地风场结果文件
04:48:37 >>>  输出数据头到本地风场结果文件
04:48:37 >>>  输出数据头到本地风场结果文件
04:48:37 >>>  输出数据头到本地风场结果文件
04:48:37 >>>  输出数据头到本地风场结果文件
04:48:37 >>>  输出数据头到本地风场结果文件
04:48:37 >>>  输出数据头到本地风场结果文件
04:48:38 >>>  输出数据头到本地风场结果文件
04:48:38 >>>  反演背景风场...
04:48:46 >>>  背景风场反演完成
04:48:46 >>>  开始反演精细风场...
04:48:59 >>>  输出风场反演结果成功
04:48:59 >>>  输出DIAMOND 131格式结果
04:48:59 >>>  本次反演过程完成
04:53:41 >>>  调用反演模块
04:53:41 >>>  获取配置信息成功,继续下一步
04:53:41 >>>  获取各站径向速度格点数据
04:53:41 >>>  创建本地风场结果文件
04:53:41 >>>  输出数据头到本地风场结果文件
04:53:41 >>>  输出数据头到本地风场结果文件
04:53:41 >>>  输出数据头到本地风场结果文件
04:53:42 >>>  输出数据头到本地风场结果文件
04:53:42 >>>  输出数据头到本地风场结果文件
04:53:42 >>>  输出数据头到本地风场结果文件
04:53:42 >>>  输出数据头到本地风场结果文件
04:53:42 >>>  反演背景风场...
04:53:50 >>>  背景风场反演完成
04:53:50 >>>  开始反演精细风场...
04:54:04 >>>  输出风场反演结果成功
04:54:04 >>>  输出DIAMOND 131格式结果
04:54:04 >>>  本次反演过程完成
04:58:45 >>>  调用反演模块
04:58:45 >>>  获取配置信息成功,继续下一步
04:58:45 >>>  获取各站径向速度格点数据
04:58:45 >>>  创建本地风场结果文件
04:58:45 >>>  输出数据头到本地风场结果文件
04:58:45 >>>  输出数据头到本地风场结果文件
04:58:45 >>>  输出数据头到本地风场结果文件
04:58:45 >>>  输出数据头到本地风场结果文件
04:58:45 >>>  输出数据头到本地风场结果文件
04:58:46 >>>  输出数据头到本地风场结果文件
04:58:46 >>>  输出数据头到本地风场结果文件
04:58:46 >>>  反演背景风场...
04:58:54 >>>  背景风场反演完成
04:58:54 >>>  开始反演精细风场...
04:59:07 >>>  输出风场反演结果成功
04:59:07 >>>  输出DIAMOND 131格式结果
04:59:07 >>>  本次反演过程完成
05:03:49 >>>  调用反演模块
05:03:49 >>>  获取配置信息成功,继续下一步
05:03:49 >>>  获取各站径向速度格点数据
05:03:49 >>>  创建本地风场结果文件
05:03:49 >>>  输出数据头到本地风场结果文件
05:03:49 >>>  输出数据头到本地风场结果文件
05:03:49 >>>  输出数据头到本地风场结果文件
05:03:49 >>>  输出数据头到本地风场结果文件
05:03:49 >>>  输出数据头到本地风场结果文件
05:03:50 >>>  输出数据头到本地风场结果文件
05:03:50 >>>  输出数据头到本地风场结果文件
05:03:50 >>>  反演背景风场...
05:03:58 >>>  背景风场反演完成
05:03:58 >>>  开始反演精细风场...
05:04:11 >>>  输出风场反演结果成功
05:04:11 >>>  输出DIAMOND 131格式结果
05:04:11 >>>  本次反演过程完成
05:08:52 >>>  调用反演模块
05:08:52 >>>  获取配置信息成功,继续下一步
05:08:52 >>>  获取各站径向速度格点数据
05:08:52 >>>  创建本地风场结果文件
05:08:52 >>>  输出数据头到本地风场结果文件
05:08:52 >>>  输出数据头到本地风场结果文件
05:08:52 >>>  输出数据头到本地风场结果文件
05:08:53 >>>  输出数据头到本地风场结果文件
05:08:53 >>>  输出数据头到本地风场结果文件
05:08:53 >>>  输出数据头到本地风场结果文件
05:08:53 >>>  输出数据头到本地风场结果文件
05:08:53 >>>  反演背景风场...
05:09:01 >>>  背景风场反演完成
05:09:01 >>>  开始反演精细风场...
05:09:14 >>>  输出风场反演结果成功
05:09:14 >>>  输出DIAMOND 131格式结果
05:09:14 >>>  本次反演过程完成
05:13:56 >>>  调用反演模块
05:13:56 >>>  获取配置信息成功,继续下一步
05:13:56 >>>  获取各站径向速度格点数据
05:13:56 >>>  创建本地风场结果文件
05:13:56 >>>  输出数据头到本地风场结果文件
05:13:56 >>>  输出数据头到本地风场结果文件
05:13:56 >>>  输出数据头到本地风场结果文件
05:13:56 >>>  输出数据头到本地风场结果文件
05:13:57 >>>  输出数据头到本地风场结果文件
05:13:57 >>>  输出数据头到本地风场结果文件
05:13:57 >>>  输出数据头到本地风场结果文件
05:13:57 >>>  反演背景风场...
05:14:05 >>>  背景风场反演完成
05:14:05 >>>  开始反演精细风场...
05:14:18 >>>  输出风场反演结果成功
05:14:18 >>>  输出DIAMOND 131格式结果
05:14:18 >>>  本次反演过程完成
05:19:00 >>>  调用反演模块
05:19:00 >>>  获取配置信息成功,继续下一步
05:19:00 >>>  获取各站径向速度格点数据
05:19:00 >>>  创建本地风场结果文件
05:19:00 >>>  输出数据头到本地风场结果文件
05:19:00 >>>  输出数据头到本地风场结果文件
05:19:00 >>>  输出数据头到本地风场结果文件
05:19:00 >>>  输出数据头到本地风场结果文件
05:19:00 >>>  输出数据头到本地风场结果文件
05:19:01 >>>  输出数据头到本地风场结果文件
05:19:01 >>>  输出数据头到本地风场结果文件
05:19:01 >>>  反演背景风场...
05:19:09 >>>  背景风场反演完成
05:19:09 >>>  开始反演精细风场...
05:19:22 >>>  输出风场反演结果成功
05:19:22 >>>  输出DIAMOND 131格式结果
05:19:22 >>>  本次反演过程完成
05:24:02 >>>  调用反演模块
05:24:02 >>>  获取配置信息成功,继续下一步
05:24:02 >>>  获取各站径向速度格点数据
05:24:02 >>>  创建本地风场结果文件
05:24:02 >>>  输出数据头到本地风场结果文件
05:24:03 >>>  输出数据头到本地风场结果文件
05:24:03 >>>  输出数据头到本地风场结果文件
05:24:03 >>>  输出数据头到本地风场结果文件
05:24:03 >>>  输出数据头到本地风场结果文件
05:24:03 >>>  输出数据头到本地风场结果文件
05:24:04 >>>  输出数据头到本地风场结果文件
05:24:04 >>>  反演背景风场...
05:24:11 >>>  背景风场反演完成
05:24:12 >>>  开始反演精细风场...
05:24:25 >>>  输出风场反演结果成功
05:24:25 >>>  输出DIAMOND 131格式结果
05:24:25 >>>  本次反演过程完成
05:29:05 >>>  调用反演模块
05:29:05 >>>  获取配置信息成功,继续下一步
05:29:05 >>>  获取各站径向速度格点数据
05:29:06 >>>  创建本地风场结果文件
05:29:06 >>>  输出数据头到本地风场结果文件
05:29:06 >>>  输出数据头到本地风场结果文件
05:29:06 >>>  输出数据头到本地风场结果文件
05:29:06 >>>  输出数据头到本地风场结果文件
05:29:06 >>>  输出数据头到本地风场结果文件
05:29:06 >>>  输出数据头到本地风场结果文件
05:29:06 >>>  输出数据头到本地风场结果文件
05:29:06 >>>  反演背景风场...
05:29:14 >>>  背景风场反演完成
05:29:14 >>>  开始反演精细风场...
05:29:28 >>>  输出风场反演结果成功
05:29:28 >>>  输出DIAMOND 131格式结果
05:29:28 >>>  本次反演过程完成
05:34:09 >>>  调用反演模块
05:34:09 >>>  获取配置信息成功,继续下一步
05:34:09 >>>  获取各站径向速度格点数据
05:34:09 >>>  创建本地风场结果文件
05:34:09 >>>  输出数据头到本地风场结果文件
05:34:09 >>>  输出数据头到本地风场结果文件
05:34:09 >>>  输出数据头到本地风场结果文件
05:34:09 >>>  输出数据头到本地风场结果文件
05:34:10 >>>  输出数据头到本地风场结果文件
05:34:10 >>>  输出数据头到本地风场结果文件
05:34:10 >>>  输出数据头到本地风场结果文件
05:34:10 >>>  反演背景风场...
05:34:18 >>>  背景风场反演完成
05:34:18 >>>  开始反演精细风场...
05:34:31 >>>  输出风场反演结果成功
05:34:31 >>>  输出DIAMOND 131格式结果
05:34:31 >>>  本次反演过程完成
05:39:12 >>>  调用反演模块
05:39:12 >>>  获取配置信息成功,继续下一步
05:39:12 >>>  获取各站径向速度格点数据
05:39:12 >>>  创建本地风场结果文件
05:39:12 >>>  输出数据头到本地风场结果文件
05:39:13 >>>  输出数据头到本地风场结果文件
05:39:13 >>>  输出数据头到本地风场结果文件
05:39:13 >>>  输出数据头到本地风场结果文件
05:39:13 >>>  输出数据头到本地风场结果文件
05:39:13 >>>  输出数据头到本地风场结果文件
05:39:14 >>>  输出数据头到本地风场结果文件
05:39:14 >>>  反演背景风场...
05:39:21 >>>  背景风场反演完成
05:39:22 >>>  开始反演精细风场...
05:39:35 >>>  输出风场反演结果成功
05:39:35 >>>  输出DIAMOND 131格式结果
05:39:35 >>>  本次反演过程完成
05:44:15 >>>  调用反演模块
05:44:15 >>>  获取配置信息成功,继续下一步
05:44:15 >>>  获取各站径向速度格点数据
05:44:15 >>>  创建本地风场结果文件
05:44:15 >>>  输出数据头到本地风场结果文件
05:44:16 >>>  输出数据头到本地风场结果文件
05:44:16 >>>  输出数据头到本地风场结果文件
05:44:16 >>>  输出数据头到本地风场结果文件
05:44:16 >>>  输出数据头到本地风场结果文件
05:44:16 >>>  输出数据头到本地风场结果文件
05:44:17 >>>  输出数据头到本地风场结果文件
05:44:17 >>>  反演背景风场...
05:44:24 >>>  背景风场反演完成
05:44:25 >>>  开始反演精细风场...
05:44:38 >>>  输出风场反演结果成功
05:44:38 >>>  输出DIAMOND 131格式结果
05:44:38 >>>  本次反演过程完成
05:49:19 >>>  调用反演模块
05:49:19 >>>  获取配置信息成功,继续下一步
05:49:19 >>>  获取各站径向速度格点数据
05:49:19 >>>  创建本地风场结果文件
05:49:19 >>>  输出数据头到本地风场结果文件
05:49:19 >>>  输出数据头到本地风场结果文件
05:49:19 >>>  输出数据头到本地风场结果文件
05:49:19 >>>  输出数据头到本地风场结果文件
05:49:20 >>>  输出数据头到本地风场结果文件
05:49:20 >>>  输出数据头到本地风场结果文件
05:49:20 >>>  输出数据头到本地风场结果文件
05:49:20 >>>  反演背景风场...
05:49:28 >>>  背景风场反演完成
05:49:28 >>>  开始反演精细风场...
05:49:41 >>>  输出风场反演结果成功
05:49:41 >>>  输出DIAMOND 131格式结果
05:49:42 >>>  本次反演过程完成
05:54:23 >>>  调用反演模块
05:54:23 >>>  获取配置信息成功,继续下一步
05:54:23 >>>  获取各站径向速度格点数据
05:54:23 >>>  创建本地风场结果文件
05:54:23 >>>  输出数据头到本地风场结果文件
05:54:24 >>>  输出数据头到本地风场结果文件
05:54:24 >>>  输出数据头到本地风场结果文件
05:54:24 >>>  输出数据头到本地风场结果文件
05:54:24 >>>  输出数据头到本地风场结果文件
05:54:24 >>>  输出数据头到本地风场结果文件
05:54:24 >>>  输出数据头到本地风场结果文件
05:54:24 >>>  反演背景风场...
05:54:32 >>>  背景风场反演完成
05:54:33 >>>  开始反演精细风场...
05:54:46 >>>  输出风场反演结果成功
05:54:46 >>>  输出DIAMOND 131格式结果
05:54:46 >>>  本次反演过程完成
05:59:29 >>>  调用反演模块
05:59:29 >>>  获取配置信息成功,继续下一步
05:59:29 >>>  获取各站径向速度格点数据
05:59:29 >>>  创建本地风场结果文件
05:59:29 >>>  输出数据头到本地风场结果文件
05:59:30 >>>  输出数据头到本地风场结果文件
05:59:30 >>>  输出数据头到本地风场结果文件
05:59:31 >>>  输出数据头到本地风场结果文件
05:59:31 >>>  输出数据头到本地风场结果文件
05:59:31 >>>  输出数据头到本地风场结果文件
05:59:31 >>>  输出数据头到本地风场结果文件
05:59:31 >>>  反演背景风场...
05:59:39 >>>  背景风场反演完成
05:59:39 >>>  开始反演精细风场...
05:59:52 >>>  输出风场反演结果成功
05:59:52 >>>  输出DIAMOND 131格式结果
05:59:53 >>>  本次反演过程完成
06:04:34 >>>  调用反演模块
06:04:34 >>>  获取配置信息成功,继续下一步
06:04:34 >>>  获取各站径向速度格点数据
06:04:34 >>>  创建本地风场结果文件
06:04:34 >>>  输出数据头到本地风场结果文件
06:04:34 >>>  输出数据头到本地风场结果文件
06:04:35 >>>  输出数据头到本地风场结果文件
06:04:35 >>>  输出数据头到本地风场结果文件
06:04:35 >>>  输出数据头到本地风场结果文件
06:04:35 >>>  输出数据头到本地风场结果文件
06:04:36 >>>  输出数据头到本地风场结果文件
06:04:36 >>>  反演背景风场...
06:04:44 >>>  背景风场反演完成
06:04:44 >>>  开始反演精细风场...
06:04:57 >>>  输出风场反演结果成功
06:04:57 >>>  输出DIAMOND 131格式结果
06:04:57 >>>  本次反演过程完成
06:09:38 >>>  调用反演模块
06:09:38 >>>  获取配置信息成功,继续下一步
06:09:38 >>>  获取各站径向速度格点数据
06:09:38 >>>  创建本地风场结果文件
06:09:38 >>>  输出数据头到本地风场结果文件
06:09:39 >>>  输出数据头到本地风场结果文件
06:09:39 >>>  输出数据头到本地风场结果文件
06:09:39 >>>  输出数据头到本地风场结果文件
06:09:39 >>>  输出数据头到本地风场结果文件
06:09:39 >>>  输出数据头到本地风场结果文件
06:09:40 >>>  输出数据头到本地风场结果文件
06:09:40 >>>  反演背景风场...
06:09:47 >>>  背景风场反演完成
06:09:48 >>>  开始反演精细风场...
06:10:00 >>>  输出风场反演结果成功
06:10:00 >>>  输出DIAMOND 131格式结果
06:10:01 >>>  本次反演过程完成
06:14:42 >>>  调用反演模块
06:14:42 >>>  获取配置信息成功,继续下一步
06:14:42 >>>  获取各站径向速度格点数据
06:14:43 >>>  创建本地风场结果文件
06:14:43 >>>  输出数据头到本地风场结果文件
06:14:43 >>>  输出数据头到本地风场结果文件
06:14:43 >>>  输出数据头到本地风场结果文件
06:14:43 >>>  输出数据头到本地风场结果文件
06:14:43 >>>  输出数据头到本地风场结果文件
06:14:44 >>>  输出数据头到本地风场结果文件
06:14:44 >>>  输出数据头到本地风场结果文件
06:14:44 >>>  反演背景风场...
06:14:52 >>>  背景风场反演完成
06:14:52 >>>  开始反演精细风场...
06:15:05 >>>  输出风场反演结果成功
06:15:05 >>>  输出DIAMOND 131格式结果
06:15:05 >>>  本次反演过程完成
06:19:45 >>>  调用反演模块
06:19:45 >>>  获取配置信息成功,继续下一步
06:19:45 >>>  获取各站径向速度格点数据
06:19:45 >>>  创建本地风场结果文件
06:19:45 >>>  输出数据头到本地风场结果文件
06:19:46 >>>  输出数据头到本地风场结果文件
06:19:46 >>>  输出数据头到本地风场结果文件
06:19:46 >>>  输出数据头到本地风场结果文件
06:19:46 >>>  输出数据头到本地风场结果文件
06:19:47 >>>  输出数据头到本地风场结果文件
06:19:47 >>>  输出数据头到本地风场结果文件
06:19:47 >>>  反演背景风场...
06:19:55 >>>  背景风场反演完成
06:19:55 >>>  开始反演精细风场...
06:20:07 >>>  输出风场反演结果成功
06:20:07 >>>  输出DIAMOND 131格式结果
06:20:08 >>>  本次反演过程完成
06:24:49 >>>  调用反演模块
06:24:49 >>>  获取配置信息成功,继续下一步
06:24:49 >>>  获取各站径向速度格点数据
06:24:49 >>>  创建本地风场结果文件
06:24:49 >>>  输出数据头到本地风场结果文件
06:24:50 >>>  输出数据头到本地风场结果文件
06:24:50 >>>  输出数据头到本地风场结果文件
06:24:50 >>>  输出数据头到本地风场结果文件
06:24:50 >>>  输出数据头到本地风场结果文件
06:24:50 >>>  输出数据头到本地风场结果文件
06:24:50 >>>  输出数据头到本地风场结果文件
06:24:51 >>>  反演背景风场...
06:24:58 >>>  背景风场反演完成
06:24:59 >>>  开始反演精细风场...
06:25:11 >>>  输出风场反演结果成功
06:25:11 >>>  输出DIAMOND 131格式结果
06:25:12 >>>  本次反演过程完成
06:29:53 >>>  调用反演模块
06:29:53 >>>  获取配置信息成功,继续下一步
06:29:53 >>>  获取各站径向速度格点数据
06:29:53 >>>  创建本地风场结果文件
06:29:53 >>>  输出数据头到本地风场结果文件
06:29:53 >>>  输出数据头到本地风场结果文件
06:29:53 >>>  输出数据头到本地风场结果文件
06:29:53 >>>  输出数据头到本地风场结果文件
06:29:54 >>>  输出数据头到本地风场结果文件
06:29:54 >>>  输出数据头到本地风场结果文件
06:29:54 >>>  输出数据头到本地风场结果文件
06:29:54 >>>  反演背景风场...
06:30:02 >>>  背景风场反演完成
06:30:02 >>>  开始反演精细风场...
06:30:15 >>>  输出风场反演结果成功
06:30:15 >>>  输出DIAMOND 131格式结果
06:30:15 >>>  本次反演过程完成
06:34:56 >>>  调用反演模块
06:34:56 >>>  获取配置信息成功,继续下一步
06:34:56 >>>  获取各站径向速度格点数据
06:34:56 >>>  创建本地风场结果文件
06:34:56 >>>  输出数据头到本地风场结果文件
06:34:56 >>>  输出数据头到本地风场结果文件
06:34:56 >>>  输出数据头到本地风场结果文件
06:34:56 >>>  输出数据头到本地风场结果文件
06:34:57 >>>  输出数据头到本地风场结果文件
06:34:57 >>>  输出数据头到本地风场结果文件
06:34:57 >>>  输出数据头到本地风场结果文件
06:34:57 >>>  反演背景风场...
06:35:05 >>>  背景风场反演完成
06:35:05 >>>  开始反演精细风场...
06:35:18 >>>  输出风场反演结果成功
06:35:18 >>>  输出DIAMOND 131格式结果
06:35:18 >>>  本次反演过程完成
06:39:59 >>>  调用反演模块
06:39:59 >>>  获取配置信息成功,继续下一步
06:39:59 >>>  获取各站径向速度格点数据
06:39:59 >>>  创建本地风场结果文件
06:39:59 >>>  输出数据头到本地风场结果文件
06:39:59 >>>  输出数据头到本地风场结果文件
06:40:00 >>>  输出数据头到本地风场结果文件
06:40:00 >>>  输出数据头到本地风场结果文件
06:40:00 >>>  输出数据头到本地风场结果文件
06:40:00 >>>  输出数据头到本地风场结果文件
06:40:00 >>>  输出数据头到本地风场结果文件
06:40:01 >>>  反演背景风场...
06:40:08 >>>  背景风场反演完成
06:40:09 >>>  开始反演精细风场...
06:40:22 >>>  输出风场反演结果成功
06:40:22 >>>  输出DIAMOND 131格式结果
06:40:22 >>>  本次反演过程完成
06:45:03 >>>  调用反演模块
06:45:03 >>>  获取配置信息成功,继续下一步
06:45:03 >>>  获取各站径向速度格点数据
06:45:04 >>>  创建本地风场结果文件
06:45:04 >>>  输出数据头到本地风场结果文件
06:45:04 >>>  输出数据头到本地风场结果文件
06:45:04 >>>  输出数据头到本地风场结果文件
06:45:04 >>>  输出数据头到本地风场结果文件
06:45:04 >>>  输出数据头到本地风场结果文件
06:45:04 >>>  输出数据头到本地风场结果文件
06:45:05 >>>  输出数据头到本地风场结果文件
06:45:05 >>>  反演背景风场...
06:45:12 >>>  背景风场反演完成
06:45:13 >>>  开始反演精细风场...
06:45:26 >>>  输出风场反演结果成功
06:45:26 >>>  输出DIAMOND 131格式结果
06:45:26 >>>  本次反演过程完成
06:50:07 >>>  调用反演模块
06:50:07 >>>  获取配置信息成功,继续下一步
06:50:07 >>>  获取各站径向速度格点数据
06:50:07 >>>  创建本地风场结果文件
06:50:07 >>>  输出数据头到本地风场结果文件
06:50:07 >>>  输出数据头到本地风场结果文件
06:50:07 >>>  输出数据头到本地风场结果文件
06:50:07 >>>  输出数据头到本地风场结果文件
06:50:07 >>>  输出数据头到本地风场结果文件
06:50:08 >>>  输出数据头到本地风场结果文件
06:50:08 >>>  输出数据头到本地风场结果文件
06:50:08 >>>  反演背景风场...
06:50:16 >>>  背景风场反演完成
06:50:16 >>>  开始反演精细风场...
06:50:29 >>>  输出风场反演结果成功
06:50:29 >>>  输出DIAMOND 131格式结果
06:50:29 >>>  本次反演过程完成
06:55:11 >>>  调用反演模块
06:55:11 >>>  获取配置信息成功,继续下一步
06:55:11 >>>  获取各站径向速度格点数据
06:55:11 >>>  创建本地风场结果文件
06:55:11 >>>  输出数据头到本地风场结果文件
06:55:11 >>>  输出数据头到本地风场结果文件
06:55:11 >>>  输出数据头到本地风场结果文件
06:55:11 >>>  输出数据头到本地风场结果文件
06:55:12 >>>  输出数据头到本地风场结果文件
06:55:12 >>>  输出数据头到本地风场结果文件
06:55:12 >>>  输出数据头到本地风场结果文件
06:55:12 >>>  反演背景风场...
06:55:20 >>>  背景风场反演完成
06:55:20 >>>  开始反演精细风场...
06:55:33 >>>  输出风场反演结果成功
06:55:33 >>>  输出DIAMOND 131格式结果
06:55:34 >>>  本次反演过程完成
07:00:15 >>>  调用反演模块
07:00:15 >>>  获取配置信息成功,继续下一步
07:00:15 >>>  获取各站径向速度格点数据
07:00:15 >>>  创建本地风场结果文件
07:00:15 >>>  输出数据头到本地风场结果文件
07:00:16 >>>  输出数据头到本地风场结果文件
07:00:16 >>>  输出数据头到本地风场结果文件
07:00:16 >>>  输出数据头到本地风场结果文件
07:00:16 >>>  输出数据头到本地风场结果文件
07:00:16 >>>  输出数据头到本地风场结果文件
07:00:16 >>>  输出数据头到本地风场结果文件
07:00:17 >>>  反演背景风场...
07:00:24 >>>  背景风场反演完成
07:00:25 >>>  开始反演精细风场...
07:00:38 >>>  输出风场反演结果成功
07:00:38 >>>  输出DIAMOND 131格式结果
07:00:38 >>>  本次反演过程完成
07:05:19 >>>  调用反演模块
07:05:19 >>>  获取配置信息成功,继续下一步
07:05:19 >>>  获取各站径向速度格点数据
07:05:19 >>>  创建本地风场结果文件
07:05:19 >>>  输出数据头到本地风场结果文件
07:05:20 >>>  输出数据头到本地风场结果文件
07:05:20 >>>  输出数据头到本地风场结果文件
07:05:20 >>>  输出数据头到本地风场结果文件
07:05:20 >>>  输出数据头到本地风场结果文件
07:05:20 >>>  输出数据头到本地风场结果文件
07:05:20 >>>  输出数据头到本地风场结果文件
07:05:21 >>>  反演背景风场...
07:05:28 >>>  背景风场反演完成
07:05:29 >>>  开始反演精细风场...
07:05:42 >>>  输出风场反演结果成功
07:05:42 >>>  输出DIAMOND 131格式结果
07:05:42 >>>  本次反演过程完成
07:10:24 >>>  调用反演模块
07:10:24 >>>  获取配置信息成功,继续下一步
07:10:24 >>>  获取各站径向速度格点数据
07:10:24 >>>  创建本地风场结果文件
07:10:24 >>>  输出数据头到本地风场结果文件
07:10:24 >>>  输出数据头到本地风场结果文件
07:10:24 >>>  输出数据头到本地风场结果文件
07:10:25 >>>  输出数据头到本地风场结果文件
07:10:25 >>>  输出数据头到本地风场结果文件
07:10:25 >>>  输出数据头到本地风场结果文件
07:10:25 >>>  输出数据头到本地风场结果文件
07:10:25 >>>  反演背景风场...
07:10:33 >>>  背景风场反演完成
07:10:33 >>>  开始反演精细风场...
07:10:46 >>>  输出风场反演结果成功
07:10:46 >>>  输出DIAMOND 131格式结果
07:10:47 >>>  本次反演过程完成
07:15:28 >>>  调用反演模块
07:15:28 >>>  获取配置信息成功,继续下一步
07:15:28 >>>  获取各站径向速度格点数据
07:15:28 >>>  创建本地风场结果文件
07:15:28 >>>  输出数据头到本地风场结果文件
07:15:28 >>>  输出数据头到本地风场结果文件
07:15:29 >>>  输出数据头到本地风场结果文件
07:15:29 >>>  输出数据头到本地风场结果文件
07:15:29 >>>  输出数据头到本地风场结果文件
07:15:29 >>>  输出数据头到本地风场结果文件
07:15:29 >>>  输出数据头到本地风场结果文件
07:15:29 >>>  反演背景风场...
07:15:37 >>>  背景风场反演完成
07:15:37 >>>  开始反演精细风场...
07:15:51 >>>  输出风场反演结果成功
07:15:51 >>>  输出DIAMOND 131格式结果
07:15:51 >>>  本次反演过程完成
07:20:34 >>>  调用反演模块
07:20:34 >>>  获取配置信息成功,继续下一步
07:20:34 >>>  获取各站径向速度格点数据
07:20:34 >>>  创建本地风场结果文件
07:20:34 >>>  输出数据头到本地风场结果文件
07:20:35 >>>  输出数据头到本地风场结果文件
07:20:35 >>>  输出数据头到本地风场结果文件
07:20:36 >>>  输出数据头到本地风场结果文件
07:20:36 >>>  输出数据头到本地风场结果文件
07:20:36 >>>  输出数据头到本地风场结果文件
07:20:37 >>>  输出数据头到本地风场结果文件
07:20:37 >>>  反演背景风场...
07:20:45 >>>  背景风场反演完成
07:20:45 >>>  开始反演精细风场...
07:20:58 >>>  输出风场反演结果成功
07:20:58 >>>  输出DIAMOND 131格式结果
07:20:58 >>>  本次反演过程完成
07:25:41 >>>  调用反演模块
07:25:41 >>>  获取配置信息成功,继续下一步
07:25:41 >>>  获取各站径向速度格点数据
07:25:42 >>>  创建本地风场结果文件
07:25:42 >>>  输出数据头到本地风场结果文件
07:25:42 >>>  输出数据头到本地风场结果文件
07:25:42 >>>  输出数据头到本地风场结果文件
07:25:42 >>>  输出数据头到本地风场结果文件
07:25:43 >>>  输出数据头到本地风场结果文件
07:25:43 >>>  输出数据头到本地风场结果文件
07:25:43 >>>  输出数据头到本地风场结果文件
07:25:43 >>>  反演背景风场...
07:25:51 >>>  背景风场反演完成
07:25:51 >>>  开始反演精细风场...
07:26:04 >>>  输出风场反演结果成功
07:26:04 >>>  输出DIAMOND 131格式结果
07:26:04 >>>  本次反演过程完成
07:30:46 >>>  调用反演模块
07:30:46 >>>  获取配置信息成功,继续下一步
07:30:46 >>>  获取各站径向速度格点数据
07:30:46 >>>  创建本地风场结果文件
07:30:46 >>>  输出数据头到本地风场结果文件
07:30:46 >>>  输出数据头到本地风场结果文件
07:30:46 >>>  输出数据头到本地风场结果文件
07:30:46 >>>  输出数据头到本地风场结果文件
07:30:46 >>>  输出数据头到本地风场结果文件
07:30:47 >>>  输出数据头到本地风场结果文件
07:30:47 >>>  输出数据头到本地风场结果文件
07:30:47 >>>  反演背景风场...
07:30:55 >>>  背景风场反演完成
07:30:55 >>>  开始反演精细风场...
07:31:08 >>>  输出风场反演结果成功
07:31:08 >>>  输出DIAMOND 131格式结果
07:31:08 >>>  本次反演过程完成
07:35:49 >>>  调用反演模块
07:35:49 >>>  获取配置信息成功,继续下一步
07:35:50 >>>  获取各站径向速度格点数据
07:35:50 >>>  创建本地风场结果文件
07:35:50 >>>  输出数据头到本地风场结果文件
07:35:50 >>>  输出数据头到本地风场结果文件
07:35:50 >>>  输出数据头到本地风场结果文件
07:35:50 >>>  输出数据头到本地风场结果文件
07:35:50 >>>  输出数据头到本地风场结果文件
07:35:51 >>>  输出数据头到本地风场结果文件
07:35:51 >>>  输出数据头到本地风场结果文件
07:35:51 >>>  反演背景风场...
07:35:59 >>>  背景风场反演完成
07:35:59 >>>  开始反演精细风场...
07:36:12 >>>  输出风场反演结果成功
07:36:12 >>>  输出DIAMOND 131格式结果
07:36:13 >>>  本次反演过程完成
07:40:54 >>>  调用反演模块
07:40:54 >>>  获取配置信息成功,继续下一步
07:40:54 >>>  获取各站径向速度格点数据
07:40:54 >>>  创建本地风场结果文件
07:40:54 >>>  输出数据头到本地风场结果文件
07:40:54 >>>  输出数据头到本地风场结果文件
07:40:54 >>>  输出数据头到本地风场结果文件
07:40:54 >>>  输出数据头到本地风场结果文件
07:40:54 >>>  输出数据头到本地风场结果文件
07:40:56 >>>  输出数据头到本地风场结果文件
07:40:56 >>>  输出数据头到本地风场结果文件
07:40:56 >>>  反演背景风场...
07:41:04 >>>  背景风场反演完成
07:41:04 >>>  开始反演精细风场...
07:41:17 >>>  输出风场反演结果成功
07:41:17 >>>  输出DIAMOND 131格式结果
07:41:17 >>>  本次反演过程完成
07:45:58 >>>  调用反演模块
07:45:58 >>>  获取配置信息成功,继续下一步
07:45:58 >>>  获取各站径向速度格点数据
07:45:58 >>>  创建本地风场结果文件
07:45:58 >>>  输出数据头到本地风场结果文件
07:45:59 >>>  输出数据头到本地风场结果文件
07:45:59 >>>  输出数据头到本地风场结果文件
07:45:59 >>>  输出数据头到本地风场结果文件
07:45:59 >>>  输出数据头到本地风场结果文件
07:45:59 >>>  输出数据头到本地风场结果文件
07:45:59 >>>  输出数据头到本地风场结果文件
07:46:00 >>>  反演背景风场...
07:46:07 >>>  背景风场反演完成
07:46:08 >>>  开始反演精细风场...
07:46:21 >>>  输出风场反演结果成功
07:46:21 >>>  输出DIAMOND 131格式结果
07:46:21 >>>  本次反演过程完成
07:51:02 >>>  调用反演模块
07:51:02 >>>  获取配置信息成功,继续下一步
07:51:02 >>>  获取各站径向速度格点数据
07:51:03 >>>  创建本地风场结果文件
07:51:03 >>>  输出数据头到本地风场结果文件
07:51:03 >>>  输出数据头到本地风场结果文件
07:51:03 >>>  输出数据头到本地风场结果文件
07:51:03 >>>  输出数据头到本地风场结果文件
07:51:03 >>>  输出数据头到本地风场结果文件
07:51:03 >>>  输出数据头到本地风场结果文件
07:51:04 >>>  输出数据头到本地风场结果文件
07:51:04 >>>  反演背景风场...
07:51:12 >>>  背景风场反演完成
07:51:12 >>>  开始反演精细风场...
07:51:25 >>>  输出风场反演结果成功
07:51:25 >>>  输出DIAMOND 131格式结果
07:51:25 >>>  本次反演过程完成
07:56:06 >>>  调用反演模块
07:56:06 >>>  获取配置信息成功,继续下一步
07:56:06 >>>  获取各站径向速度格点数据
07:56:06 >>>  创建本地风场结果文件
07:56:06 >>>  输出数据头到本地风场结果文件
07:56:06 >>>  输出数据头到本地风场结果文件
07:56:06 >>>  输出数据头到本地风场结果文件
07:56:07 >>>  输出数据头到本地风场结果文件
07:56:07 >>>  输出数据头到本地风场结果文件
07:56:07 >>>  输出数据头到本地风场结果文件
07:56:07 >>>  输出数据头到本地风场结果文件
07:56:07 >>>  反演背景风场...
07:56:15 >>>  背景风场反演完成
07:56:15 >>>  开始反演精细风场...
07:56:28 >>>  输出风场反演结果成功
07:56:28 >>>  输出DIAMOND 131格式结果
07:56:28 >>>  本次反演过程完成
08:01:09 >>>  调用反演模块
08:01:09 >>>  获取配置信息成功,继续下一步
08:01:09 >>>  获取各站径向速度格点数据
08:01:09 >>>  创建本地风场结果文件
08:01:09 >>>  输出数据头到本地风场结果文件
08:01:10 >>>  输出数据头到本地风场结果文件
08:01:10 >>>  输出数据头到本地风场结果文件
08:01:10 >>>  输出数据头到本地风场结果文件
08:01:10 >>>  输出数据头到本地风场结果文件
08:01:10 >>>  输出数据头到本地风场结果文件
08:01:11 >>>  输出数据头到本地风场结果文件
08:01:11 >>>  反演背景风场...
08:01:18 >>>  背景风场反演完成
08:01:19 >>>  开始反演精细风场...
08:01:31 >>>  输出风场反演结果成功
08:01:31 >>>  输出DIAMOND 131格式结果
08:01:32 >>>  本次反演过程完成
08:06:14 >>>  调用反演模块
08:06:14 >>>  获取配置信息成功,继续下一步
08:06:14 >>>  获取各站径向速度格点数据
08:06:14 >>>  创建本地风场结果文件
08:06:14 >>>  输出数据头到本地风场结果文件
08:06:14 >>>  输出数据头到本地风场结果文件
08:06:15 >>>  输出数据头到本地风场结果文件
08:06:15 >>>  输出数据头到本地风场结果文件
08:06:15 >>>  输出数据头到本地风场结果文件
08:06:15 >>>  输出数据头到本地风场结果文件
08:06:15 >>>  输出数据头到本地风场结果文件
08:06:16 >>>  反演背景风场...
08:06:23 >>>  背景风场反演完成
08:06:24 >>>  开始反演精细风场...
08:06:36 >>>  输出风场反演结果成功
08:06:36 >>>  输出DIAMOND 131格式结果
08:06:36 >>>  本次反演过程完成
08:11:18 >>>  调用反演模块
08:11:18 >>>  获取配置信息成功,继续下一步
08:11:18 >>>  获取各站径向速度格点数据
08:11:19 >>>  创建本地风场结果文件
08:11:19 >>>  输出数据头到本地风场结果文件
08:11:19 >>>  输出数据头到本地风场结果文件
08:11:19 >>>  输出数据头到本地风场结果文件
08:11:19 >>>  输出数据头到本地风场结果文件
08:11:19 >>>  输出数据头到本地风场结果文件
08:11:20 >>>  输出数据头到本地风场结果文件
08:11:20 >>>  输出数据头到本地风场结果文件
08:11:20 >>>  反演背景风场...
08:11:27 >>>  背景风场反演完成
08:11:28 >>>  开始反演精细风场...
08:11:41 >>>  输出风场反演结果成功
08:11:41 >>>  输出DIAMOND 131格式结果
08:11:41 >>>  本次反演过程完成
08:16:23 >>>  调用反演模块
08:16:23 >>>  获取配置信息成功,继续下一步
08:16:23 >>>  获取各站径向速度格点数据
08:16:23 >>>  创建本地风场结果文件
08:16:23 >>>  输出数据头到本地风场结果文件
08:16:23 >>>  输出数据头到本地风场结果文件
08:16:23 >>>  输出数据头到本地风场结果文件
08:16:23 >>>  输出数据头到本地风场结果文件
08:16:24 >>>  输出数据头到本地风场结果文件
08:16:24 >>>  输出数据头到本地风场结果文件
08:16:24 >>>  输出数据头到本地风场结果文件
08:16:24 >>>  反演背景风场...
08:16:32 >>>  背景风场反演完成
08:16:32 >>>  开始反演精细风场...
08:16:45 >>>  输出风场反演结果成功
08:16:45 >>>  输出DIAMOND 131格式结果
08:16:46 >>>  本次反演过程完成
08:21:26 >>>  调用反演模块
08:21:26 >>>  获取配置信息成功,继续下一步
08:21:26 >>>  获取各站径向速度格点数据
08:21:27 >>>  创建本地风场结果文件
08:21:27 >>>  输出数据头到本地风场结果文件
08:21:27 >>>  输出数据头到本地风场结果文件
08:21:27 >>>  输出数据头到本地风场结果文件
08:21:27 >>>  输出数据头到本地风场结果文件
08:21:27 >>>  输出数据头到本地风场结果文件
08:21:28 >>>  输出数据头到本地风场结果文件
08:21:28 >>>  输出数据头到本地风场结果文件
08:21:28 >>>  反演背景风场...
08:21:36 >>>  背景风场反演完成
08:21:36 >>>  开始反演精细风场...
08:21:49 >>>  输出风场反演结果成功
08:21:49 >>>  输出DIAMOND 131格式结果
08:21:49 >>>  本次反演过程完成
08:26:30 >>>  调用反演模块
08:26:30 >>>  获取配置信息成功,继续下一步
08:26:30 >>>  获取各站径向速度格点数据
08:26:30 >>>  创建本地风场结果文件
08:26:30 >>>  输出数据头到本地风场结果文件
08:26:30 >>>  输出数据头到本地风场结果文件
08:26:31 >>>  输出数据头到本地风场结果文件
08:26:31 >>>  输出数据头到本地风场结果文件
08:26:31 >>>  输出数据头到本地风场结果文件
08:26:31 >>>  输出数据头到本地风场结果文件
08:26:31 >>>  输出数据头到本地风场结果文件
08:26:32 >>>  反演背景风场...
08:26:39 >>>  背景风场反演完成
08:26:40 >>>  开始反演精细风场...
08:26:53 >>>  输出风场反演结果成功
08:26:53 >>>  输出DIAMOND 131格式结果
08:26:53 >>>  本次反演过程完成
08:31:34 >>>  调用反演模块
08:31:34 >>>  获取配置信息成功,继续下一步
08:31:34 >>>  获取各站径向速度格点数据
08:31:35 >>>  创建本地风场结果文件
08:31:35 >>>  输出数据头到本地风场结果文件
08:31:35 >>>  输出数据头到本地风场结果文件
08:31:35 >>>  输出数据头到本地风场结果文件
08:31:35 >>>  输出数据头到本地风场结果文件
08:31:35 >>>  输出数据头到本地风场结果文件
08:31:35 >>>  输出数据头到本地风场结果文件
08:31:36 >>>  输出数据头到本地风场结果文件
08:31:36 >>>  反演背景风场...
08:31:43 >>>  背景风场反演完成
08:31:44 >>>  开始反演精细风场...
08:31:57 >>>  输出风场反演结果成功
08:31:57 >>>  输出DIAMOND 131格式结果
08:31:57 >>>  本次反演过程完成
08:36:39 >>>  调用反演模块
08:36:39 >>>  获取配置信息成功,继续下一步
08:36:39 >>>  获取各站径向速度格点数据
08:36:39 >>>  创建本地风场结果文件
08:36:39 >>>  输出数据头到本地风场结果文件
08:36:39 >>>  输出数据头到本地风场结果文件
08:36:39 >>>  输出数据头到本地风场结果文件
08:36:39 >>>  输出数据头到本地风场结果文件
08:36:40 >>>  输出数据头到本地风场结果文件
08:36:40 >>>  输出数据头到本地风场结果文件
08:36:40 >>>  输出数据头到本地风场结果文件
08:36:40 >>>  反演背景风场...
08:36:48 >>>  背景风场反演完成
08:36:48 >>>  开始反演精细风场...
08:37:01 >>>  输出风场反演结果成功
08:37:01 >>>  输出DIAMOND 131格式结果
08:37:01 >>>  本次反演过程完成
08:41:43 >>>  调用反演模块
08:41:43 >>>  获取配置信息成功,继续下一步
08:41:43 >>>  获取各站径向速度格点数据
08:41:43 >>>  创建本地风场结果文件
08:41:43 >>>  输出数据头到本地风场结果文件
08:41:43 >>>  输出数据头到本地风场结果文件
08:41:43 >>>  输出数据头到本地风场结果文件
08:41:43 >>>  输出数据头到本地风场结果文件
08:41:44 >>>  输出数据头到本地风场结果文件
08:41:44 >>>  输出数据头到本地风场结果文件
08:41:44 >>>  输出数据头到本地风场结果文件
08:41:44 >>>  反演背景风场...
08:41:52 >>>  背景风场反演完成
08:41:52 >>>  开始反演精细风场...
08:42:05 >>>  输出风场反演结果成功
08:42:05 >>>  输出DIAMOND 131格式结果
08:42:05 >>>  本次反演过程完成
08:46:47 >>>  调用反演模块
08:46:47 >>>  获取配置信息成功,继续下一步
08:46:47 >>>  获取各站径向速度格点数据
08:46:47 >>>  创建本地风场结果文件
08:46:47 >>>  输出数据头到本地风场结果文件
08:46:47 >>>  输出数据头到本地风场结果文件
08:46:47 >>>  输出数据头到本地风场结果文件
08:46:47 >>>  输出数据头到本地风场结果文件
08:46:48 >>>  输出数据头到本地风场结果文件
08:46:48 >>>  输出数据头到本地风场结果文件
08:46:48 >>>  输出数据头到本地风场结果文件
08:46:48 >>>  反演背景风场...
08:46:56 >>>  背景风场反演完成
08:46:56 >>>  开始反演精细风场...
08:47:09 >>>  输出风场反演结果成功
08:47:09 >>>  输出DIAMOND 131格式结果
08:47:09 >>>  本次反演过程完成
08:51:51 >>>  调用反演模块
08:51:51 >>>  获取配置信息成功,继续下一步
08:51:51 >>>  获取各站径向速度格点数据
08:51:51 >>>  创建本地风场结果文件
08:51:51 >>>  输出数据头到本地风场结果文件
08:51:51 >>>  输出数据头到本地风场结果文件
08:51:52 >>>  输出数据头到本地风场结果文件
08:51:52 >>>  输出数据头到本地风场结果文件
08:51:52 >>>  输出数据头到本地风场结果文件
08:51:52 >>>  输出数据头到本地风场结果文件
08:51:52 >>>  输出数据头到本地风场结果文件
08:51:52 >>>  反演背景风场...
08:52:00 >>>  背景风场反演完成
08:52:01 >>>  开始反演精细风场...
08:52:14 >>>  输出风场反演结果成功
08:52:14 >>>  输出DIAMOND 131格式结果
08:52:14 >>>  本次反演过程完成
08:56:54 >>>  调用反演模块
08:56:54 >>>  获取配置信息成功,继续下一步
08:56:54 >>>  获取各站径向速度格点数据
08:56:55 >>>  创建本地风场结果文件
08:56:55 >>>  输出数据头到本地风场结果文件
08:56:55 >>>  输出数据头到本地风场结果文件
08:56:55 >>>  输出数据头到本地风场结果文件
08:56:55 >>>  输出数据头到本地风场结果文件
08:56:55 >>>  输出数据头到本地风场结果文件
08:56:56 >>>  输出数据头到本地风场结果文件
08:56:56 >>>  输出数据头到本地风场结果文件
08:56:56 >>>  反演背景风场...
08:57:03 >>>  背景风场反演完成
08:57:04 >>>  开始反演精细风场...
08:57:17 >>>  输出风场反演结果成功
08:57:17 >>>  输出DIAMOND 131格式结果
08:57:17 >>>  本次反演过程完成
09:01:58 >>>  调用反演模块
09:01:58 >>>  获取配置信息成功,继续下一步
09:01:58 >>>  获取各站径向速度格点数据
09:01:58 >>>  创建本地风场结果文件
09:01:58 >>>  输出数据头到本地风场结果文件
09:01:58 >>>  输出数据头到本地风场结果文件
09:01:58 >>>  输出数据头到本地风场结果文件
09:01:58 >>>  输出数据头到本地风场结果文件
09:01:59 >>>  输出数据头到本地风场结果文件
09:01:59 >>>  输出数据头到本地风场结果文件
09:01:59 >>>  输出数据头到本地风场结果文件
09:01:59 >>>  反演背景风场...
09:02:07 >>>  背景风场反演完成
09:02:07 >>>  开始反演精细风场...
09:02:20 >>>  输出风场反演结果成功
09:02:20 >>>  输出DIAMOND 131格式结果
09:02:21 >>>  本次反演过程完成
09:07:02 >>>  调用反演模块
09:07:02 >>>  获取配置信息成功,继续下一步
09:07:02 >>>  获取各站径向速度格点数据
09:07:02 >>>  创建本地风场结果文件
09:07:02 >>>  输出数据头到本地风场结果文件
09:07:02 >>>  输出数据头到本地风场结果文件
09:07:02 >>>  输出数据头到本地风场结果文件
09:07:03 >>>  输出数据头到本地风场结果文件
09:07:03 >>>  输出数据头到本地风场结果文件
09:07:03 >>>  输出数据头到本地风场结果文件
09:07:03 >>>  输出数据头到本地风场结果文件
09:07:03 >>>  反演背景风场...
09:07:11 >>>  背景风场反演完成
09:07:11 >>>  开始反演精细风场...
09:07:24 >>>  输出风场反演结果成功
09:07:24 >>>  输出DIAMOND 131格式结果
09:07:24 >>>  本次反演过程完成
09:12:06 >>>  调用反演模块
09:12:06 >>>  获取配置信息成功,继续下一步
09:12:06 >>>  获取各站径向速度格点数据
09:12:06 >>>  创建本地风场结果文件
09:12:06 >>>  输出数据头到本地风场结果文件
09:12:07 >>>  输出数据头到本地风场结果文件
09:12:07 >>>  输出数据头到本地风场结果文件
09:12:07 >>>  输出数据头到本地风场结果文件
09:12:07 >>>  输出数据头到本地风场结果文件
09:12:07 >>>  输出数据头到本地风场结果文件
09:12:08 >>>  输出数据头到本地风场结果文件
09:12:08 >>>  反演背景风场...
09:12:15 >>>  背景风场反演完成
09:12:16 >>>  开始反演精细风场...
09:12:29 >>>  输出风场反演结果成功
09:12:29 >>>  输出DIAMOND 131格式结果
09:12:29 >>>  本次反演过程完成
09:17:12 >>>  调用反演模块
09:17:12 >>>  获取配置信息成功,继续下一步
09:17:12 >>>  获取各站径向速度格点数据
09:17:13 >>>  创建本地风场结果文件
09:17:13 >>>  输出数据头到本地风场结果文件
09:17:13 >>>  输出数据头到本地风场结果文件
09:17:14 >>>  输出数据头到本地风场结果文件
09:17:14 >>>  输出数据头到本地风场结果文件
09:17:14 >>>  输出数据头到本地风场结果文件
09:17:14 >>>  输出数据头到本地风场结果文件
09:17:14 >>>  输出数据头到本地风场结果文件
09:17:14 >>>  反演背景风场...
09:17:22 >>>  背景风场反演完成
09:17:22 >>>  开始反演精细风场...
09:17:35 >>>  输出风场反演结果成功
09:17:35 >>>  输出DIAMOND 131格式结果
09:17:36 >>>  本次反演过程完成
09:22:18 >>>  调用反演模块
09:22:18 >>>  获取配置信息成功,继续下一步
09:22:18 >>>  获取各站径向速度格点数据
09:22:18 >>>  创建本地风场结果文件
09:22:18 >>>  输出数据头到本地风场结果文件
09:22:18 >>>  输出数据头到本地风场结果文件
09:22:18 >>>  输出数据头到本地风场结果文件
09:22:18 >>>  输出数据头到本地风场结果文件
09:22:19 >>>  输出数据头到本地风场结果文件
09:22:19 >>>  输出数据头到本地风场结果文件
09:22:19 >>>  输出数据头到本地风场结果文件
09:22:19 >>>  反演背景风场...
09:22:27 >>>  背景风场反演完成
09:22:27 >>>  开始反演精细风场...
09:22:40 >>>  输出风场反演结果成功
09:22:40 >>>  输出DIAMOND 131格式结果
09:22:40 >>>  本次反演过程完成
09:27:20 >>>  调用反演模块
09:27:20 >>>  获取配置信息成功,继续下一步
09:27:20 >>>  获取各站径向速度格点数据
09:27:20 >>>  创建本地风场结果文件
09:27:20 >>>  输出数据头到本地风场结果文件
09:27:20 >>>  输出数据头到本地风场结果文件
09:27:20 >>>  输出数据头到本地风场结果文件
09:27:20 >>>  输出数据头到本地风场结果文件
09:27:20 >>>  输出数据头到本地风场结果文件
09:27:21 >>>  输出数据头到本地风场结果文件
09:27:21 >>>  输出数据头到本地风场结果文件
09:27:21 >>>  反演背景风场...
09:27:29 >>>  背景风场反演完成
09:27:29 >>>  开始反演精细风场...
09:27:42 >>>  输出风场反演结果成功
09:27:42 >>>  输出DIAMOND 131格式结果
09:27:42 >>>  本次反演过程完成
09:32:24 >>>  调用反演模块
09:32:24 >>>  获取配置信息成功,继续下一步
09:32:24 >>>  获取各站径向速度格点数据
09:32:24 >>>  创建本地风场结果文件
09:32:24 >>>  输出数据头到本地风场结果文件
09:32:25 >>>  输出数据头到本地风场结果文件
09:32:25 >>>  输出数据头到本地风场结果文件
09:32:25 >>>  输出数据头到本地风场结果文件
09:32:25 >>>  输出数据头到本地风场结果文件
09:32:25 >>>  输出数据头到本地风场结果文件
09:32:26 >>>  输出数据头到本地风场结果文件
09:32:26 >>>  反演背景风场...
09:32:33 >>>  背景风场反演完成
09:32:34 >>>  开始反演精细风场...
09:32:47 >>>  输出风场反演结果成功
09:32:47 >>>  输出DIAMOND 131格式结果
09:32:47 >>>  本次反演过程完成
09:37:29 >>>  调用反演模块
09:37:29 >>>  获取配置信息成功,继续下一步
09:37:29 >>>  获取各站径向速度格点数据
09:37:29 >>>  创建本地风场结果文件
09:37:29 >>>  输出数据头到本地风场结果文件
09:37:29 >>>  输出数据头到本地风场结果文件
09:37:29 >>>  输出数据头到本地风场结果文件
09:37:29 >>>  输出数据头到本地风场结果文件
09:37:30 >>>  输出数据头到本地风场结果文件
09:37:30 >>>  输出数据头到本地风场结果文件
09:37:30 >>>  输出数据头到本地风场结果文件
09:37:30 >>>  反演背景风场...
09:37:38 >>>  背景风场反演完成
09:37:38 >>>  开始反演精细风场...
09:37:51 >>>  输出风场反演结果成功
09:37:51 >>>  输出DIAMOND 131格式结果
09:37:51 >>>  本次反演过程完成
09:42:33 >>>  调用反演模块
09:42:33 >>>  获取配置信息成功,继续下一步
09:42:33 >>>  获取各站径向速度格点数据
09:42:33 >>>  创建本地风场结果文件
09:42:33 >>>  输出数据头到本地风场结果文件
09:42:33 >>>  输出数据头到本地风场结果文件
09:42:33 >>>  输出数据头到本地风场结果文件
09:42:33 >>>  输出数据头到本地风场结果文件
09:42:34 >>>  输出数据头到本地风场结果文件
09:42:34 >>>  输出数据头到本地风场结果文件
09:42:34 >>>  输出数据头到本地风场结果文件
09:42:34 >>>  反演背景风场...
09:42:42 >>>  背景风场反演完成
09:42:42 >>>  开始反演精细风场...
09:42:55 >>>  输出风场反演结果成功
09:42:55 >>>  输出DIAMOND 131格式结果
09:42:55 >>>  本次反演过程完成
09:47:36 >>>  调用反演模块
09:47:36 >>>  获取配置信息成功,继续下一步
09:47:36 >>>  获取各站径向速度格点数据
09:47:36 >>>  创建本地风场结果文件
09:47:36 >>>  输出数据头到本地风场结果文件
09:47:37 >>>  输出数据头到本地风场结果文件
09:47:37 >>>  输出数据头到本地风场结果文件
09:47:37 >>>  输出数据头到本地风场结果文件
09:47:37 >>>  输出数据头到本地风场结果文件
09:47:38 >>>  输出数据头到本地风场结果文件
09:47:38 >>>  输出数据头到本地风场结果文件
09:47:38 >>>  反演背景风场...
09:47:46 >>>  背景风场反演完成
09:47:46 >>>  开始反演精细风场...
09:47:59 >>>  输出风场反演结果成功
09:47:59 >>>  输出DIAMOND 131格式结果
09:48:00 >>>  本次反演过程完成
09:52:40 >>>  调用反演模块
09:52:40 >>>  获取配置信息成功,继续下一步
09:52:40 >>>  获取各站径向速度格点数据
09:52:40 >>>  创建本地风场结果文件
09:52:40 >>>  输出数据头到本地风场结果文件
09:52:40 >>>  输出数据头到本地风场结果文件
09:52:41 >>>  输出数据头到本地风场结果文件
09:52:41 >>>  输出数据头到本地风场结果文件
09:52:41 >>>  输出数据头到本地风场结果文件
09:52:41 >>>  输出数据头到本地风场结果文件
09:52:41 >>>  输出数据头到本地风场结果文件
09:52:41 >>>  反演背景风场...
09:52:49 >>>  背景风场反演完成
09:52:50 >>>  开始反演精细风场...
09:53:02 >>>  输出风场反演结果成功
09:53:02 >>>  输出DIAMOND 131格式结果
09:53:02 >>>  本次反演过程完成
09:57:44 >>>  调用反演模块
09:57:44 >>>  获取配置信息成功,继续下一步
09:57:44 >>>  获取各站径向速度格点数据
09:57:45 >>>  创建本地风场结果文件
09:57:45 >>>  输出数据头到本地风场结果文件
09:57:45 >>>  输出数据头到本地风场结果文件
09:57:45 >>>  输出数据头到本地风场结果文件
09:57:45 >>>  输出数据头到本地风场结果文件
09:57:45 >>>  输出数据头到本地风场结果文件
09:57:46 >>>  输出数据头到本地风场结果文件
09:57:46 >>>  输出数据头到本地风场结果文件
09:57:46 >>>  反演背景风场...
09:57:53 >>>  背景风场反演完成
09:57:54 >>>  开始反演精细风场...
09:58:07 >>>  输出风场反演结果成功
09:58:07 >>>  输出DIAMOND 131格式结果
09:58:07 >>>  本次反演过程完成
10:02:49 >>>  调用反演模块
10:02:49 >>>  获取配置信息成功,继续下一步
10:02:49 >>>  获取各站径向速度格点数据
10:02:49 >>>  创建本地风场结果文件
10:02:49 >>>  输出数据头到本地风场结果文件
10:02:49 >>>  输出数据头到本地风场结果文件
10:02:50 >>>  输出数据头到本地风场结果文件
10:02:50 >>>  输出数据头到本地风场结果文件
10:02:50 >>>  输出数据头到本地风场结果文件
10:02:50 >>>  输出数据头到本地风场结果文件
10:02:50 >>>  输出数据头到本地风场结果文件
10:02:50 >>>  反演背景风场...
10:02:58 >>>  背景风场反演完成
10:02:58 >>>  开始反演精细风场...
10:03:11 >>>  输出风场反演结果成功
10:03:11 >>>  输出DIAMOND 131格式结果
10:03:11 >>>  本次反演过程完成
10:07:53 >>>  调用反演模块
10:07:53 >>>  获取配置信息成功,继续下一步
10:07:53 >>>  获取各站径向速度格点数据
10:07:53 >>>  创建本地风场结果文件
10:07:53 >>>  输出数据头到本地风场结果文件
10:07:53 >>>  输出数据头到本地风场结果文件
10:07:53 >>>  输出数据头到本地风场结果文件
10:07:54 >>>  输出数据头到本地风场结果文件
10:07:54 >>>  输出数据头到本地风场结果文件
10:07:54 >>>  输出数据头到本地风场结果文件
10:07:54 >>>  输出数据头到本地风场结果文件
10:07:54 >>>  反演背景风场...
10:08:02 >>>  背景风场反演完成
10:08:03 >>>  开始反演精细风场...
10:08:15 >>>  输出风场反演结果成功
10:08:15 >>>  输出DIAMOND 131格式结果
10:08:15 >>>  本次反演过程完成
10:12:57 >>>  调用反演模块
10:12:57 >>>  获取配置信息成功,继续下一步
10:12:57 >>>  获取各站径向速度格点数据
10:12:57 >>>  创建本地风场结果文件
10:12:57 >>>  输出数据头到本地风场结果文件
10:12:57 >>>  输出数据头到本地风场结果文件
10:12:58 >>>  输出数据头到本地风场结果文件
10:12:58 >>>  输出数据头到本地风场结果文件
10:12:58 >>>  输出数据头到本地风场结果文件
10:12:58 >>>  输出数据头到本地风场结果文件
10:12:58 >>>  输出数据头到本地风场结果文件
10:12:58 >>>  反演背景风场...
10:13:06 >>>  背景风场反演完成
10:13:06 >>>  开始反演精细风场...
10:13:19 >>>  输出风场反演结果成功
10:13:19 >>>  输出DIAMOND 131格式结果
10:13:19 >>>  本次反演过程完成
10:18:01 >>>  调用反演模块
10:18:01 >>>  获取配置信息成功,继续下一步
10:18:01 >>>  获取各站径向速度格点数据
10:18:01 >>>  创建本地风场结果文件
10:18:01 >>>  输出数据头到本地风场结果文件
10:18:01 >>>  输出数据头到本地风场结果文件
10:18:01 >>>  输出数据头到本地风场结果文件
10:18:01 >>>  输出数据头到本地风场结果文件
10:18:02 >>>  输出数据头到本地风场结果文件
10:18:02 >>>  输出数据头到本地风场结果文件
10:18:02 >>>  输出数据头到本地风场结果文件
10:18:02 >>>  反演背景风场...
10:18:10 >>>  背景风场反演完成
10:18:10 >>>  开始反演精细风场...
10:18:23 >>>  输出风场反演结果成功
10:18:23 >>>  输出DIAMOND 131格式结果
10:18:23 >>>  本次反演过程完成
10:23:10 >>>  调用反演模块
10:23:10 >>>  获取配置信息成功,继续下一步
10:23:10 >>>  获取各站径向速度格点数据
10:23:10 >>>  创建本地风场结果文件
10:23:10 >>>  输出数据头到本地风场结果文件
10:23:10 >>>  输出数据头到本地风场结果文件
10:23:10 >>>  输出数据头到本地风场结果文件
10:23:10 >>>  输出数据头到本地风场结果文件
10:23:11 >>>  输出数据头到本地风场结果文件
10:23:11 >>>  输出数据头到本地风场结果文件
10:23:11 >>>  输出数据头到本地风场结果文件
10:23:11 >>>  反演背景风场...
10:23:18 >>>  背景风场反演完成
10:23:19 >>>  开始反演精细风场...
10:23:32 >>>  输出风场反演结果成功
10:23:32 >>>  输出DIAMOND 131格式结果
10:23:32 >>>  本次反演过程完成
10:28:09 >>>  调用反演模块
10:28:09 >>>  获取配置信息成功,继续下一步
10:28:09 >>>  获取各站径向速度格点数据
10:28:09 >>>  创建本地风场结果文件
10:28:09 >>>  输出数据头到本地风场结果文件
10:28:09 >>>  输出数据头到本地风场结果文件
10:28:10 >>>  输出数据头到本地风场结果文件
10:28:10 >>>  输出数据头到本地风场结果文件
10:28:10 >>>  输出数据头到本地风场结果文件
10:28:10 >>>  输出数据头到本地风场结果文件
10:28:11 >>>  输出数据头到本地风场结果文件
10:28:11 >>>  反演背景风场...
10:28:18 >>>  背景风场反演完成
10:28:19 >>>  开始反演精细风场...
10:28:31 >>>  输出风场反演结果成功
10:28:31 >>>  输出DIAMOND 131格式结果
10:28:32 >>>  本次反演过程完成
10:33:13 >>>  调用反演模块
10:33:13 >>>  获取配置信息成功,继续下一步
10:33:13 >>>  获取各站径向速度格点数据
10:33:13 >>>  创建本地风场结果文件
10:33:13 >>>  输出数据头到本地风场结果文件
10:33:13 >>>  输出数据头到本地风场结果文件
10:33:13 >>>  输出数据头到本地风场结果文件
10:33:14 >>>  输出数据头到本地风场结果文件
10:33:14 >>>  输出数据头到本地风场结果文件
10:33:14 >>>  输出数据头到本地风场结果文件
10:33:14 >>>  输出数据头到本地风场结果文件
10:33:14 >>>  反演背景风场...
10:33:22 >>>  背景风场反演完成
10:33:22 >>>  开始反演精细风场...
10:33:35 >>>  输出风场反演结果成功
10:33:35 >>>  输出DIAMOND 131格式结果
10:33:35 >>>  本次反演过程完成
10:38:17 >>>  调用反演模块
10:38:17 >>>  获取配置信息成功,继续下一步
10:38:17 >>>  获取各站径向速度格点数据
10:38:17 >>>  创建本地风场结果文件
10:38:17 >>>  输出数据头到本地风场结果文件
10:38:17 >>>  输出数据头到本地风场结果文件
10:38:17 >>>  输出数据头到本地风场结果文件
10:38:17 >>>  输出数据头到本地风场结果文件
10:38:17 >>>  输出数据头到本地风场结果文件
10:38:18 >>>  输出数据头到本地风场结果文件
10:38:18 >>>  输出数据头到本地风场结果文件
10:38:18 >>>  反演背景风场...
10:38:26 >>>  背景风场反演完成
10:38:26 >>>  开始反演精细风场...
10:38:38 >>>  输出风场反演结果成功
10:38:38 >>>  输出DIAMOND 131格式结果
10:38:39 >>>  本次反演过程完成
10:43:21 >>>  调用反演模块
10:43:21 >>>  获取配置信息成功,继续下一步
10:43:21 >>>  获取各站径向速度格点数据
10:43:22 >>>  创建本地风场结果文件
10:43:22 >>>  输出数据头到本地风场结果文件
10:43:22 >>>  输出数据头到本地风场结果文件
10:43:22 >>>  输出数据头到本地风场结果文件
10:43:22 >>>  输出数据头到本地风场结果文件
10:43:22 >>>  输出数据头到本地风场结果文件
10:43:22 >>>  输出数据头到本地风场结果文件
10:43:23 >>>  输出数据头到本地风场结果文件
10:43:23 >>>  反演背景风场...
10:43:30 >>>  背景风场反演完成
10:43:31 >>>  开始反演精细风场...
10:43:43 >>>  输出风场反演结果成功
10:43:43 >>>  输出DIAMOND 131格式结果
10:43:43 >>>  本次反演过程完成
10:48:25 >>>  调用反演模块
10:48:25 >>>  获取配置信息成功,继续下一步
10:48:25 >>>  获取各站径向速度格点数据
10:48:25 >>>  创建本地风场结果文件
10:48:25 >>>  输出数据头到本地风场结果文件
10:48:25 >>>  输出数据头到本地风场结果文件
10:48:25 >>>  输出数据头到本地风场结果文件
10:48:26 >>>  输出数据头到本地风场结果文件
10:48:26 >>>  输出数据头到本地风场结果文件
10:48:26 >>>  输出数据头到本地风场结果文件
10:48:26 >>>  输出数据头到本地风场结果文件
10:48:26 >>>  反演背景风场...
10:48:34 >>>  背景风场反演完成
10:48:34 >>>  开始反演精细风场...
10:48:47 >>>  输出风场反演结果成功
10:48:47 >>>  输出DIAMOND 131格式结果
10:48:47 >>>  本次反演过程完成
10:53:27 >>>  调用反演模块
10:53:27 >>>  获取配置信息成功,继续下一步
10:53:27 >>>  获取各站径向速度格点数据
10:53:28 >>>  创建本地风场结果文件
10:53:28 >>>  输出数据头到本地风场结果文件
10:53:28 >>>  输出数据头到本地风场结果文件
10:53:28 >>>  输出数据头到本地风场结果文件
10:53:28 >>>  输出数据头到本地风场结果文件
10:53:28 >>>  输出数据头到本地风场结果文件
10:53:29 >>>  输出数据头到本地风场结果文件
10:53:29 >>>  输出数据头到本地风场结果文件
10:53:29 >>>  反演背景风场...
10:53:37 >>>  背景风场反演完成
10:53:37 >>>  开始反演精细风场...
10:53:49 >>>  输出风场反演结果成功
10:53:49 >>>  输出DIAMOND 131格式结果
10:53:50 >>>  本次反演过程完成
10:58:30 >>>  调用反演模块
10:58:30 >>>  获取配置信息成功,继续下一步
10:58:30 >>>  获取各站径向速度格点数据
10:58:30 >>>  创建本地风场结果文件
10:58:30 >>>  输出数据头到本地风场结果文件
10:58:30 >>>  输出数据头到本地风场结果文件
10:58:31 >>>  输出数据头到本地风场结果文件
10:58:31 >>>  输出数据头到本地风场结果文件
10:58:31 >>>  输出数据头到本地风场结果文件
10:58:31 >>>  输出数据头到本地风场结果文件
10:58:31 >>>  输出数据头到本地风场结果文件
10:58:31 >>>  反演背景风场...
10:58:39 >>>  背景风场反演完成
10:58:39 >>>  开始反演精细风场...
10:58:52 >>>  输出风场反演结果成功
10:58:52 >>>  输出DIAMOND 131格式结果
10:58:52 >>>  本次反演过程完成
11:03:33 >>>  调用反演模块
11:03:33 >>>  获取配置信息成功,继续下一步
11:03:33 >>>  获取各站径向速度格点数据
11:03:33 >>>  创建本地风场结果文件
11:03:33 >>>  输出数据头到本地风场结果文件
11:03:33 >>>  输出数据头到本地风场结果文件
11:03:34 >>>  输出数据头到本地风场结果文件
11:03:34 >>>  输出数据头到本地风场结果文件
11:03:34 >>>  输出数据头到本地风场结果文件
11:03:34 >>>  输出数据头到本地风场结果文件
11:03:34 >>>  输出数据头到本地风场结果文件
11:03:35 >>>  反演背景风场...
11:03:42 >>>  背景风场反演完成
11:03:43 >>>  开始反演精细风场...
11:03:55 >>>  输出风场反演结果成功
11:03:55 >>>  输出DIAMOND 131格式结果
11:03:55 >>>  本次反演过程完成
11:08:36 >>>  调用反演模块
11:08:36 >>>  获取配置信息成功,继续下一步
11:08:36 >>>  获取各站径向速度格点数据
11:08:36 >>>  创建本地风场结果文件
11:08:36 >>>  输出数据头到本地风场结果文件
11:08:36 >>>  输出数据头到本地风场结果文件
11:08:37 >>>  输出数据头到本地风场结果文件
11:08:37 >>>  输出数据头到本地风场结果文件
11:08:37 >>>  输出数据头到本地风场结果文件
11:08:37 >>>  输出数据头到本地风场结果文件
11:08:37 >>>  输出数据头到本地风场结果文件
11:08:37 >>>  反演背景风场...
11:08:45 >>>  背景风场反演完成
11:08:45 >>>  开始反演精细风场...
11:08:59 >>>  输出风场反演结果成功
11:08:59 >>>  输出DIAMOND 131格式结果
11:08:59 >>>  本次反演过程完成
11:13:40 >>>  调用反演模块
11:13:40 >>>  获取配置信息成功,继续下一步
11:13:40 >>>  获取各站径向速度格点数据
11:13:40 >>>  创建本地风场结果文件
11:13:40 >>>  输出数据头到本地风场结果文件
11:13:40 >>>  输出数据头到本地风场结果文件
11:13:40 >>>  输出数据头到本地风场结果文件
11:13:41 >>>  输出数据头到本地风场结果文件
11:13:41 >>>  输出数据头到本地风场结果文件
11:13:41 >>>  输出数据头到本地风场结果文件
11:13:41 >>>  输出数据头到本地风场结果文件
11:13:41 >>>  反演背景风场...
11:13:49 >>>  背景风场反演完成
11:13:49 >>>  开始反演精细风场...
11:14:02 >>>  输出风场反演结果成功
11:14:02 >>>  输出DIAMOND 131格式结果
11:14:03 >>>  本次反演过程完成
11:18:46 >>>  调用反演模块
11:18:46 >>>  获取配置信息成功,继续下一步
11:18:46 >>>  获取各站径向速度格点数据
11:18:46 >>>  创建本地风场结果文件
11:18:46 >>>  输出数据头到本地风场结果文件
11:18:46 >>>  输出数据头到本地风场结果文件
11:18:46 >>>  输出数据头到本地风场结果文件
11:18:46 >>>  输出数据头到本地风场结果文件
11:18:46 >>>  输出数据头到本地风场结果文件
11:18:47 >>>  输出数据头到本地风场结果文件
11:18:47 >>>  输出数据头到本地风场结果文件
11:18:47 >>>  反演背景风场...
11:18:55 >>>  背景风场反演完成
11:18:55 >>>  开始反演精细风场...
11:19:07 >>>  输出风场反演结果成功
11:19:07 >>>  输出DIAMOND 131格式结果
11:19:08 >>>  本次反演过程完成
11:23:53 >>>  调用反演模块
11:23:53 >>>  获取配置信息成功,继续下一步
11:23:53 >>>  获取各站径向速度格点数据
11:23:53 >>>  创建本地风场结果文件
11:23:53 >>>  输出数据头到本地风场结果文件
11:23:53 >>>  输出数据头到本地风场结果文件
11:23:54 >>>  输出数据头到本地风场结果文件
11:23:54 >>>  输出数据头到本地风场结果文件
11:23:54 >>>  输出数据头到本地风场结果文件
11:23:54 >>>  输出数据头到本地风场结果文件
11:23:54 >>>  输出数据头到本地风场结果文件
11:23:54 >>>  反演背景风场...
11:24:02 >>>  背景风场反演完成
11:24:03 >>>  开始反演精细风场...
11:24:16 >>>  输出风场反演结果成功
11:24:16 >>>  输出DIAMOND 131格式结果
11:24:16 >>>  本次反演过程完成
11:29:03 >>>  调用反演模块
11:29:03 >>>  获取配置信息成功,继续下一步
11:29:03 >>>  获取各站径向速度格点数据
11:29:03 >>>  创建本地风场结果文件
11:29:03 >>>  输出数据头到本地风场结果文件
11:29:03 >>>  输出数据头到本地风场结果文件
11:29:03 >>>  输出数据头到本地风场结果文件
11:29:03 >>>  输出数据头到本地风场结果文件
11:29:04 >>>  输出数据头到本地风场结果文件
11:29:04 >>>  输出数据头到本地风场结果文件
11:29:04 >>>  输出数据头到本地风场结果文件
11:29:04 >>>  反演背景风场...
11:29:12 >>>  背景风场反演完成
11:29:12 >>>  开始反演精细风场...
11:29:25 >>>  输出风场反演结果成功
11:29:25 >>>  输出DIAMOND 131格式结果
11:29:25 >>>  本次反演过程完成
11:34:11 >>>  调用反演模块
11:34:11 >>>  获取配置信息成功,继续下一步
11:34:11 >>>  获取各站径向速度格点数据
11:34:11 >>>  创建本地风场结果文件
11:34:11 >>>  输出数据头到本地风场结果文件
11:34:11 >>>  输出数据头到本地风场结果文件
11:34:12 >>>  输出数据头到本地风场结果文件
11:34:12 >>>  输出数据头到本地风场结果文件
11:34:12 >>>  输出数据头到本地风场结果文件
11:34:12 >>>  输出数据头到本地风场结果文件
11:34:12 >>>  输出数据头到本地风场结果文件
11:34:12 >>>  反演背景风场...
11:34:20 >>>  背景风场反演完成
11:34:20 >>>  开始反演精细风场...
11:34:33 >>>  输出风场反演结果成功
11:34:33 >>>  输出DIAMOND 131格式结果
11:34:33 >>>  本次反演过程完成
11:39:17 >>>  调用反演模块
11:39:17 >>>  获取配置信息成功,继续下一步
11:39:17 >>>  获取各站径向速度格点数据
11:39:17 >>>  创建本地风场结果文件
11:39:17 >>>  输出数据头到本地风场结果文件
11:39:17 >>>  输出数据头到本地风场结果文件
11:39:17 >>>  输出数据头到本地风场结果文件
11:39:18 >>>  输出数据头到本地风场结果文件
11:39:18 >>>  输出数据头到本地风场结果文件
11:39:18 >>>  输出数据头到本地风场结果文件
11:39:18 >>>  输出数据头到本地风场结果文件
11:39:18 >>>  反演背景风场...
11:39:26 >>>  背景风场反演完成
11:39:26 >>>  开始反演精细风场...
11:39:39 >>>  输出风场反演结果成功
11:39:39 >>>  输出DIAMOND 131格式结果
11:39:40 >>>  本次反演过程完成
11:44:23 >>>  调用反演模块
11:44:23 >>>  获取配置信息成功,继续下一步
11:44:23 >>>  获取各站径向速度格点数据
11:44:23 >>>  创建本地风场结果文件
11:44:23 >>>  输出数据头到本地风场结果文件
11:44:23 >>>  输出数据头到本地风场结果文件
11:44:23 >>>  输出数据头到本地风场结果文件
11:44:23 >>>  输出数据头到本地风场结果文件
11:44:23 >>>  输出数据头到本地风场结果文件
11:44:24 >>>  输出数据头到本地风场结果文件
11:44:24 >>>  输出数据头到本地风场结果文件
11:44:24 >>>  反演背景风场...
11:44:32 >>>  背景风场反演完成
11:44:32 >>>  开始反演精细风场...
11:44:45 >>>  输出风场反演结果成功
11:44:45 >>>  输出DIAMOND 131格式结果
11:44:46 >>>  本次反演过程完成
11:49:28 >>>  调用反演模块
11:49:28 >>>  获取配置信息成功,继续下一步
11:49:28 >>>  获取各站径向速度格点数据
11:49:29 >>>  创建本地风场结果文件
11:49:29 >>>  输出数据头到本地风场结果文件
11:49:29 >>>  输出数据头到本地风场结果文件
11:49:29 >>>  输出数据头到本地风场结果文件
11:49:29 >>>  输出数据头到本地风场结果文件
11:49:29 >>>  输出数据头到本地风场结果文件
11:49:30 >>>  输出数据头到本地风场结果文件
11:49:30 >>>  输出数据头到本地风场结果文件
11:49:30 >>>  反演背景风场...
11:49:38 >>>  背景风场反演完成
11:49:38 >>>  开始反演精细风场...
11:49:51 >>>  输出风场反演结果成功
11:49:51 >>>  输出DIAMOND 131格式结果
11:49:52 >>>  本次反演过程完成
11:54:35 >>>  调用反演模块
11:54:35 >>>  获取配置信息成功,继续下一步
11:54:35 >>>  获取各站径向速度格点数据
11:54:35 >>>  创建本地风场结果文件
11:54:35 >>>  输出数据头到本地风场结果文件
11:54:35 >>>  输出数据头到本地风场结果文件
11:54:35 >>>  输出数据头到本地风场结果文件
11:54:35 >>>  输出数据头到本地风场结果文件
11:54:36 >>>  输出数据头到本地风场结果文件
11:54:36 >>>  输出数据头到本地风场结果文件
11:54:36 >>>  输出数据头到本地风场结果文件
11:54:36 >>>  反演背景风场...
11:54:44 >>>  背景风场反演完成
11:54:44 >>>  开始反演精细风场...
11:54:57 >>>  输出风场反演结果成功
11:54:57 >>>  输出DIAMOND 131格式结果
11:54:57 >>>  本次反演过程完成
11:59:40 >>>  调用反演模块
11:59:40 >>>  获取配置信息成功,继续下一步
11:59:40 >>>  获取各站径向速度格点数据
11:59:40 >>>  创建本地风场结果文件
11:59:40 >>>  输出数据头到本地风场结果文件
11:59:40 >>>  输出数据头到本地风场结果文件
11:59:40 >>>  输出数据头到本地风场结果文件
11:59:41 >>>  输出数据头到本地风场结果文件
11:59:41 >>>  输出数据头到本地风场结果文件
11:59:41 >>>  输出数据头到本地风场结果文件
11:59:41 >>>  输出数据头到本地风场结果文件
11:59:41 >>>  反演背景风场...
11:59:49 >>>  背景风场反演完成
11:59:49 >>>  开始反演精细风场...
12:00:02 >>>  输出风场反演结果成功
12:00:02 >>>  输出DIAMOND 131格式结果
12:00:03 >>>  本次反演过程完成
12:04:45 >>>  调用反演模块
12:04:45 >>>  获取配置信息成功,继续下一步
12:04:45 >>>  获取各站径向速度格点数据
12:04:45 >>>  创建本地风场结果文件
12:04:45 >>>  输出数据头到本地风场结果文件
12:04:46 >>>  输出数据头到本地风场结果文件
12:04:46 >>>  输出数据头到本地风场结果文件
12:04:46 >>>  输出数据头到本地风场结果文件
12:04:46 >>>  输出数据头到本地风场结果文件
12:04:46 >>>  输出数据头到本地风场结果文件
12:04:47 >>>  输出数据头到本地风场结果文件
12:04:47 >>>  反演背景风场...
12:04:55 >>>  背景风场反演完成
12:04:55 >>>  开始反演精细风场...
12:05:08 >>>  输出风场反演结果成功
12:05:08 >>>  输出DIAMOND 131格式结果
12:05:09 >>>  本次反演过程完成
12:09:50 >>>  调用反演模块
12:09:50 >>>  获取配置信息成功,继续下一步
12:09:50 >>>  获取各站径向速度格点数据
12:09:51 >>>  创建本地风场结果文件
12:09:51 >>>  输出数据头到本地风场结果文件
12:09:51 >>>  输出数据头到本地风场结果文件
12:09:51 >>>  输出数据头到本地风场结果文件
12:09:51 >>>  输出数据头到本地风场结果文件
12:09:51 >>>  输出数据头到本地风场结果文件
12:09:51 >>>  输出数据头到本地风场结果文件
12:09:52 >>>  输出数据头到本地风场结果文件
12:09:52 >>>  反演背景风场...
12:09:59 >>>  背景风场反演完成
12:10:00 >>>  开始反演精细风场...
12:10:13 >>>  输出风场反演结果成功
12:10:13 >>>  输出DIAMOND 131格式结果
12:10:13 >>>  本次反演过程完成
12:14:56 >>>  调用反演模块
12:14:56 >>>  获取配置信息成功,继续下一步
12:14:56 >>>  获取各站径向速度格点数据
12:14:57 >>>  创建本地风场结果文件
12:14:57 >>>  输出数据头到本地风场结果文件
12:14:57 >>>  输出数据头到本地风场结果文件
12:14:57 >>>  输出数据头到本地风场结果文件
12:14:57 >>>  输出数据头到本地风场结果文件
12:14:57 >>>  输出数据头到本地风场结果文件
12:14:57 >>>  输出数据头到本地风场结果文件
12:14:58 >>>  输出数据头到本地风场结果文件
12:14:58 >>>  反演背景风场...
12:15:06 >>>  背景风场反演完成
12:15:06 >>>  开始反演精细风场...
12:15:19 >>>  输出风场反演结果成功
12:15:19 >>>  输出DIAMOND 131格式结果
12:15:19 >>>  本次反演过程完成
12:20:05 >>>  调用反演模块
12:20:05 >>>  获取配置信息成功,继续下一步
12:20:05 >>>  获取各站径向速度格点数据
12:20:05 >>>  创建本地风场结果文件
12:20:05 >>>  输出数据头到本地风场结果文件
12:20:05 >>>  输出数据头到本地风场结果文件
12:20:06 >>>  输出数据头到本地风场结果文件
12:20:06 >>>  输出数据头到本地风场结果文件
12:20:06 >>>  输出数据头到本地风场结果文件
12:20:06 >>>  输出数据头到本地风场结果文件
12:20:06 >>>  输出数据头到本地风场结果文件
12:20:06 >>>  反演背景风场...
12:20:14 >>>  背景风场反演完成
12:20:14 >>>  开始反演精细风场...
12:20:28 >>>  输出风场反演结果成功
12:20:28 >>>  输出DIAMOND 131格式结果
12:20:28 >>>  本次反演过程完成
12:25:10 >>>  调用反演模块
12:25:10 >>>  获取配置信息成功,继续下一步
12:25:10 >>>  获取各站径向速度格点数据
12:25:10 >>>  创建本地风场结果文件
12:25:10 >>>  输出数据头到本地风场结果文件
12:25:10 >>>  输出数据头到本地风场结果文件
12:25:11 >>>  输出数据头到本地风场结果文件
12:25:11 >>>  输出数据头到本地风场结果文件
12:25:11 >>>  输出数据头到本地风场结果文件
12:25:11 >>>  输出数据头到本地风场结果文件
12:25:11 >>>  输出数据头到本地风场结果文件
12:25:11 >>>  反演背景风场...
12:25:19 >>>  背景风场反演完成
12:25:19 >>>  开始反演精细风场...
12:25:33 >>>  输出风场反演结果成功
12:25:33 >>>  输出DIAMOND 131格式结果
12:25:33 >>>  本次反演过程完成
12:30:14 >>>  调用反演模块
12:30:14 >>>  获取配置信息成功,继续下一步
12:30:14 >>>  获取各站径向速度格点数据
12:30:14 >>>  创建本地风场结果文件
12:30:14 >>>  输出数据头到本地风场结果文件
12:30:14 >>>  输出数据头到本地风场结果文件
12:30:14 >>>  输出数据头到本地风场结果文件
12:30:14 >>>  输出数据头到本地风场结果文件
12:30:14 >>>  输出数据头到本地风场结果文件
12:30:14 >>>  输出数据头到本地风场结果文件
12:30:15 >>>  输出数据头到本地风场结果文件
12:30:15 >>>  反演背景风场...
12:30:22 >>>  背景风场反演完成
12:30:23 >>>  开始反演精细风场...
12:30:36 >>>  输出风场反演结果成功
12:30:36 >>>  输出DIAMOND 131格式结果
12:30:36 >>>  本次反演过程完成
12:35:17 >>>  调用反演模块
12:35:17 >>>  获取配置信息成功,继续下一步
12:35:17 >>>  获取各站径向速度格点数据
12:35:17 >>>  创建本地风场结果文件
12:35:17 >>>  输出数据头到本地风场结果文件
12:35:18 >>>  输出数据头到本地风场结果文件
12:35:18 >>>  输出数据头到本地风场结果文件
12:35:18 >>>  输出数据头到本地风场结果文件
12:35:18 >>>  输出数据头到本地风场结果文件
12:35:18 >>>  输出数据头到本地风场结果文件
12:35:19 >>>  输出数据头到本地风场结果文件
12:35:19 >>>  反演背景风场...
12:35:27 >>>  背景风场反演完成
12:35:27 >>>  开始反演精细风场...
12:35:40 >>>  输出风场反演结果成功
12:35:40 >>>  输出DIAMOND 131格式结果
12:35:40 >>>  本次反演过程完成
12:40:22 >>>  调用反演模块
12:40:22 >>>  获取配置信息成功,继续下一步
12:40:22 >>>  获取各站径向速度格点数据
12:40:22 >>>  创建本地风场结果文件
12:40:22 >>>  输出数据头到本地风场结果文件
12:40:22 >>>  输出数据头到本地风场结果文件
12:40:22 >>>  输出数据头到本地风场结果文件
12:40:22 >>>  输出数据头到本地风场结果文件
12:40:23 >>>  输出数据头到本地风场结果文件
12:40:23 >>>  输出数据头到本地风场结果文件
12:40:23 >>>  输出数据头到本地风场结果文件
12:40:23 >>>  反演背景风场...
12:40:31 >>>  背景风场反演完成
12:40:31 >>>  开始反演精细风场...
12:40:44 >>>  输出风场反演结果成功
12:40:44 >>>  输出DIAMOND 131格式结果
12:40:45 >>>  本次反演过程完成
12:45:26 >>>  调用反演模块
12:45:26 >>>  获取配置信息成功,继续下一步
12:45:26 >>>  获取各站径向速度格点数据
12:45:26 >>>  创建本地风场结果文件
12:45:26 >>>  输出数据头到本地风场结果文件
12:45:26 >>>  输出数据头到本地风场结果文件
12:45:26 >>>  输出数据头到本地风场结果文件
12:45:26 >>>  输出数据头到本地风场结果文件
12:45:27 >>>  输出数据头到本地风场结果文件
12:45:27 >>>  输出数据头到本地风场结果文件
12:45:27 >>>  输出数据头到本地风场结果文件
12:45:27 >>>  反演背景风场...
12:45:35 >>>  背景风场反演完成
12:45:35 >>>  开始反演精细风场...
12:45:48 >>>  输出风场反演结果成功
12:45:48 >>>  输出DIAMOND 131格式结果
12:45:48 >>>  本次反演过程完成
12:50:28 >>>  调用反演模块
12:50:28 >>>  获取配置信息成功,继续下一步
12:50:28 >>>  获取各站径向速度格点数据
12:50:29 >>>  创建本地风场结果文件
12:50:29 >>>  输出数据头到本地风场结果文件
12:50:29 >>>  输出数据头到本地风场结果文件
12:50:29 >>>  输出数据头到本地风场结果文件
12:50:29 >>>  输出数据头到本地风场结果文件
12:50:29 >>>  输出数据头到本地风场结果文件
12:50:30 >>>  输出数据头到本地风场结果文件
12:50:30 >>>  输出数据头到本地风场结果文件
12:50:30 >>>  反演背景风场...
12:50:38 >>>  背景风场反演完成
12:50:38 >>>  开始反演精细风场...
12:50:51 >>>  输出风场反演结果成功
12:50:51 >>>  输出DIAMOND 131格式结果
12:50:51 >>>  本次反演过程完成
12:55:32 >>>  调用反演模块
12:55:32 >>>  获取配置信息成功,继续下一步
12:55:32 >>>  获取各站径向速度格点数据
12:55:32 >>>  创建本地风场结果文件
12:55:32 >>>  输出数据头到本地风场结果文件
12:55:32 >>>  输出数据头到本地风场结果文件
12:55:33 >>>  输出数据头到本地风场结果文件
12:55:33 >>>  输出数据头到本地风场结果文件
12:55:33 >>>  输出数据头到本地风场结果文件
12:55:33 >>>  输出数据头到本地风场结果文件
12:55:33 >>>  输出数据头到本地风场结果文件
12:55:33 >>>  反演背景风场...
12:55:41 >>>  背景风场反演完成
12:55:41 >>>  开始反演精细风场...
12:55:54 >>>  输出风场反演结果成功
12:55:54 >>>  输出DIAMOND 131格式结果
12:55:55 >>>  本次反演过程完成
13:00:36 >>>  调用反演模块
13:00:36 >>>  获取配置信息成功,继续下一步
13:00:36 >>>  获取各站径向速度格点数据
13:00:36 >>>  创建本地风场结果文件
13:00:36 >>>  输出数据头到本地风场结果文件
13:00:36 >>>  输出数据头到本地风场结果文件
13:00:36 >>>  输出数据头到本地风场结果文件
13:00:36 >>>  输出数据头到本地风场结果文件
13:00:36 >>>  输出数据头到本地风场结果文件
13:00:37 >>>  输出数据头到本地风场结果文件
13:00:37 >>>  输出数据头到本地风场结果文件
13:00:37 >>>  反演背景风场...
13:00:45 >>>  背景风场反演完成
13:00:45 >>>  开始反演精细风场...
13:00:58 >>>  输出风场反演结果成功
13:00:58 >>>  输出DIAMOND 131格式结果
13:00:58 >>>  本次反演过程完成
13:05:39 >>>  调用反演模块
13:05:39 >>>  获取配置信息成功,继续下一步
13:05:39 >>>  获取各站径向速度格点数据
13:05:39 >>>  创建本地风场结果文件
13:05:39 >>>  输出数据头到本地风场结果文件
13:05:39 >>>  输出数据头到本地风场结果文件
13:05:39 >>>  输出数据头到本地风场结果文件
13:05:39 >>>  输出数据头到本地风场结果文件
13:05:40 >>>  输出数据头到本地风场结果文件
13:05:40 >>>  输出数据头到本地风场结果文件
13:05:40 >>>  输出数据头到本地风场结果文件
13:05:40 >>>  反演背景风场...
13:05:48 >>>  背景风场反演完成
13:05:48 >>>  开始反演精细风场...
13:06:02 >>>  输出风场反演结果成功
13:06:02 >>>  输出DIAMOND 131格式结果
13:06:02 >>>  本次反演过程完成
13:10:42 >>>  调用反演模块
13:10:42 >>>  获取配置信息成功,继续下一步
13:10:42 >>>  获取各站径向速度格点数据
13:10:42 >>>  创建本地风场结果文件
13:10:42 >>>  输出数据头到本地风场结果文件
13:10:42 >>>  输出数据头到本地风场结果文件
13:10:43 >>>  输出数据头到本地风场结果文件
13:10:43 >>>  输出数据头到本地风场结果文件
13:10:43 >>>  输出数据头到本地风场结果文件
13:10:43 >>>  输出数据头到本地风场结果文件
13:10:43 >>>  输出数据头到本地风场结果文件
13:10:44 >>>  反演背景风场...
13:10:51 >>>  背景风场反演完成
13:10:52 >>>  开始反演精细风场...
13:11:05 >>>  输出风场反演结果成功
13:11:05 >>>  输出DIAMOND 131格式结果
13:11:05 >>>  本次反演过程完成
13:15:46 >>>  调用反演模块
13:15:46 >>>  获取配置信息成功,继续下一步
13:15:46 >>>  获取各站径向速度格点数据
13:15:46 >>>  创建本地风场结果文件
13:15:46 >>>  输出数据头到本地风场结果文件
13:15:46 >>>  输出数据头到本地风场结果文件
13:15:47 >>>  输出数据头到本地风场结果文件
13:15:47 >>>  输出数据头到本地风场结果文件
13:15:47 >>>  输出数据头到本地风场结果文件
13:15:47 >>>  输出数据头到本地风场结果文件
13:15:47 >>>  输出数据头到本地风场结果文件
13:15:47 >>>  反演背景风场...
13:15:55 >>>  背景风场反演完成
13:15:55 >>>  开始反演精细风场...
13:16:08 >>>  输出风场反演结果成功
13:16:08 >>>  输出DIAMOND 131格式结果
13:16:09 >>>  本次反演过程完成
13:20:51 >>>  调用反演模块
13:20:51 >>>  获取配置信息成功,继续下一步
13:20:51 >>>  获取各站径向速度格点数据
13:20:51 >>>  创建本地风场结果文件
13:20:51 >>>  输出数据头到本地风场结果文件
13:20:51 >>>  输出数据头到本地风场结果文件
13:20:51 >>>  输出数据头到本地风场结果文件
13:20:51 >>>  输出数据头到本地风场结果文件
13:20:52 >>>  输出数据头到本地风场结果文件
13:20:52 >>>  输出数据头到本地风场结果文件
13:20:52 >>>  输出数据头到本地风场结果文件
13:20:52 >>>  反演背景风场...
13:21:00 >>>  背景风场反演完成
13:21:01 >>>  开始反演精细风场...
13:21:13 >>>  输出风场反演结果成功
13:21:13 >>>  输出DIAMOND 131格式结果
13:21:14 >>>  本次反演过程完成
13:25:59 >>>  调用反演模块
13:25:59 >>>  获取配置信息成功,继续下一步
13:25:59 >>>  获取各站径向速度格点数据
13:25:59 >>>  创建本地风场结果文件
13:25:59 >>>  输出数据头到本地风场结果文件
13:25:59 >>>  输出数据头到本地风场结果文件
13:25:59 >>>  输出数据头到本地风场结果文件
13:25:59 >>>  输出数据头到本地风场结果文件
13:26:00 >>>  输出数据头到本地风场结果文件
13:26:00 >>>  输出数据头到本地风场结果文件
13:26:00 >>>  输出数据头到本地风场结果文件
13:26:00 >>>  反演背景风场...
13:26:09 >>>  背景风场反演完成
13:26:09 >>>  开始反演精细风场...
13:26:22 >>>  输出风场反演结果成功
13:26:22 >>>  输出DIAMOND 131格式结果
13:26:22 >>>  本次反演过程完成
13:31:07 >>>  调用反演模块
13:31:07 >>>  获取配置信息成功,继续下一步
13:31:07 >>>  获取各站径向速度格点数据
13:31:08 >>>  创建本地风场结果文件
13:31:08 >>>  输出数据头到本地风场结果文件
13:31:08 >>>  输出数据头到本地风场结果文件
13:31:08 >>>  输出数据头到本地风场结果文件
13:31:09 >>>  输出数据头到本地风场结果文件
13:31:09 >>>  输出数据头到本地风场结果文件
13:31:09 >>>  输出数据头到本地风场结果文件
13:31:09 >>>  输出数据头到本地风场结果文件
13:31:09 >>>  反演背景风场...
13:31:17 >>>  背景风场反演完成
13:31:17 >>>  开始反演精细风场...
13:31:31 >>>  输出风场反演结果成功
13:31:31 >>>  输出DIAMOND 131格式结果
13:31:31 >>>  本次反演过程完成
13:36:17 >>>  调用反演模块
13:36:17 >>>  获取配置信息成功,继续下一步
13:36:17 >>>  获取各站径向速度格点数据
13:36:17 >>>  创建本地风场结果文件
13:36:17 >>>  输出数据头到本地风场结果文件
13:36:17 >>>  输出数据头到本地风场结果文件
13:36:18 >>>  输出数据头到本地风场结果文件
13:36:18 >>>  输出数据头到本地风场结果文件
13:36:18 >>>  输出数据头到本地风场结果文件
13:36:18 >>>  输出数据头到本地风场结果文件
13:36:18 >>>  输出数据头到本地风场结果文件
13:36:18 >>>  反演背景风场...
13:36:26 >>>  背景风场反演完成
13:36:27 >>>  开始反演精细风场...
13:36:40 >>>  输出风场反演结果成功
13:36:40 >>>  输出DIAMOND 131格式结果
13:36:40 >>>  本次反演过程完成
13:41:30 >>>  调用反演模块
13:41:30 >>>  获取配置信息成功,继续下一步
13:41:30 >>>  获取各站径向速度格点数据
13:41:30 >>>  创建本地风场结果文件
13:41:30 >>>  输出数据头到本地风场结果文件
13:41:30 >>>  输出数据头到本地风场结果文件
13:41:31 >>>  输出数据头到本地风场结果文件
13:41:31 >>>  输出数据头到本地风场结果文件
13:41:31 >>>  输出数据头到本地风场结果文件
13:41:31 >>>  输出数据头到本地风场结果文件
13:41:31 >>>  输出数据头到本地风场结果文件
13:41:31 >>>  反演背景风场...
13:41:39 >>>  背景风场反演完成
13:41:39 >>>  开始反演精细风场...
13:41:52 >>>  输出风场反演结果成功
13:41:52 >>>  输出DIAMOND 131格式结果
13:41:53 >>>  本次反演过程完成
13:46:32 >>>  调用反演模块
13:46:32 >>>  获取配置信息成功,继续下一步
13:46:32 >>>  获取各站径向速度格点数据
13:46:32 >>>  创建本地风场结果文件
13:46:32 >>>  输出数据头到本地风场结果文件
13:46:32 >>>  输出数据头到本地风场结果文件
13:46:32 >>>  输出数据头到本地风场结果文件
13:46:32 >>>  输出数据头到本地风场结果文件
13:46:33 >>>  输出数据头到本地风场结果文件
13:46:33 >>>  输出数据头到本地风场结果文件
13:46:33 >>>  输出数据头到本地风场结果文件
13:46:33 >>>  反演背景风场...
13:46:41 >>>  背景风场反演完成
13:46:41 >>>  开始反演精细风场...
13:46:54 >>>  输出风场反演结果成功
13:46:54 >>>  输出DIAMOND 131格式结果
13:46:54 >>>  本次反演过程完成
13:51:38 >>>  调用反演模块
13:51:38 >>>  获取配置信息成功,继续下一步
13:51:38 >>>  获取各站径向速度格点数据
13:51:39 >>>  创建本地风场结果文件
13:51:39 >>>  输出数据头到本地风场结果文件
13:51:39 >>>  输出数据头到本地风场结果文件
13:51:40 >>>  输出数据头到本地风场结果文件
13:51:40 >>>  输出数据头到本地风场结果文件
13:51:40 >>>  输出数据头到本地风场结果文件
13:51:41 >>>  输出数据头到本地风场结果文件
13:51:41 >>>  输出数据头到本地风场结果文件
13:51:41 >>>  反演背景风场...
13:51:49 >>>  背景风场反演完成
13:51:50 >>>  开始反演精细风场...
13:52:03 >>>  输出风场反演结果成功
13:52:03 >>>  输出DIAMOND 131格式结果
13:52:03 >>>  本次反演过程完成
13:56:44 >>>  调用反演模块
13:56:44 >>>  获取配置信息成功,继续下一步
13:56:44 >>>  获取各站径向速度格点数据
13:56:45 >>>  创建本地风场结果文件
13:56:45 >>>  输出数据头到本地风场结果文件
13:56:45 >>>  输出数据头到本地风场结果文件
13:56:46 >>>  输出数据头到本地风场结果文件
13:56:46 >>>  输出数据头到本地风场结果文件
13:56:47 >>>  输出数据头到本地风场结果文件
13:56:47 >>>  输出数据头到本地风场结果文件
13:56:47 >>>  输出数据头到本地风场结果文件
13:56:47 >>>  反演背景风场...
13:56:55 >>>  背景风场反演完成
13:56:55 >>>  开始反演精细风场...
13:57:08 >>>  输出风场反演结果成功
13:57:08 >>>  输出DIAMOND 131格式结果
13:57:08 >>>  本次反演过程完成
14:01:52 >>>  调用反演模块
14:01:52 >>>  获取配置信息成功,继续下一步
14:01:52 >>>  获取各站径向速度格点数据
14:01:53 >>>  创建本地风场结果文件
14:01:53 >>>  输出数据头到本地风场结果文件
14:01:53 >>>  输出数据头到本地风场结果文件
14:01:53 >>>  输出数据头到本地风场结果文件
14:01:54 >>>  输出数据头到本地风场结果文件
14:01:54 >>>  输出数据头到本地风场结果文件
14:01:55 >>>  输出数据头到本地风场结果文件
14:01:55 >>>  输出数据头到本地风场结果文件
14:01:55 >>>  反演背景风场...
14:02:03 >>>  背景风场反演完成
14:02:03 >>>  开始反演精细风场...
14:02:15 >>>  输出风场反演结果成功
14:02:15 >>>  输出DIAMOND 131格式结果
14:02:15 >>>  本次反演过程完成
14:06:58 >>>  调用反演模块
14:06:59 >>>  获取配置信息成功,继续下一步
14:06:59 >>>  获取各站径向速度格点数据
14:06:59 >>>  创建本地风场结果文件
14:06:59 >>>  输出数据头到本地风场结果文件
14:06:59 >>>  输出数据头到本地风场结果文件
14:06:59 >>>  输出数据头到本地风场结果文件
14:06:59 >>>  输出数据头到本地风场结果文件
14:06:59 >>>  输出数据头到本地风场结果文件
14:06:59 >>>  输出数据头到本地风场结果文件
14:07:00 >>>  输出数据头到本地风场结果文件
14:07:00 >>>  反演背景风场...
14:07:08 >>>  背景风场反演完成
14:07:08 >>>  开始反演精细风场...
14:07:21 >>>  输出风场反演结果成功
14:07:21 >>>  输出DIAMOND 131格式结果
14:07:21 >>>  本次反演过程完成
